-- Install configuration: ""
-- Up-to-date: /home/sage/marc_ws/install/yz_config/share/ament_index/resource_index/package_run_dependencies/yz_config
-- Up-to-date: /home/sage/marc_ws/install/yz_config/share/ament_index/resource_index/parent_prefix_path/yz_config
-- Up-to-date: /home/sage/marc_ws/install/yz_config/share/yz_config/environment/ament_prefix_path.sh
-- Up-to-date: /home/sage/marc_ws/install/yz_config/share/yz_config/environment/ament_prefix_path.dsv
-- Up-to-date: /home/sage/marc_ws/install/yz_config/share/yz_config/environment/path.sh
-- Up-to-date: /home/sage/marc_ws/install/yz_config/share/yz_config/environment/path.dsv
-- Up-to-date: /home/sage/marc_ws/install/yz_config/share/yz_config/local_setup.bash
-- Up-to-date: /home/sage/marc_ws/install/yz_config/share/yz_config/local_setup.sh
-- Up-to-date: /home/sage/marc_ws/install/yz_config/share/yz_config/local_setup.zsh
-- Up-to-date: /home/sage/marc_ws/install/yz_config/share/yz_config/local_setup.dsv
-- Up-to-date: /home/sage/marc_ws/install/yz_config/share/yz_config/package.dsv
-- Up-to-date: /home/sage/marc_ws/install/yz_config/share/ament_index/resource_index/packages/yz_config
-- Up-to-date: /home/sage/marc_ws/install/yz_config/share/yz_config/cmake/yz_configConfig.cmake
-- Up-to-date: /home/sage/marc_ws/install/yz_config/share/yz_config/cmake/yz_configConfig-version.cmake
-- Up-to-date: /home/sage/marc_ws/install/yz_config/share/yz_config/package.xml
-- Up-to-date: /home/sage/marc_ws/install/yz_config/share/yz_config/launch
-- Up-to-date: /home/sage/marc_ws/install/yz_config/share/yz_config/launch/demo.launch.py
-- Up-to-date: /home/sage/marc_ws/install/yz_config/share/yz_config/launch/static_virtual_joint_tfs.launch.py
-- Up-to-date: /home/sage/marc_ws/install/yz_config/share/yz_config/launch/warehouse_db.launch.py
-- Up-to-date: /home/sage/marc_ws/install/yz_config/share/yz_config/launch/rsp.launch.py
-- Up-to-date: /home/sage/marc_ws/install/yz_config/share/yz_config/launch/spawn_controllers.launch.py
-- Up-to-date: /home/sage/marc_ws/install/yz_config/share/yz_config/launch/moveit_rviz.launch.py
-- Up-to-date: /home/sage/marc_ws/install/yz_config/share/yz_config/launch/move_group.launch.py
-- Up-to-date: /home/sage/marc_ws/install/yz_config/share/yz_config/launch/setup_assistant.launch.py
-- Up-to-date: /home/sage/marc_ws/install/yz_config/share/yz_config/config
-- Up-to-date: /home/sage/marc_ws/install/yz_config/share/yz_config/config/joint_limits.yaml
-- Up-to-date: /home/sage/marc_ws/install/yz_config/share/yz_config/config/marc_urdf.ros2_control.xacro
-- Up-to-date: /home/sage/marc_ws/install/yz_config/share/yz_config/config/initial_positions.yaml
-- Up-to-date: /home/sage/marc_ws/install/yz_config/share/yz_config/config/moveit.rviz
-- Up-to-date: /home/sage/marc_ws/install/yz_config/share/yz_config/config/ros2_controllers.yaml
-- Up-to-date: /home/sage/marc_ws/install/yz_config/share/yz_config/config/moveit_controllers.yaml
-- Up-to-date: /home/sage/marc_ws/install/yz_config/share/yz_config/config/marc_urdf.urdf.xacro
-- Up-to-date: /home/sage/marc_ws/install/yz_config/share/yz_config/config/kinematics.yaml
-- Up-to-date: /home/sage/marc_ws/install/yz_config/share/yz_config/config/pilz_cartesian_limits.yaml
-- Up-to-date: /home/sage/marc_ws/install/yz_config/share/yz_config/config/marc_urdf.srdf
-- Up-to-date: /home/sage/marc_ws/install/yz_config/share/yz_config/.setup_assistant
