[0.010s] Invoking command in '/home/sage/marc_ws/build/marc': CMAKE_PREFIX_PATH=${CMAKE_PREFIX_PATH}:/home/sage/microros_ws/install/sensor_msgs_py:/home/sage/ros/install/my_robo:/home/sage/ros/install/cartographer_launch:/home/sage/ros/install/assign:/opt/ros/humble /usr/bin/cmake /home/sage/marc_ws/src/marc -DCMAKE_INSTALL_PREFIX=/home/sage/marc_ws/install/marc
[0.066s] -- The C compiler identification is GNU 11.4.0
[0.109s] -- The CXX compiler identification is GNU 11.4.0
[0.114s] -- Detecting C compiler ABI info
[0.177s] -- Detecting C compiler ABI info - done
[0.184s] -- Check for working C compiler: /usr/bin/cc - skipped
[0.184s] -- Detecting C compile features
[0.184s] -- Detecting C compile features - done
[0.186s] -- Detecting CXX compiler ABI info
[0.251s] -- Detecting CXX compiler ABI info - done
[0.257s] -- Check for working CXX compiler: /usr/bin/c++ - skipped
[0.258s] -- Detecting CXX compile features
[0.258s] -- Detecting CXX compile features - done
[0.261s] -- Found ament_cmake: 1.3.9 (/opt/ros/humble/share/ament_cmake/cmake)
[0.542s] -- Found Python3: /usr/bin/python3 (found version "3.10.12") found components: Interpreter 
[0.675s] -- Configuring done
[0.676s] -- Generating done
[0.676s] -- Build files have been written to: /home/sage/marc_ws/build/marc
[0.679s] Invoked command in '/home/sage/marc_ws/build/marc' returned '0': CMAKE_PREFIX_PATH=${CMAKE_PREFIX_PATH}:/home/sage/microros_ws/install/sensor_msgs_py:/home/sage/ros/install/my_robo:/home/sage/ros/install/cartographer_launch:/home/sage/ros/install/assign:/opt/ros/humble /usr/bin/cmake /home/sage/marc_ws/src/marc -DCMAKE_INSTALL_PREFIX=/home/sage/marc_ws/install/marc
[0.680s] Invoking command in '/home/sage/marc_ws/build/marc': CMAKE_PREFIX_PATH=${CMAKE_PREFIX_PATH}:/home/sage/microros_ws/install/sensor_msgs_py:/home/sage/ros/install/my_robo:/home/sage/ros/install/cartographer_launch:/home/sage/ros/install/assign:/opt/ros/humble /usr/bin/cmake --build /home/sage/marc_ws/build/marc -- -j16 -l16
[0.715s] Invoked command in '/home/sage/marc_ws/build/marc' returned '0': CMAKE_PREFIX_PATH=${CMAKE_PREFIX_PATH}:/home/sage/microros_ws/install/sensor_msgs_py:/home/sage/ros/install/my_robo:/home/sage/ros/install/cartographer_launch:/home/sage/ros/install/assign:/opt/ros/humble /usr/bin/cmake --build /home/sage/marc_ws/build/marc -- -j16 -l16
[0.748s] Invoking command in '/home/sage/marc_ws/build/marc': CMAKE_PREFIX_PATH=${CMAKE_PREFIX_PATH}:/home/sage/microros_ws/install/sensor_msgs_py:/home/sage/ros/install/my_robo:/home/sage/ros/install/cartographer_launch:/home/sage/ros/install/assign:/opt/ros/humble /usr/bin/cmake --install /home/sage/marc_ws/build/marc
[0.756s] -- Install configuration: ""
[0.756s] -- Installing: /home/sage/marc_ws/install/marc/share/marc/urdf
[0.756s] -- Installing: /home/sage/marc_ws/install/marc/share/marc/urdf/marc.urdf
[0.756s] -- Installing: /home/sage/marc_ws/install/marc/share/marc/urdf/marc.csv
[0.756s] -- Installing: /home/sage/marc_ws/install/marc/share/marc/meshes
[0.756s] -- Installing: /home/sage/marc_ws/install/marc/share/marc/meshes/wrist_link.STL
[0.757s] -- Installing: /home/sage/marc_ws/install/marc/share/marc/meshes/upper_arm_link.STL
[0.758s] -- Installing: /home/sage/marc_ws/install/marc/share/marc/meshes/base_link.STL
[0.761s] -- Installing: /home/sage/marc_ws/install/marc/share/marc/meshes/elbow_link.STL
[0.762s] -- Installing: /home/sage/marc_ws/install/marc/share/marc/meshes/ee_link.STL
[0.763s] -- Installing: /home/sage/marc_ws/install/marc/share/marc/meshes/shoulder_link.STL
[0.763s] -- Installing: /home/sage/marc_ws/install/marc/share/marc/launch
[0.763s] -- Installing: /home/sage/marc_ws/install/marc/share/marc/launch/display.launch
[0.764s] -- Installing: /home/sage/marc_ws/install/marc/share/marc/launch/gazebo.launch
[0.764s] -- Installing: /home/sage/marc_ws/install/marc/lib/marc/detector_click.py
[0.764s] -- Installing: /home/sage/marc_ws/install/marc/share/ament_index/resource_index/package_run_dependencies/marc
[0.764s] -- Installing: /home/sage/marc_ws/install/marc/share/ament_index/resource_index/parent_prefix_path/marc
[0.764s] -- Installing: /home/sage/marc_ws/install/marc/share/marc/environment/ament_prefix_path.sh
[0.764s] -- Installing: /home/sage/marc_ws/install/marc/share/marc/environment/ament_prefix_path.dsv
[0.764s] -- Installing: /home/sage/marc_ws/install/marc/share/marc/environment/path.sh
[0.764s] -- Installing: /home/sage/marc_ws/install/marc/share/marc/environment/path.dsv
[0.764s] -- Installing: /home/sage/marc_ws/install/marc/share/marc/local_setup.bash
[0.765s] -- Installing: /home/sage/marc_ws/install/marc/share/marc/local_setup.sh
[0.765s] -- Installing: /home/sage/marc_ws/install/marc/share/marc/local_setup.zsh
[0.765s] -- Installing: /home/sage/marc_ws/install/marc/share/marc/local_setup.dsv
[0.765s] -- Installing: /home/sage/marc_ws/install/marc/share/marc/package.dsv
[0.765s] -- Installing: /home/sage/marc_ws/install/marc/share/ament_index/resource_index/packages/marc
[0.765s] -- Installing: /home/sage/marc_ws/install/marc/share/marc/cmake/marcConfig.cmake
[0.765s] -- Installing: /home/sage/marc_ws/install/marc/share/marc/cmake/marcConfig-version.cmake
[0.765s] -- Installing: /home/sage/marc_ws/install/marc/share/marc/package.xml
[0.766s] Invoked command in '/home/sage/marc_ws/build/marc' returned '0': CMAKE_PREFIX_PATH=${CMAKE_PREFIX_PATH}:/home/sage/microros_ws/install/sensor_msgs_py:/home/sage/ros/install/my_robo:/home/sage/ros/install/cartographer_launch:/home/sage/ros/install/assign:/opt/ros/humble /usr/bin/cmake --install /home/sage/marc_ws/build/marc
