[0.011s] Invoking command in '/home/sage/marc_ws/build/marc': CMAKE_PREFIX_PATH=${CMAKE_PREFIX_PATH}:/home/sage/microros_ws/install/sensor_msgs_py:/home/sage/ros/install/my_robo:/home/sage/ros/install/cartographer_launch:/home/sage/ros/install/assign:/opt/ros/humble /usr/bin/cmake --build /home/sage/marc_ws/build/marc -- -j16 -l16
[0.043s] Invoked command in '/home/sage/marc_ws/build/marc' returned '0': CMAKE_PREFIX_PATH=${CMAKE_PREFIX_PATH}:/home/sage/microros_ws/install/sensor_msgs_py:/home/sage/ros/install/my_robo:/home/sage/ros/install/cartographer_launch:/home/sage/ros/install/assign:/opt/ros/humble /usr/bin/cmake --build /home/sage/marc_ws/build/marc -- -j16 -l16
[0.078s] Invoking command in '/home/sage/marc_ws/build/marc': CMAKE_PREFIX_PATH=${CMAKE_PREFIX_PATH}:/home/sage/microros_ws/install/sensor_msgs_py:/home/sage/ros/install/my_robo:/home/sage/ros/install/cartographer_launch:/home/sage/ros/install/assign:/opt/ros/humble /usr/bin/cmake --install /home/sage/marc_ws/build/marc
[0.086s] -- Install configuration: ""
[0.086s] -- Up-to-date: /home/sage/marc_ws/install/marc/share/marc/urdf
[0.086s] -- Up-to-date: /home/sage/marc_ws/install/marc/share/marc/urdf/marc.urdf
[0.086s] -- Up-to-date: /home/sage/marc_ws/install/marc/share/marc/urdf/marc.csv
[0.086s] -- Up-to-date: /home/sage/marc_ws/install/marc/share/marc/meshes
[0.086s] -- Up-to-date: /home/sage/marc_ws/install/marc/share/marc/meshes/wrist_link.STL
[0.086s] -- Up-to-date: /home/sage/marc_ws/install/marc/share/marc/meshes/upper_arm_link.STL
[0.086s] -- Up-to-date: /home/sage/marc_ws/install/marc/share/marc/meshes/base_link.STL
[0.086s] -- Up-to-date: /home/sage/marc_ws/install/marc/share/marc/meshes/elbow_link.STL
[0.086s] -- Up-to-date: /home/sage/marc_ws/install/marc/share/marc/meshes/ee_link.STL
[0.087s] -- Up-to-date: /home/sage/marc_ws/install/marc/share/marc/meshes/shoulder_link.STL
[0.087s] -- Up-to-date: /home/sage/marc_ws/install/marc/share/marc/launch
[0.087s] -- Up-to-date: /home/sage/marc_ws/install/marc/share/marc/launch/display.launch
[0.087s] -- Up-to-date: /home/sage/marc_ws/install/marc/share/marc/launch/gazebo.launch
[0.087s] -- Up-to-date: /home/sage/marc_ws/install/marc/lib/marc/detector_click.py
[0.087s] -- Up-to-date: /home/sage/marc_ws/install/marc/share/ament_index/resource_index/package_run_dependencies/marc
[0.087s] -- Up-to-date: /home/sage/marc_ws/install/marc/share/ament_index/resource_index/parent_prefix_path/marc
[0.087s] -- Up-to-date: /home/sage/marc_ws/install/marc/share/marc/environment/ament_prefix_path.sh
[0.087s] -- Up-to-date: /home/sage/marc_ws/install/marc/share/marc/environment/ament_prefix_path.dsv
[0.088s] -- Up-to-date: /home/sage/marc_ws/install/marc/share/marc/environment/path.sh
[0.088s] -- Up-to-date: /home/sage/marc_ws/install/marc/share/marc/environment/path.dsv
[0.088s] -- Up-to-date: /home/sage/marc_ws/install/marc/share/marc/local_setup.bash
[0.089s] -- Up-to-date: /home/sage/marc_ws/install/marc/share/marc/local_setup.sh
[0.089s] -- Up-to-date: /home/sage/marc_ws/install/marc/share/marc/local_setup.zsh
[0.089s] -- Up-to-date: /home/sage/marc_ws/install/marc/share/marc/local_setup.dsv
[0.089s] -- Installing: /home/sage/marc_ws/install/marc/share/marc/package.dsv
[0.089s] -- Up-to-date: /home/sage/marc_ws/install/marc/share/ament_index/resource_index/packages/marc
[0.090s] -- Up-to-date: /home/sage/marc_ws/install/marc/share/marc/cmake/marcConfig.cmake
[0.090s] -- Up-to-date: /home/sage/marc_ws/install/marc/share/marc/cmake/marcConfig-version.cmake
[0.090s] -- Up-to-date: /home/sage/marc_ws/install/marc/share/marc/package.xml
[0.091s] Invoked command in '/home/sage/marc_ws/build/marc' returned '0': CMAKE_PREFIX_PATH=${CMAKE_PREFIX_PATH}:/home/sage/microros_ws/install/sensor_msgs_py:/home/sage/ros/install/my_robo:/home/sage/ros/install/cartographer_launch:/home/sage/ros/install/assign:/opt/ros/humble /usr/bin/cmake --install /home/sage/marc_ws/build/marc
