[0.070s] [34mcolcon[0m [1;30mDEBUG[0m [32mCommand line arguments: ['/usr/bin/colcon', 'build', '--allow-overriding', 'marc_urdf'][0m
[0.070s] [34mcolcon[0m [1;30mDEBUG[0m [32mParsed command line arguments: Namespace(log_base=None, log_level=None, verb_name='build', build_base='build', install_base='install', merge_install=False, symlink_install=False, test_result_base=None, continue_on_error=False, executor='parallel', parallel_workers=16, event_handlers=None, ignore_user_meta=False, metas=['./colcon.meta'], base_paths=['.'], packages_ignore=None, packages_ignore_regex=None, paths=None, packages_up_to=None, packages_up_to_regex=None, packages_above=None, packages_above_and_dependencies=None, packages_above_depth=None, packages_select_by_dep=None, packages_skip_by_dep=None, packages_skip_up_to=None, packages_select_build_failed=False, packages_skip_build_finished=False, packages_select_test_failures=False, packages_skip_test_passed=False, packages_select=None, packages_skip=None, packages_select_regex=None, packages_skip_regex=None, packages_start=None, packages_end=None, allow_overriding=['marc_urdf'], cmake_args=None, cmake_target=None, cmake_target_skip_unavailable=False, cmake_clean_cache=False, cmake_clean_first=False, cmake_force_configure=False, ament_cmake_args=None, catkin_cmake_args=None, catkin_skip_building_tests=False, verb_parser=<colcon_defaults.argument_parser.defaults.DefaultArgumentsDecorator object at 0x7d274404c670>, verb_extension=<colcon_core.verb.build.BuildVerb object at 0x7d274404c190>, main=<bound method BuildVerb.main of <colcon_core.verb.build.BuildVerb object at 0x7d274404c190>>)[0m
[0.092s] [34mcolcon.colcon_core.package_discovery[0m [1;30mLevel 1[0m discover_packages(colcon_meta) check parameters
[0.092s] [34mcolcon.colcon_core.package_discovery[0m [1;30mLevel 1[0m discover_packages(recursive) check parameters
[0.092s] [34mcolcon.colcon_core.package_discovery[0m [1;30mLevel 1[0m discover_packages(ignore) check parameters
[0.092s] [34mcolcon.colcon_core.package_discovery[0m [1;30mLevel 1[0m discover_packages(path) check parameters
[0.092s] [34mcolcon.colcon_core.package_discovery[0m [1;30mLevel 1[0m discover_packages(colcon_meta) discover
[0.092s] [34mcolcon.colcon_core.package_discovery[0m [1;30mLevel 1[0m discover_packages(recursive) discover
[0.092s] [34mcolcon.colcon_core.package_discovery[0m [1;30mINFO[0m Crawling recursively for packages in '/home/sage/marc_ws'
[0.092s] [34mcolcon.colcon_core.package_identification[0m [1;30mLevel 1[0m _identify(.) by extensions ['ignore', 'ignore_ament_install']
[0.092s] [34mcolcon.colcon_core.package_identification[0m [1;30mLevel 1[0m _identify(.) by extension 'ignore'
[0.092s] [34mcolcon.colcon_core.package_identification[0m [1;30mLevel 1[0m _identify(.) by extension 'ignore_ament_install'
[0.092s] [34mcolcon.colcon_core.package_identification[0m [1;30mLevel 1[0m _identify(.) by extensions ['colcon_pkg']
[0.092s] [34mcolcon.colcon_core.package_identification[0m [1;30mLevel 1[0m _identify(.) by extension 'colcon_pkg'
[0.092s] [34mcolcon.colcon_core.package_identification[0m [1;30mLevel 1[0m _identify(.) by extensions ['colcon_meta']
[0.092s] [34mcolcon.colcon_core.package_identification[0m [1;30mLevel 1[0m _identify(.) by extension 'colcon_meta'
[0.092s] [34mcolcon.colcon_core.package_identification[0m [1;30mLevel 1[0m _identify(.) by extensions ['ros']
[0.092s] [34mcolcon.colcon_core.package_identification[0m [1;30mLevel 1[0m _identify(.) by extension 'ros'
[0.101s] [34mcolcon.colcon_core.package_identification[0m [1;30mLevel 1[0m _identify(.) by extensions ['cmake', 'python']
[0.101s] [34mcolcon.colcon_core.package_identification[0m [1;30mLevel 1[0m _identify(.) by extension 'cmake'
[0.101s] [34mcolcon.colcon_core.package_identification[0m [1;30mLevel 1[0m _identify(.) by extension 'python'
[0.101s] [34mcolcon.colcon_core.package_identification[0m [1;30mLevel 1[0m _identify(.) by extensions ['python_setup_py']
[0.101s] [34mcolcon.colcon_core.package_identification[0m [1;30mLevel 1[0m _identify(.) by extension 'python_setup_py'
[0.101s] [34mcolcon.colcon_core.package_identification[0m [1;30mLevel 1[0m _identify(build) by extensions ['ignore', 'ignore_ament_install']
[0.101s] [34mcolcon.colcon_core.package_identification[0m [1;30mLevel 1[0m _identify(build) by extension 'ignore'
[0.101s] [34mcolcon.colcon_core.package_identification[0m [1;30mLevel 1[0m _identify(build) ignored
[0.101s] [34mcolcon.colcon_core.package_identification[0m [1;30mLevel 1[0m _identify(install) by extensions ['ignore', 'ignore_ament_install']
[0.101s] [34mcolcon.colcon_core.package_identification[0m [1;30mLevel 1[0m _identify(install) by extension 'ignore'
[0.102s] [34mcolcon.colcon_core.package_identification[0m [1;30mLevel 1[0m _identify(install) ignored
[0.102s] [34mcolcon.colcon_core.package_identification[0m [1;30mLevel 1[0m _identify(log) by extensions ['ignore', 'ignore_ament_install']
[0.102s] [34mcolcon.colcon_core.package_identification[0m [1;30mLevel 1[0m _identify(log) by extension 'ignore'
[0.102s] [34mcolcon.colcon_core.package_identification[0m [1;30mLevel 1[0m _identify(log) ignored
[0.102s] [34mcolcon.colcon_core.package_identification[0m [1;30mLevel 1[0m _identify(src) by extensions ['ignore', 'ignore_ament_install']
[0.102s] [34mcolcon.colcon_core.package_identification[0m [1;30mLevel 1[0m _identify(src) by extension 'ignore'
[0.102s] [34mcolcon.colcon_core.package_identification[0m [1;30mLevel 1[0m _identify(src) by extension 'ignore_ament_install'
[0.102s] [34mcolcon.colcon_core.package_identification[0m [1;30mLevel 1[0m _identify(src) by extensions ['colcon_pkg']
[0.102s] [34mcolcon.colcon_core.package_identification[0m [1;30mLevel 1[0m _identify(src) by extension 'colcon_pkg'
[0.102s] [34mcolcon.colcon_core.package_identification[0m [1;30mLevel 1[0m _identify(src) by extensions ['colcon_meta']
[0.102s] [34mcolcon.colcon_core.package_identification[0m [1;30mLevel 1[0m _identify(src) by extension 'colcon_meta'
[0.102s] [34mcolcon.colcon_core.package_identification[0m [1;30mLevel 1[0m _identify(src) by extensions ['ros']
[0.102s] [34mcolcon.colcon_core.package_identification[0m [1;30mLevel 1[0m _identify(src) by extension 'ros'
[0.102s] [34mcolcon.colcon_core.package_identification[0m [1;30mLevel 1[0m _identify(src) by extensions ['cmake', 'python']
[0.102s] [34mcolcon.colcon_core.package_identification[0m [1;30mLevel 1[0m _identify(src) by extension 'cmake'
[0.102s] [34mcolcon.colcon_core.package_identification[0m [1;30mLevel 1[0m _identify(src) by extension 'python'
[0.102s] [34mcolcon.colcon_core.package_identification[0m [1;30mLevel 1[0m _identify(src) by extensions ['python_setup_py']
[0.102s] [34mcolcon.colcon_core.package_identification[0m [1;30mLevel 1[0m _identify(src) by extension 'python_setup_py'
[0.102s] [34mcolcon.colcon_core.package_identification[0m [1;30mLevel 1[0m _identify(src/arm_config) by extensions ['ignore', 'ignore_ament_install']
[0.102s] [34mcolcon.colcon_core.package_identification[0m [1;30mLevel 1[0m _identify(src/arm_config) by extension 'ignore'
[0.102s] [34mcolcon.colcon_core.package_identification[0m [1;30mLevel 1[0m _identify(src/arm_config) by extension 'ignore_ament_install'
[0.102s] [34mcolcon.colcon_core.package_identification[0m [1;30mLevel 1[0m _identify(src/arm_config) by extensions ['colcon_pkg']
[0.102s] [34mcolcon.colcon_core.package_identification[0m [1;30mLevel 1[0m _identify(src/arm_config) by extension 'colcon_pkg'
[0.102s] [34mcolcon.colcon_core.package_identification[0m [1;30mLevel 1[0m _identify(src/arm_config) by extensions ['colcon_meta']
[0.102s] [34mcolcon.colcon_core.package_identification[0m [1;30mLevel 1[0m _identify(src/arm_config) by extension 'colcon_meta'
[0.102s] [34mcolcon.colcon_core.package_identification[0m [1;30mLevel 1[0m _identify(src/arm_config) by extensions ['ros']
[0.102s] [34mcolcon.colcon_core.package_identification[0m [1;30mLevel 1[0m _identify(src/arm_config) by extension 'ros'
[0.104s] [34mcolcon.colcon_core.package_identification[0m [1;30mDEBUG[0m [32mPackage 'src/arm_config' with type 'ros.ament_cmake' and name 'arm_config'[0m
[0.104s] [34mcolcon.colcon_core.package_identification[0m [1;30mLevel 1[0m _identify(src/marc) by extensions ['ignore', 'ignore_ament_install']
[0.104s] [34mcolcon.colcon_core.package_identification[0m [1;30mLevel 1[0m _identify(src/marc) by extension 'ignore'
[0.104s] [34mcolcon.colcon_core.package_identification[0m [1;30mLevel 1[0m _identify(src/marc) by extension 'ignore_ament_install'
[0.104s] [34mcolcon.colcon_core.package_identification[0m [1;30mLevel 1[0m _identify(src/marc) by extensions ['colcon_pkg']
[0.104s] [34mcolcon.colcon_core.package_identification[0m [1;30mLevel 1[0m _identify(src/marc) by extension 'colcon_pkg'
[0.104s] [34mcolcon.colcon_core.package_identification[0m [1;30mLevel 1[0m _identify(src/marc) by extensions ['colcon_meta']
[0.104s] [34mcolcon.colcon_core.package_identification[0m [1;30mLevel 1[0m _identify(src/marc) by extension 'colcon_meta'
[0.104s] [34mcolcon.colcon_core.package_identification[0m [1;30mLevel 1[0m _identify(src/marc) by extensions ['ros']
[0.104s] [34mcolcon.colcon_core.package_identification[0m [1;30mLevel 1[0m _identify(src/marc) by extension 'ros'
[0.104s] [34mcolcon.colcon_core.package_identification[0m [1;30mDEBUG[0m [32mPackage 'src/marc' with type 'ros.ament_cmake' and name 'marc'[0m
[0.105s] [34mcolcon.colcon_core.package_identification[0m [1;30mLevel 1[0m _identify(src/marc_urdf) by extensions ['ignore', 'ignore_ament_install']
[0.105s] [34mcolcon.colcon_core.package_identification[0m [1;30mLevel 1[0m _identify(src/marc_urdf) by extension 'ignore'
[0.105s] [34mcolcon.colcon_core.package_identification[0m [1;30mLevel 1[0m _identify(src/marc_urdf) by extension 'ignore_ament_install'
[0.105s] [34mcolcon.colcon_core.package_identification[0m [1;30mLevel 1[0m _identify(src/marc_urdf) by extensions ['colcon_pkg']
[0.105s] [34mcolcon.colcon_core.package_identification[0m [1;30mLevel 1[0m _identify(src/marc_urdf) by extension 'colcon_pkg'
[0.105s] [34mcolcon.colcon_core.package_identification[0m [1;30mLevel 1[0m _identify(src/marc_urdf) by extensions ['colcon_meta']
[0.105s] [34mcolcon.colcon_core.package_identification[0m [1;30mLevel 1[0m _identify(src/marc_urdf) by extension 'colcon_meta'
[0.105s] [34mcolcon.colcon_core.package_identification[0m [1;30mLevel 1[0m _identify(src/marc_urdf) by extensions ['ros']
[0.105s] [34mcolcon.colcon_core.package_identification[0m [1;30mLevel 1[0m _identify(src/marc_urdf) by extension 'ros'
[0.105s] [34mcolcon.colcon_core.package_identification[0m [1;30mDEBUG[0m [32mPackage 'src/marc_urdf' with type 'ros.ament_cmake' and name 'marc_urdf'[0m
[0.105s] [34mcolcon.colcon_core.package_identification[0m [1;30mLevel 1[0m _identify(src/pymoveit2) by extensions ['ignore', 'ignore_ament_install']
[0.105s] [34mcolcon.colcon_core.package_identification[0m [1;30mLevel 1[0m _identify(src/pymoveit2) by extension 'ignore'
[0.105s] [34mcolcon.colcon_core.package_identification[0m [1;30mLevel 1[0m _identify(src/pymoveit2) by extension 'ignore_ament_install'
[0.105s] [34mcolcon.colcon_core.package_identification[0m [1;30mLevel 1[0m _identify(src/pymoveit2) by extensions ['colcon_pkg']
[0.105s] [34mcolcon.colcon_core.package_identification[0m [1;30mLevel 1[0m _identify(src/pymoveit2) by extension 'colcon_pkg'
[0.105s] [34mcolcon.colcon_core.package_identification[0m [1;30mLevel 1[0m _identify(src/pymoveit2) by extensions ['colcon_meta']
[0.105s] [34mcolcon.colcon_core.package_identification[0m [1;30mLevel 1[0m _identify(src/pymoveit2) by extension 'colcon_meta'
[0.105s] [34mcolcon.colcon_core.package_identification[0m [1;30mLevel 1[0m _identify(src/pymoveit2) by extensions ['ros']
[0.105s] [34mcolcon.colcon_core.package_identification[0m [1;30mLevel 1[0m _identify(src/pymoveit2) by extension 'ros'
[0.106s] [34mcolcon.colcon_core.package_identification[0m [1;30mDEBUG[0m [32mPackage 'src/pymoveit2' with type 'ros.ament_cmake' and name 'pymoveit2'[0m
[0.106s] [34mcolcon.colcon_core.package_identification[0m [1;30mLevel 1[0m _identify(src/scripts) by extensions ['ignore', 'ignore_ament_install']
[0.106s] [34mcolcon.colcon_core.package_identification[0m [1;30mLevel 1[0m _identify(src/scripts) by extension 'ignore'
[0.106s] [34mcolcon.colcon_core.package_identification[0m [1;30mLevel 1[0m _identify(src/scripts) by extension 'ignore_ament_install'
[0.106s] [34mcolcon.colcon_core.package_identification[0m [1;30mLevel 1[0m _identify(src/scripts) by extensions ['colcon_pkg']
[0.106s] [34mcolcon.colcon_core.package_identification[0m [1;30mLevel 1[0m _identify(src/scripts) by extension 'colcon_pkg'
[0.106s] [34mcolcon.colcon_core.package_identification[0m [1;30mLevel 1[0m _identify(src/scripts) by extensions ['colcon_meta']
[0.106s] [34mcolcon.colcon_core.package_identification[0m [1;30mLevel 1[0m _identify(src/scripts) by extension 'colcon_meta'
[0.106s] [34mcolcon.colcon_core.package_identification[0m [1;30mLevel 1[0m _identify(src/scripts) by extensions ['ros']
[0.106s] [34mcolcon.colcon_core.package_identification[0m [1;30mLevel 1[0m _identify(src/scripts) by extension 'ros'
[0.106s] [34mcolcon.colcon_core.package_identification[0m [1;30mLevel 1[0m _identify(src/scripts) by extensions ['cmake', 'python']
[0.106s] [34mcolcon.colcon_core.package_identification[0m [1;30mLevel 1[0m _identify(src/scripts) by extension 'cmake'
[0.106s] [34mcolcon.colcon_core.package_identification[0m [1;30mLevel 1[0m _identify(src/scripts) by extension 'python'
[0.106s] [34mcolcon.colcon_core.package_identification[0m [1;30mLevel 1[0m _identify(src/scripts) by extensions ['python_setup_py']
[0.106s] [34mcolcon.colcon_core.package_identification[0m [1;30mLevel 1[0m _identify(src/scripts) by extension 'python_setup_py'
[0.106s] [34mcolcon.colcon_core.package_identification[0m [1;30mLevel 1[0m _identify(src/scripts/__pycache__) by extensions ['ignore', 'ignore_ament_install']
[0.106s] [34mcolcon.colcon_core.package_identification[0m [1;30mLevel 1[0m _identify(src/scripts/__pycache__) by extension 'ignore'
[0.106s] [34mcolcon.colcon_core.package_identification[0m [1;30mLevel 1[0m _identify(src/scripts/__pycache__) by extension 'ignore_ament_install'
[0.106s] [34mcolcon.colcon_core.package_identification[0m [1;30mLevel 1[0m _identify(src/scripts/__pycache__) by extensions ['colcon_pkg']
[0.106s] [34mcolcon.colcon_core.package_identification[0m [1;30mLevel 1[0m _identify(src/scripts/__pycache__) by extension 'colcon_pkg'
[0.106s] [34mcolcon.colcon_core.package_identification[0m [1;30mLevel 1[0m _identify(src/scripts/__pycache__) by extensions ['colcon_meta']
[0.106s] [34mcolcon.colcon_core.package_identification[0m [1;30mLevel 1[0m _identify(src/scripts/__pycache__) by extension 'colcon_meta'
[0.106s] [34mcolcon.colcon_core.package_identification[0m [1;30mLevel 1[0m _identify(src/scripts/__pycache__) by extensions ['ros']
[0.106s] [34mcolcon.colcon_core.package_identification[0m [1;30mLevel 1[0m _identify(src/scripts/__pycache__) by extension 'ros'
[0.106s] [34mcolcon.colcon_core.package_identification[0m [1;30mLevel 1[0m _identify(src/scripts/__pycache__) by extensions ['cmake', 'python']
[0.106s] [34mcolcon.colcon_core.package_identification[0m [1;30mLevel 1[0m _identify(src/scripts/__pycache__) by extension 'cmake'
[0.106s] [34mcolcon.colcon_core.package_identification[0m [1;30mLevel 1[0m _identify(src/scripts/__pycache__) by extension 'python'
[0.106s] [34mcolcon.colcon_core.package_identification[0m [1;30mLevel 1[0m _identify(src/scripts/__pycache__) by extensions ['python_setup_py']
[0.106s] [34mcolcon.colcon_core.package_identification[0m [1;30mLevel 1[0m _identify(src/scripts/__pycache__) by extension 'python_setup_py'
[0.106s] [34mcolcon.colcon_core.package_identification[0m [1;30mLevel 1[0m _identify(src/stuff) by extensions ['ignore', 'ignore_ament_install']
[0.107s] [34mcolcon.colcon_core.package_identification[0m [1;30mLevel 1[0m _identify(src/stuff) by extension 'ignore'
[0.107s] [34mcolcon.colcon_core.package_identification[0m [1;30mLevel 1[0m _identify(src/stuff) by extension 'ignore_ament_install'
[0.107s] [34mcolcon.colcon_core.package_identification[0m [1;30mLevel 1[0m _identify(src/stuff) by extensions ['colcon_pkg']
[0.107s] [34mcolcon.colcon_core.package_identification[0m [1;30mLevel 1[0m _identify(src/stuff) by extension 'colcon_pkg'
[0.107s] [34mcolcon.colcon_core.package_identification[0m [1;30mLevel 1[0m _identify(src/stuff) by extensions ['colcon_meta']
[0.107s] [34mcolcon.colcon_core.package_identification[0m [1;30mLevel 1[0m _identify(src/stuff) by extension 'colcon_meta'
[0.107s] [34mcolcon.colcon_core.package_identification[0m [1;30mLevel 1[0m _identify(src/stuff) by extensions ['ros']
[0.107s] [34mcolcon.colcon_core.package_identification[0m [1;30mLevel 1[0m _identify(src/stuff) by extension 'ros'
[0.107s] [34mcolcon.colcon_core.package_identification[0m [1;30mLevel 1[0m _identify(src/stuff) by extensions ['cmake', 'python']
[0.107s] [34mcolcon.colcon_core.package_identification[0m [1;30mLevel 1[0m _identify(src/stuff) by extension 'cmake'
[0.107s] [34mcolcon.colcon_core.package_identification[0m [1;30mLevel 1[0m _identify(src/stuff) by extension 'python'
[0.107s] [34mcolcon.colcon_core.package_identification[0m [1;30mLevel 1[0m _identify(src/stuff) by extensions ['python_setup_py']
[0.107s] [34mcolcon.colcon_core.package_identification[0m [1;30mLevel 1[0m _identify(src/stuff) by extension 'python_setup_py'
[0.107s] [34mcolcon.colcon_core.package_discovery[0m [1;30mLevel 1[0m discover_packages(recursive) using defaults
[0.107s] [34mcolcon.colcon_core.package_discovery[0m [1;30mLevel 1[0m discover_packages(ignore) discover
[0.107s] [34mcolcon.colcon_core.package_discovery[0m [1;30mLevel 1[0m discover_packages(ignore) using defaults
[0.107s] [34mcolcon.colcon_core.package_discovery[0m [1;30mLevel 1[0m discover_packages(path) discover
[0.107s] [34mcolcon.colcon_core.package_discovery[0m [1;30mLevel 1[0m discover_packages(path) using defaults
[0.117s] [34mcolcon.colcon_core.package_discovery[0m [1;30mLevel 1[0m discover_packages(prefix_path) check parameters
[0.117s] [34mcolcon.colcon_core.package_discovery[0m [1;30mLevel 1[0m discover_packages(prefix_path) discover
[0.119s] [34mcolcon.colcon_installed_package_information.package_discovery[0m [1;30mDEBUG[0m [32mFound 6 installed packages in /home/sage/marc_ws/install[0m
[0.119s] [34mcolcon.colcon_installed_package_information.package_discovery[0m [1;30mDEBUG[0m [32mFound 39 installed packages in /home/sage/microros_ws/install[0m
[0.120s] [34mcolcon.colcon_installed_package_information.package_discovery[0m [1;30mDEBUG[0m [32mFound 4 installed packages in /home/sage/ros/install[0m
[0.121s] [34mcolcon.colcon_installed_package_information.package_discovery[0m [1;30mDEBUG[0m [32mFound 485 installed packages in /opt/ros/humble[0m
[0.122s] [34mcolcon.colcon_core.package_discovery[0m [1;30mLevel 1[0m discover_packages(prefix_path) using defaults
[0.157s] [34mcolcon.colcon_core.verb[0m [1;30mLevel 5[0m set package 'marc' build argument 'cmake_args' from command line to 'None'
[0.157s] [34mcolcon.colcon_core.verb[0m [1;30mLevel 5[0m set package 'marc' build argument 'cmake_target' from command line to 'None'
[0.157s] [34mcolcon.colcon_core.verb[0m [1;30mLevel 5[0m set package 'marc' build argument 'cmake_target_skip_unavailable' from command line to 'False'
[0.157s] [34mcolcon.colcon_core.verb[0m [1;30mLevel 5[0m set package 'marc' build argument 'cmake_clean_cache' from command line to 'False'
[0.157s] [34mcolcon.colcon_core.verb[0m [1;30mLevel 5[0m set package 'marc' build argument 'cmake_clean_first' from command line to 'False'
[0.157s] [34mcolcon.colcon_core.verb[0m [1;30mLevel 5[0m set package 'marc' build argument 'cmake_force_configure' from command line to 'False'
[0.157s] [34mcolcon.colcon_core.verb[0m [1;30mLevel 5[0m set package 'marc' build argument 'ament_cmake_args' from command line to 'None'
[0.157s] [34mcolcon.colcon_core.verb[0m [1;30mLevel 5[0m set package 'marc' build argument 'catkin_cmake_args' from command line to 'None'
[0.157s] [34mcolcon.colcon_core.verb[0m [1;30mLevel 5[0m set package 'marc' build argument 'catkin_skip_building_tests' from command line to 'False'
[0.157s] [34mcolcon.colcon_core.verb[0m [1;30mDEBUG[0m [32mBuilding package 'marc' with the following arguments: {'ament_cmake_args': None, 'build_base': '/home/sage/marc_ws/build/marc', 'catkin_cmake_args': None, 'catkin_skip_building_tests': False, 'cmake_args': None, 'cmake_clean_cache': False, 'cmake_clean_first': False, 'cmake_force_configure': False, 'cmake_target': None, 'cmake_target_skip_unavailable': False, 'install_base': '/home/sage/marc_ws/install/marc', 'merge_install': False, 'path': '/home/sage/marc_ws/src/marc', 'symlink_install': False, 'test_result_base': None}[0m
[0.157s] [34mcolcon.colcon_core.verb[0m [1;30mLevel 5[0m set package 'marc_urdf' build argument 'cmake_args' from command line to 'None'
[0.157s] [34mcolcon.colcon_core.verb[0m [1;30mLevel 5[0m set package 'marc_urdf' build argument 'cmake_target' from command line to 'None'
[0.157s] [34mcolcon.colcon_core.verb[0m [1;30mLevel 5[0m set package 'marc_urdf' build argument 'cmake_target_skip_unavailable' from command line to 'False'
[0.157s] [34mcolcon.colcon_core.verb[0m [1;30mLevel 5[0m set package 'marc_urdf' build argument 'cmake_clean_cache' from command line to 'False'
[0.157s] [34mcolcon.colcon_core.verb[0m [1;30mLevel 5[0m set package 'marc_urdf' build argument 'cmake_clean_first' from command line to 'False'
[0.157s] [34mcolcon.colcon_core.verb[0m [1;30mLevel 5[0m set package 'marc_urdf' build argument 'cmake_force_configure' from command line to 'False'
[0.157s] [34mcolcon.colcon_core.verb[0m [1;30mLevel 5[0m set package 'marc_urdf' build argument 'ament_cmake_args' from command line to 'None'
[0.157s] [34mcolcon.colcon_core.verb[0m [1;30mLevel 5[0m set package 'marc_urdf' build argument 'catkin_cmake_args' from command line to 'None'
[0.157s] [34mcolcon.colcon_core.verb[0m [1;30mLevel 5[0m set package 'marc_urdf' build argument 'catkin_skip_building_tests' from command line to 'False'
[0.157s] [34mcolcon.colcon_core.verb[0m [1;30mDEBUG[0m [32mBuilding package 'marc_urdf' with the following arguments: {'ament_cmake_args': None, 'build_base': '/home/sage/marc_ws/build/marc_urdf', 'catkin_cmake_args': None, 'catkin_skip_building_tests': False, 'cmake_args': None, 'cmake_clean_cache': False, 'cmake_clean_first': False, 'cmake_force_configure': False, 'cmake_target': None, 'cmake_target_skip_unavailable': False, 'install_base': '/home/sage/marc_ws/install/marc_urdf', 'merge_install': False, 'path': '/home/sage/marc_ws/src/marc_urdf', 'symlink_install': False, 'test_result_base': None}[0m
[0.158s] [34mcolcon.colcon_core.verb[0m [1;30mLevel 5[0m set package 'pymoveit2' build argument 'cmake_args' from command line to 'None'
[0.158s] [34mcolcon.colcon_core.verb[0m [1;30mLevel 5[0m set package 'pymoveit2' build argument 'cmake_target' from command line to 'None'
[0.158s] [34mcolcon.colcon_core.verb[0m [1;30mLevel 5[0m set package 'pymoveit2' build argument 'cmake_target_skip_unavailable' from command line to 'False'
[0.158s] [34mcolcon.colcon_core.verb[0m [1;30mLevel 5[0m set package 'pymoveit2' build argument 'cmake_clean_cache' from command line to 'False'
[0.158s] [34mcolcon.colcon_core.verb[0m [1;30mLevel 5[0m set package 'pymoveit2' build argument 'cmake_clean_first' from command line to 'False'
[0.158s] [34mcolcon.colcon_core.verb[0m [1;30mLevel 5[0m set package 'pymoveit2' build argument 'cmake_force_configure' from command line to 'False'
[0.158s] [34mcolcon.colcon_core.verb[0m [1;30mLevel 5[0m set package 'pymoveit2' build argument 'ament_cmake_args' from command line to 'None'
[0.158s] [34mcolcon.colcon_core.verb[0m [1;30mLevel 5[0m set package 'pymoveit2' build argument 'catkin_cmake_args' from command line to 'None'
[0.158s] [34mcolcon.colcon_core.verb[0m [1;30mLevel 5[0m set package 'pymoveit2' build argument 'catkin_skip_building_tests' from command line to 'False'
[0.158s] [34mcolcon.colcon_core.verb[0m [1;30mDEBUG[0m [32mBuilding package 'pymoveit2' with the following arguments: {'ament_cmake_args': None, 'build_base': '/home/sage/marc_ws/build/pymoveit2', 'catkin_cmake_args': None, 'catkin_skip_building_tests': False, 'cmake_args': None, 'cmake_clean_cache': False, 'cmake_clean_first': False, 'cmake_force_configure': False, 'cmake_target': None, 'cmake_target_skip_unavailable': False, 'install_base': '/home/sage/marc_ws/install/pymoveit2', 'merge_install': False, 'path': '/home/sage/marc_ws/src/pymoveit2', 'symlink_install': False, 'test_result_base': None}[0m
[0.158s] [34mcolcon.colcon_core.verb[0m [1;30mLevel 5[0m set package 'arm_config' build argument 'cmake_args' from command line to 'None'
[0.158s] [34mcolcon.colcon_core.verb[0m [1;30mLevel 5[0m set package 'arm_config' build argument 'cmake_target' from command line to 'None'
[0.158s] [34mcolcon.colcon_core.verb[0m [1;30mLevel 5[0m set package 'arm_config' build argument 'cmake_target_skip_unavailable' from command line to 'False'
[0.158s] [34mcolcon.colcon_core.verb[0m [1;30mLevel 5[0m set package 'arm_config' build argument 'cmake_clean_cache' from command line to 'False'
[0.158s] [34mcolcon.colcon_core.verb[0m [1;30mLevel 5[0m set package 'arm_config' build argument 'cmake_clean_first' from command line to 'False'
[0.158s] [34mcolcon.colcon_core.verb[0m [1;30mLevel 5[0m set package 'arm_config' build argument 'cmake_force_configure' from command line to 'False'
[0.158s] [34mcolcon.colcon_core.verb[0m [1;30mLevel 5[0m set package 'arm_config' build argument 'ament_cmake_args' from command line to 'None'
[0.158s] [34mcolcon.colcon_core.verb[0m [1;30mLevel 5[0m set package 'arm_config' build argument 'catkin_cmake_args' from command line to 'None'
[0.158s] [34mcolcon.colcon_core.verb[0m [1;30mLevel 5[0m set package 'arm_config' build argument 'catkin_skip_building_tests' from command line to 'False'
[0.158s] [34mcolcon.colcon_core.verb[0m [1;30mDEBUG[0m [32mBuilding package 'arm_config' with the following arguments: {'ament_cmake_args': None, 'build_base': '/home/sage/marc_ws/build/arm_config', 'catkin_cmake_args': None, 'catkin_skip_building_tests': False, 'cmake_args': None, 'cmake_clean_cache': False, 'cmake_clean_first': False, 'cmake_force_configure': False, 'cmake_target': None, 'cmake_target_skip_unavailable': False, 'install_base': '/home/sage/marc_ws/install/arm_config', 'merge_install': False, 'path': '/home/sage/marc_ws/src/arm_config', 'symlink_install': False, 'test_result_base': None}[0m
[0.158s] [34mcolcon.colcon_core.executor[0m [1;30mINFO[0m Executing jobs using 'parallel' executor
[0.159s] [34mcolcon.colcon_parallel_executor.executor.parallel[0m [1;30mDEBUG[0m [32mrun_until_complete[0m
[0.159s] [34mcolcon.colcon_ros.task.ament_cmake.build[0m [1;30mINFO[0m Building ROS package in '/home/sage/marc_ws/src/marc' with build type 'ament_cmake'
[0.159s] [34mcolcon.colcon_cmake.task.cmake.build[0m [1;30mINFO[0m Building CMake package in '/home/sage/marc_ws/src/marc'
[0.161s] [34mcolcon.colcon_core.plugin_system[0m [1;30mINFO[0m Skipping extension 'colcon_core.shell.bat': Not used on non-Windows systems
[0.161s] [34mcolcon.colcon_core.shell[0m [1;30mINFO[0m Skip shell extension 'powershell' for command environment: Not usable outside of PowerShell
[0.161s] [34mcolcon.colcon_core.shell[0m [1;30mDEBUG[0m [32mSkip shell extension 'dsv' for command environment[0m
[0.164s] [34mcolcon.colcon_ros.task.ament_cmake.build[0m [1;30mINFO[0m Building ROS package in '/home/sage/marc_ws/src/marc_urdf' with build type 'ament_cmake'
[0.164s] [34mcolcon.colcon_cmake.task.cmake.build[0m [1;30mINFO[0m Building CMake package in '/home/sage/marc_ws/src/marc_urdf'
[0.164s] [34mcolcon.colcon_core.shell[0m [1;30mINFO[0m Skip shell extension 'powershell' for command environment: Not usable outside of PowerShell
[0.164s] [34mcolcon.colcon_core.shell[0m [1;30mDEBUG[0m [32mSkip shell extension 'dsv' for command environment[0m
[0.168s] [34mcolcon.colcon_ros.task.ament_cmake.build[0m [1;30mINFO[0m Building ROS package in '/home/sage/marc_ws/src/pymoveit2' with build type 'ament_cmake'
[0.168s] [34mcolcon.colcon_cmake.task.cmake.build[0m [1;30mINFO[0m Building CMake package in '/home/sage/marc_ws/src/pymoveit2'
[0.168s] [34mcolcon.colcon_core.shell[0m [1;30mINFO[0m Skip shell extension 'powershell' for command environment: Not usable outside of PowerShell
[0.168s] [34mcolcon.colcon_core.shell[0m [1;30mDEBUG[0m [32mSkip shell extension 'dsv' for command environment[0m
[0.174s] [34mcolcon.colcon_core.event_handler.log_command[0m [1;30mDEBUG[0m [32mInvoking command in '/home/sage/marc_ws/build/marc': CMAKE_PREFIX_PATH=${CMAKE_PREFIX_PATH}:/home/sage/microros_ws/install/sensor_msgs_py:/home/sage/ros/install/my_robo:/home/sage/ros/install/cartographer_launch:/home/sage/ros/install/assign:/opt/ros/humble /usr/bin/cmake --build /home/sage/marc_ws/build/marc -- -j16 -l16[0m
[0.176s] [34mcolcon.colcon_core.event_handler.log_command[0m [1;30mDEBUG[0m [32mInvoking command in '/home/sage/marc_ws/build/marc_urdf': CMAKE_PREFIX_PATH=${CMAKE_PREFIX_PATH}:/home/sage/microros_ws/install/sensor_msgs_py:/home/sage/ros/install/my_robo:/home/sage/ros/install/cartographer_launch:/home/sage/ros/install/assign:/opt/ros/humble /usr/bin/cmake --build /home/sage/marc_ws/build/marc_urdf -- -j16 -l16[0m
[0.199s] [34mcolcon.colcon_core.event_handler.log_command[0m [1;30mDEBUG[0m [32mInvoking command in '/home/sage/marc_ws/build/pymoveit2': CMAKE_PREFIX_PATH=${CMAKE_PREFIX_PATH}:/home/sage/microros_ws/install/sensor_msgs_py:/home/sage/ros/install/my_robo:/home/sage/ros/install/cartographer_launch:/home/sage/ros/install/assign:/opt/ros/humble /usr/bin/cmake --build /home/sage/marc_ws/build/pymoveit2 -- -j16 -l16[0m
[0.208s] [34mcolcon.colcon_core.event_handler.log_command[0m [1;30mDEBUG[0m [32mInvoked command in '/home/sage/marc_ws/build/marc' returned '0': CMAKE_PREFIX_PATH=${CMAKE_PREFIX_PATH}:/home/sage/microros_ws/install/sensor_msgs_py:/home/sage/ros/install/my_robo:/home/sage/ros/install/cartographer_launch:/home/sage/ros/install/assign:/opt/ros/humble /usr/bin/cmake --build /home/sage/marc_ws/build/marc -- -j16 -l16[0m
[0.210s] [34mcolcon.colcon_core.event_handler.log_command[0m [1;30mDEBUG[0m [32mInvoked command in '/home/sage/marc_ws/build/marc_urdf' returned '0': CMAKE_PREFIX_PATH=${CMAKE_PREFIX_PATH}:/home/sage/microros_ws/install/sensor_msgs_py:/home/sage/ros/install/my_robo:/home/sage/ros/install/cartographer_launch:/home/sage/ros/install/assign:/opt/ros/humble /usr/bin/cmake --build /home/sage/marc_ws/build/marc_urdf -- -j16 -l16[0m
[0.245s] [34mcolcon.colcon_core.event_handler.log_command[0m [1;30mDEBUG[0m [32mInvoking command in '/home/sage/marc_ws/build/marc': CMAKE_PREFIX_PATH=${CMAKE_PREFIX_PATH}:/home/sage/microros_ws/install/sensor_msgs_py:/home/sage/ros/install/my_robo:/home/sage/ros/install/cartographer_launch:/home/sage/ros/install/assign:/opt/ros/humble /usr/bin/cmake --install /home/sage/marc_ws/build/marc[0m
[0.245s] [34mcolcon.colcon_core.event_handler.log_command[0m [1;30mDEBUG[0m [32mInvoking command in '/home/sage/marc_ws/build/marc_urdf': CMAKE_PREFIX_PATH=${CMAKE_PREFIX_PATH}:/home/sage/microros_ws/install/sensor_msgs_py:/home/sage/ros/install/my_robo:/home/sage/ros/install/cartographer_launch:/home/sage/ros/install/assign:/opt/ros/humble /usr/bin/cmake --install /home/sage/marc_ws/build/marc_urdf[0m
[0.250s] [34mcolcon.colcon_core.environment[0m [1;30mLevel 1[0m create_environment_scripts_only(marc)
[0.252s] [34mcolcon.colcon_core.event_handler.log_command[0m [1;30mDEBUG[0m [32mInvoked command in '/home/sage/marc_ws/build/marc' returned '0': CMAKE_PREFIX_PATH=${CMAKE_PREFIX_PATH}:/home/sage/microros_ws/install/sensor_msgs_py:/home/sage/ros/install/my_robo:/home/sage/ros/install/cartographer_launch:/home/sage/ros/install/assign:/opt/ros/humble /usr/bin/cmake --install /home/sage/marc_ws/build/marc[0m
[0.254s] [34mcolcon.colcon_core.environment[0m [1;30mLevel 1[0m checking '/home/sage/marc_ws/install/marc' for CMake module files
[0.254s] [34mcolcon.colcon_core.environment[0m [1;30mLevel 1[0m checking '/home/sage/marc_ws/install/marc' for CMake config files
[0.255s] [34mcolcon.colcon_core.shell[0m [1;30mLevel 1[0m create_environment_hook('marc', 'cmake_prefix_path')
[0.255s] [34mcolcon.colcon_core.shell[0m [1;30mINFO[0m Creating environment hook '/home/sage/marc_ws/install/marc/share/marc/hook/cmake_prefix_path.ps1'
[0.255s] [34mcolcon.colcon_core.shell[0m [1;30mINFO[0m Creating environment descriptor '/home/sage/marc_ws/install/marc/share/marc/hook/cmake_prefix_path.dsv'
[0.255s] [34mcolcon.colcon_core.shell[0m [1;30mINFO[0m Creating environment hook '/home/sage/marc_ws/install/marc/share/marc/hook/cmake_prefix_path.sh'
[0.256s] [34mcolcon.colcon_core.environment[0m [1;30mLevel 1[0m checking '/home/sage/marc_ws/install/marc/lib'
[0.256s] [34mcolcon.colcon_core.environment[0m [1;30mLevel 1[0m checking '/home/sage/marc_ws/install/marc/bin'
[0.256s] [34mcolcon.colcon_core.environment[0m [1;30mLevel 1[0m checking '/home/sage/marc_ws/install/marc/lib/pkgconfig/marc.pc'
[0.256s] [34mcolcon.colcon_core.environment[0m [1;30mLevel 1[0m checking '/home/sage/marc_ws/install/marc/lib/python3.10/site-packages'
[0.256s] [34mcolcon.colcon_core.environment[0m [1;30mLevel 1[0m checking '/home/sage/marc_ws/install/marc/bin'
[0.256s] [34mcolcon.colcon_core.shell[0m [1;30mINFO[0m Creating package script '/home/sage/marc_ws/install/marc/share/marc/package.ps1'
[0.257s] [34mcolcon.colcon_core.shell[0m [1;30mINFO[0m Creating package descriptor '/home/sage/marc_ws/install/marc/share/marc/package.dsv'
[0.257s] [34mcolcon.colcon_core.shell[0m [1;30mINFO[0m Creating package script '/home/sage/marc_ws/install/marc/share/marc/package.sh'
[0.257s] [34mcolcon.colcon_core.shell[0m [1;30mINFO[0m Creating package script '/home/sage/marc_ws/install/marc/share/marc/package.bash'
[0.258s] [34mcolcon.colcon_core.shell[0m [1;30mINFO[0m Creating package script '/home/sage/marc_ws/install/marc/share/marc/package.zsh'
[0.258s] [34mcolcon.colcon_core.environment[0m [1;30mLevel 1[0m create_file_with_runtime_dependencies(/home/sage/marc_ws/install/marc/share/colcon-core/packages/marc)
[0.259s] [34mcolcon.colcon_core.environment[0m [1;30mLevel 1[0m create_environment_scripts_only(marc_urdf)
[0.259s] [34mcolcon.colcon_core.environment[0m [1;30mLevel 1[0m checking '/home/sage/marc_ws/install/marc_urdf' for CMake module files
[0.259s] [34mcolcon.colcon_core.event_handler.log_command[0m [1;30mDEBUG[0m [32mInvoked command in '/home/sage/marc_ws/build/marc_urdf' returned '0': CMAKE_PREFIX_PATH=${CMAKE_PREFIX_PATH}:/home/sage/microros_ws/install/sensor_msgs_py:/home/sage/ros/install/my_robo:/home/sage/ros/install/cartographer_launch:/home/sage/ros/install/assign:/opt/ros/humble /usr/bin/cmake --install /home/sage/marc_ws/build/marc_urdf[0m
[0.260s] [34mcolcon.colcon_core.environment[0m [1;30mLevel 1[0m checking '/home/sage/marc_ws/install/marc_urdf' for CMake config files
[0.260s] [34mcolcon.colcon_core.shell[0m [1;30mLevel 1[0m create_environment_hook('marc_urdf', 'cmake_prefix_path')
[0.260s] [34mcolcon.colcon_core.shell[0m [1;30mINFO[0m Creating environment hook '/home/sage/marc_ws/install/marc_urdf/share/marc_urdf/hook/cmake_prefix_path.ps1'
[0.260s] [34mcolcon.colcon_core.shell[0m [1;30mINFO[0m Creating environment descriptor '/home/sage/marc_ws/install/marc_urdf/share/marc_urdf/hook/cmake_prefix_path.dsv'
[0.260s] [34mcolcon.colcon_core.shell[0m [1;30mINFO[0m Creating environment hook '/home/sage/marc_ws/install/marc_urdf/share/marc_urdf/hook/cmake_prefix_path.sh'
[0.261s] [34mcolcon.colcon_core.environment[0m [1;30mLevel 1[0m checking '/home/sage/marc_ws/install/marc_urdf/bin'
[0.261s] [34mcolcon.colcon_core.environment[0m [1;30mLevel 1[0m checking '/home/sage/marc_ws/install/marc_urdf/lib/pkgconfig/marc_urdf.pc'
[0.261s] [34mcolcon.colcon_core.environment[0m [1;30mLevel 1[0m checking '/home/sage/marc_ws/install/marc_urdf/lib/python3.10/site-packages'
[0.261s] [34mcolcon.colcon_core.environment[0m [1;30mLevel 1[0m checking '/home/sage/marc_ws/install/marc_urdf/bin'
[0.261s] [34mcolcon.colcon_core.shell[0m [1;30mINFO[0m Creating package script '/home/sage/marc_ws/install/marc_urdf/share/marc_urdf/package.ps1'
[0.261s] [34mcolcon.colcon_core.shell[0m [1;30mINFO[0m Creating package descriptor '/home/sage/marc_ws/install/marc_urdf/share/marc_urdf/package.dsv'
[0.261s] [34mcolcon.colcon_core.shell[0m [1;30mINFO[0m Creating package script '/home/sage/marc_ws/install/marc_urdf/share/marc_urdf/package.sh'
[0.262s] [34mcolcon.colcon_core.shell[0m [1;30mINFO[0m Creating package script '/home/sage/marc_ws/install/marc_urdf/share/marc_urdf/package.bash'
[0.262s] [34mcolcon.colcon_core.shell[0m [1;30mINFO[0m Creating package script '/home/sage/marc_ws/install/marc_urdf/share/marc_urdf/package.zsh'
[0.262s] [34mcolcon.colcon_core.environment[0m [1;30mLevel 1[0m create_file_with_runtime_dependencies(/home/sage/marc_ws/install/marc_urdf/share/colcon-core/packages/marc_urdf)
[0.286s] [34mcolcon.colcon_core.environment[0m [1;30mLevel 1[0m create_environment_scripts_only(marc)
[0.286s] [34mcolcon.colcon_core.environment[0m [1;30mLevel 1[0m checking '/home/sage/marc_ws/install/marc' for CMake module files
[0.286s] [34mcolcon.colcon_core.environment[0m [1;30mLevel 1[0m checking '/home/sage/marc_ws/install/marc' for CMake config files
[0.286s] [34mcolcon.colcon_core.shell[0m [1;30mLevel 1[0m create_environment_hook('marc', 'cmake_prefix_path')
[0.287s] [34mcolcon.colcon_core.shell[0m [1;30mINFO[0m Creating environment hook '/home/sage/marc_ws/install/marc/share/marc/hook/cmake_prefix_path.ps1'
[0.287s] [34mcolcon.colcon_core.shell[0m [1;30mINFO[0m Creating environment descriptor '/home/sage/marc_ws/install/marc/share/marc/hook/cmake_prefix_path.dsv'
[0.287s] [34mcolcon.colcon_core.shell[0m [1;30mINFO[0m Creating environment hook '/home/sage/marc_ws/install/marc/share/marc/hook/cmake_prefix_path.sh'
[0.287s] [34mcolcon.colcon_core.environment[0m [1;30mLevel 1[0m checking '/home/sage/marc_ws/install/marc/lib'
[0.287s] [34mcolcon.colcon_core.environment[0m [1;30mLevel 1[0m checking '/home/sage/marc_ws/install/marc/bin'
[0.287s] [34mcolcon.colcon_core.environment[0m [1;30mLevel 1[0m checking '/home/sage/marc_ws/install/marc/lib/pkgconfig/marc.pc'
[0.288s] [34mcolcon.colcon_core.environment[0m [1;30mLevel 1[0m checking '/home/sage/marc_ws/install/marc/lib/python3.10/site-packages'
[0.288s] [34mcolcon.colcon_core.environment[0m [1;30mLevel 1[0m checking '/home/sage/marc_ws/install/marc/bin'
[0.288s] [34mcolcon.colcon_core.shell[0m [1;30mINFO[0m Creating package script '/home/sage/marc_ws/install/marc/share/marc/package.ps1'
[0.288s] [34mcolcon.colcon_core.shell[0m [1;30mINFO[0m Creating package descriptor '/home/sage/marc_ws/install/marc/share/marc/package.dsv'
[0.288s] [34mcolcon.colcon_core.shell[0m [1;30mINFO[0m Creating package script '/home/sage/marc_ws/install/marc/share/marc/package.sh'
[0.289s] [34mcolcon.colcon_core.shell[0m [1;30mINFO[0m Creating package script '/home/sage/marc_ws/install/marc/share/marc/package.bash'
[0.289s] [34mcolcon.colcon_core.shell[0m [1;30mINFO[0m Creating package script '/home/sage/marc_ws/install/marc/share/marc/package.zsh'
[0.289s] [34mcolcon.colcon_core.environment[0m [1;30mLevel 1[0m create_file_with_runtime_dependencies(/home/sage/marc_ws/install/marc/share/colcon-core/packages/marc)
[0.289s] [34mcolcon.colcon_ros.task.ament_cmake.build[0m [1;30mINFO[0m Building ROS package in '/home/sage/marc_ws/src/arm_config' with build type 'ament_cmake'
[0.289s] [34mcolcon.colcon_cmake.task.cmake.build[0m [1;30mINFO[0m Building CMake package in '/home/sage/marc_ws/src/arm_config'
[0.290s] [34mcolcon.colcon_core.shell[0m [1;30mINFO[0m Skip shell extension 'powershell' for command environment: Not usable outside of PowerShell
[0.290s] [34mcolcon.colcon_core.shell[0m [1;30mDEBUG[0m [32mSkip shell extension 'dsv' for command environment[0m
[0.294s] [34mcolcon.colcon_core.environment[0m [1;30mLevel 1[0m create_environment_scripts_only(marc_urdf)
[0.294s] [34mcolcon.colcon_core.environment[0m [1;30mLevel 1[0m checking '/home/sage/marc_ws/install/marc_urdf' for CMake module files
[0.294s] [34mcolcon.colcon_core.environment[0m [1;30mLevel 1[0m checking '/home/sage/marc_ws/install/marc_urdf' for CMake config files
[0.294s] [34mcolcon.colcon_core.shell[0m [1;30mLevel 1[0m create_environment_hook('marc_urdf', 'cmake_prefix_path')
[0.294s] [34mcolcon.colcon_core.shell[0m [1;30mINFO[0m Creating environment hook '/home/sage/marc_ws/install/marc_urdf/share/marc_urdf/hook/cmake_prefix_path.ps1'
[0.295s] [34mcolcon.colcon_core.shell[0m [1;30mINFO[0m Creating environment descriptor '/home/sage/marc_ws/install/marc_urdf/share/marc_urdf/hook/cmake_prefix_path.dsv'
[0.295s] [34mcolcon.colcon_core.shell[0m [1;30mINFO[0m Creating environment hook '/home/sage/marc_ws/install/marc_urdf/share/marc_urdf/hook/cmake_prefix_path.sh'
[0.295s] [34mcolcon.colcon_core.environment[0m [1;30mLevel 1[0m checking '/home/sage/marc_ws/install/marc_urdf/bin'
[0.295s] [34mcolcon.colcon_core.environment[0m [1;30mLevel 1[0m checking '/home/sage/marc_ws/install/marc_urdf/lib/pkgconfig/marc_urdf.pc'
[0.295s] [34mcolcon.colcon_core.environment[0m [1;30mLevel 1[0m checking '/home/sage/marc_ws/install/marc_urdf/lib/python3.10/site-packages'
[0.295s] [34mcolcon.colcon_core.environment[0m [1;30mLevel 1[0m checking '/home/sage/marc_ws/install/marc_urdf/bin'
[0.295s] [34mcolcon.colcon_core.shell[0m [1;30mINFO[0m Creating package script '/home/sage/marc_ws/install/marc_urdf/share/marc_urdf/package.ps1'
[0.296s] [34mcolcon.colcon_core.shell[0m [1;30mINFO[0m Creating package descriptor '/home/sage/marc_ws/install/marc_urdf/share/marc_urdf/package.dsv'
[0.296s] [34mcolcon.colcon_core.shell[0m [1;30mINFO[0m Creating package script '/home/sage/marc_ws/install/marc_urdf/share/marc_urdf/package.sh'
[0.296s] [34mcolcon.colcon_core.shell[0m [1;30mINFO[0m Creating package script '/home/sage/marc_ws/install/marc_urdf/share/marc_urdf/package.bash'
[0.296s] [34mcolcon.colcon_core.shell[0m [1;30mINFO[0m Creating package script '/home/sage/marc_ws/install/marc_urdf/share/marc_urdf/package.zsh'
[0.296s] [34mcolcon.colcon_core.environment[0m [1;30mLevel 1[0m create_file_with_runtime_dependencies(/home/sage/marc_ws/install/marc_urdf/share/colcon-core/packages/marc_urdf)
[0.299s] [34mcolcon.colcon_core.event_handler.log_command[0m [1;30mDEBUG[0m [32mInvoking command in '/home/sage/marc_ws/build/arm_config': CMAKE_PREFIX_PATH=/home/sage/marc_ws/install/marc:/home/sage/marc_ws/install/yz_config:/home/sage/marc_ws/install/your_moveit_config:/home/sage/marc_ws/install/pymoveit2:/home/sage/marc_ws/install/marc_urdf:/home/sage/marc_ws/install/arm_config:/home/sage/microros_ws/install/micro_ros_demos_rclc:/home/sage/microros_ws/install/common_interfaces:/home/sage/microros_ws/install/visualization_msgs:/home/sage/microros_ws/install/test_msgs:/home/sage/microros_ws/install/example_interfaces:/home/sage/microros_ws/install/action_msgs:/home/sage/microros_ws/install/unique_identifier_msgs:/home/sage/microros_ws/install/trajectory_msgs:/home/sage/microros_ws/install/stereo_msgs:/home/sage/microros_ws/install/std_srvs:/home/sage/microros_ws/install/shape_msgs:/home/sage/microros_ws/install/sensor_msgs:/home/sage/microros_ws/install/nav_msgs:/home/sage/microros_ws/install/diagnostic_msgs:/home/sage/microros_ws/install/geometry_msgs:/home/sage/microros_ws/install/actionlib_msgs:/home/sage/microros_ws/install/std_msgs:/home/sage/microros_ws/install/statistics_msgs:/home/sage/microros_ws/install/rosidl_typesupport_microxrcedds_test_msg:/home/sage/microros_ws/install/rosidl_typesupport_microxrcedds_cpp_tests:/home/sage/microros_ws/install/rmw_microxrcedds:/home/sage/microros_ws/install/rosidl_typesupport_microxrcedds_cpp:/home/sage/microros_ws/install/rosidl_typesupport_microxrcedds_c_tests:/home/sage/microros_ws/install/rosidl_typesupport_microxrcedds_c:/home/sage/microros_ws/install/rosgraph_msgs:/home/sage/microros_ws/install/rclc_parameter:/home/sage/microros_ws/install/rclc:/home/sage/microros_ws/install/composition_interfaces:/home/sage/microros_ws/install/rcl_interfaces:/home/sage/microros_ws/install/microxrcedds_client:/home/sage/microros_ws/install/microcdr:/home/sage/microros_ws/install/micro_ros_utilities:/home/sage/microros_ws/install/micro_ros_setup:/home/sage/microros_ws/install/micro_ros_agent:/home/sage/microros_ws/install/micro_ros_msgs:/home/sage/microros_ws/install/lifecycle_msgs:/home/sage/microros_ws/install/complex_msgs:/home/sage/microros_ws/install/builtin_interfaces:/home/sage/ros/install/launcher_bringup:/home/sage/microros_ws/install/sensor_msgs_py:/home/sage/ros/install/my_robo:/home/sage/ros/install/cartographer_launch:/home/sage/ros/install/assign:/opt/ros/humble /usr/bin/cmake --build /home/sage/marc_ws/build/arm_config -- -j16 -l16[0m
[0.330s] [34mcolcon.colcon_core.event_handler.log_command[0m [1;30mDEBUG[0m [32mInvoked command in '/home/sage/marc_ws/build/arm_config' returned '0': CMAKE_PREFIX_PATH=/home/sage/marc_ws/install/marc:/home/sage/marc_ws/install/yz_config:/home/sage/marc_ws/install/your_moveit_config:/home/sage/marc_ws/install/pymoveit2:/home/sage/marc_ws/install/marc_urdf:/home/sage/marc_ws/install/arm_config:/home/sage/microros_ws/install/micro_ros_demos_rclc:/home/sage/microros_ws/install/common_interfaces:/home/sage/microros_ws/install/visualization_msgs:/home/sage/microros_ws/install/test_msgs:/home/sage/microros_ws/install/example_interfaces:/home/sage/microros_ws/install/action_msgs:/home/sage/microros_ws/install/unique_identifier_msgs:/home/sage/microros_ws/install/trajectory_msgs:/home/sage/microros_ws/install/stereo_msgs:/home/sage/microros_ws/install/std_srvs:/home/sage/microros_ws/install/shape_msgs:/home/sage/microros_ws/install/sensor_msgs:/home/sage/microros_ws/install/nav_msgs:/home/sage/microros_ws/install/diagnostic_msgs:/home/sage/microros_ws/install/geometry_msgs:/home/sage/microros_ws/install/actionlib_msgs:/home/sage/microros_ws/install/std_msgs:/home/sage/microros_ws/install/statistics_msgs:/home/sage/microros_ws/install/rosidl_typesupport_microxrcedds_test_msg:/home/sage/microros_ws/install/rosidl_typesupport_microxrcedds_cpp_tests:/home/sage/microros_ws/install/rmw_microxrcedds:/home/sage/microros_ws/install/rosidl_typesupport_microxrcedds_cpp:/home/sage/microros_ws/install/rosidl_typesupport_microxrcedds_c_tests:/home/sage/microros_ws/install/rosidl_typesupport_microxrcedds_c:/home/sage/microros_ws/install/rosgraph_msgs:/home/sage/microros_ws/install/rclc_parameter:/home/sage/microros_ws/install/rclc:/home/sage/microros_ws/install/composition_interfaces:/home/sage/microros_ws/install/rcl_interfaces:/home/sage/microros_ws/install/microxrcedds_client:/home/sage/microros_ws/install/microcdr:/home/sage/microros_ws/install/micro_ros_utilities:/home/sage/microros_ws/install/micro_ros_setup:/home/sage/microros_ws/install/micro_ros_agent:/home/sage/microros_ws/install/micro_ros_msgs:/home/sage/microros_ws/install/lifecycle_msgs:/home/sage/microros_ws/install/complex_msgs:/home/sage/microros_ws/install/builtin_interfaces:/home/sage/ros/install/launcher_bringup:/home/sage/microros_ws/install/sensor_msgs_py:/home/sage/ros/install/my_robo:/home/sage/ros/install/cartographer_launch:/home/sage/ros/install/assign:/opt/ros/humble /usr/bin/cmake --build /home/sage/marc_ws/build/arm_config -- -j16 -l16[0m
[0.355s] [34mcolcon.colcon_core.event_handler.log_command[0m [1;30mDEBUG[0m [32mInvoking command in '/home/sage/marc_ws/build/arm_config': CMAKE_PREFIX_PATH=/home/sage/marc_ws/install/marc:/home/sage/marc_ws/install/yz_config:/home/sage/marc_ws/install/your_moveit_config:/home/sage/marc_ws/install/pymoveit2:/home/sage/marc_ws/install/marc_urdf:/home/sage/marc_ws/install/arm_config:/home/sage/microros_ws/install/micro_ros_demos_rclc:/home/sage/microros_ws/install/common_interfaces:/home/sage/microros_ws/install/visualization_msgs:/home/sage/microros_ws/install/test_msgs:/home/sage/microros_ws/install/example_interfaces:/home/sage/microros_ws/install/action_msgs:/home/sage/microros_ws/install/unique_identifier_msgs:/home/sage/microros_ws/install/trajectory_msgs:/home/sage/microros_ws/install/stereo_msgs:/home/sage/microros_ws/install/std_srvs:/home/sage/microros_ws/install/shape_msgs:/home/sage/microros_ws/install/sensor_msgs:/home/sage/microros_ws/install/nav_msgs:/home/sage/microros_ws/install/diagnostic_msgs:/home/sage/microros_ws/install/geometry_msgs:/home/sage/microros_ws/install/actionlib_msgs:/home/sage/microros_ws/install/std_msgs:/home/sage/microros_ws/install/statistics_msgs:/home/sage/microros_ws/install/rosidl_typesupport_microxrcedds_test_msg:/home/sage/microros_ws/install/rosidl_typesupport_microxrcedds_cpp_tests:/home/sage/microros_ws/install/rmw_microxrcedds:/home/sage/microros_ws/install/rosidl_typesupport_microxrcedds_cpp:/home/sage/microros_ws/install/rosidl_typesupport_microxrcedds_c_tests:/home/sage/microros_ws/install/rosidl_typesupport_microxrcedds_c:/home/sage/microros_ws/install/rosgraph_msgs:/home/sage/microros_ws/install/rclc_parameter:/home/sage/microros_ws/install/rclc:/home/sage/microros_ws/install/composition_interfaces:/home/sage/microros_ws/install/rcl_interfaces:/home/sage/microros_ws/install/microxrcedds_client:/home/sage/microros_ws/install/microcdr:/home/sage/microros_ws/install/micro_ros_utilities:/home/sage/microros_ws/install/micro_ros_setup:/home/sage/microros_ws/install/micro_ros_agent:/home/sage/microros_ws/install/micro_ros_msgs:/home/sage/microros_ws/install/lifecycle_msgs:/home/sage/microros_ws/install/complex_msgs:/home/sage/microros_ws/install/builtin_interfaces:/home/sage/ros/install/launcher_bringup:/home/sage/microros_ws/install/sensor_msgs_py:/home/sage/ros/install/my_robo:/home/sage/ros/install/cartographer_launch:/home/sage/ros/install/assign:/opt/ros/humble /usr/bin/cmake --install /home/sage/marc_ws/build/arm_config[0m
[0.364s] [34mcolcon.colcon_core.environment[0m [1;30mLevel 1[0m create_environment_scripts_only(arm_config)
[0.364s] [34mcolcon.colcon_core.environment[0m [1;30mLevel 1[0m checking '/home/sage/marc_ws/install/arm_config' for CMake module files
[0.364s] [34mcolcon.colcon_core.event_handler.log_command[0m [1;30mDEBUG[0m [32mInvoked command in '/home/sage/marc_ws/build/arm_config' returned '0': CMAKE_PREFIX_PATH=/home/sage/marc_ws/install/marc:/home/sage/marc_ws/install/yz_config:/home/sage/marc_ws/install/your_moveit_config:/home/sage/marc_ws/install/pymoveit2:/home/sage/marc_ws/install/marc_urdf:/home/sage/marc_ws/install/arm_config:/home/sage/microros_ws/install/micro_ros_demos_rclc:/home/sage/microros_ws/install/common_interfaces:/home/sage/microros_ws/install/visualization_msgs:/home/sage/microros_ws/install/test_msgs:/home/sage/microros_ws/install/example_interfaces:/home/sage/microros_ws/install/action_msgs:/home/sage/microros_ws/install/unique_identifier_msgs:/home/sage/microros_ws/install/trajectory_msgs:/home/sage/microros_ws/install/stereo_msgs:/home/sage/microros_ws/install/std_srvs:/home/sage/microros_ws/install/shape_msgs:/home/sage/microros_ws/install/sensor_msgs:/home/sage/microros_ws/install/nav_msgs:/home/sage/microros_ws/install/diagnostic_msgs:/home/sage/microros_ws/install/geometry_msgs:/home/sage/microros_ws/install/actionlib_msgs:/home/sage/microros_ws/install/std_msgs:/home/sage/microros_ws/install/statistics_msgs:/home/sage/microros_ws/install/rosidl_typesupport_microxrcedds_test_msg:/home/sage/microros_ws/install/rosidl_typesupport_microxrcedds_cpp_tests:/home/sage/microros_ws/install/rmw_microxrcedds:/home/sage/microros_ws/install/rosidl_typesupport_microxrcedds_cpp:/home/sage/microros_ws/install/rosidl_typesupport_microxrcedds_c_tests:/home/sage/microros_ws/install/rosidl_typesupport_microxrcedds_c:/home/sage/microros_ws/install/rosgraph_msgs:/home/sage/microros_ws/install/rclc_parameter:/home/sage/microros_ws/install/rclc:/home/sage/microros_ws/install/composition_interfaces:/home/sage/microros_ws/install/rcl_interfaces:/home/sage/microros_ws/install/microxrcedds_client:/home/sage/microros_ws/install/microcdr:/home/sage/microros_ws/install/micro_ros_utilities:/home/sage/microros_ws/install/micro_ros_setup:/home/sage/microros_ws/install/micro_ros_agent:/home/sage/microros_ws/install/micro_ros_msgs:/home/sage/microros_ws/install/lifecycle_msgs:/home/sage/microros_ws/install/complex_msgs:/home/sage/microros_ws/install/builtin_interfaces:/home/sage/ros/install/launcher_bringup:/home/sage/microros_ws/install/sensor_msgs_py:/home/sage/ros/install/my_robo:/home/sage/ros/install/cartographer_launch:/home/sage/ros/install/assign:/opt/ros/humble /usr/bin/cmake --install /home/sage/marc_ws/build/arm_config[0m
[0.365s] [34mcolcon.colcon_core.environment[0m [1;30mLevel 1[0m checking '/home/sage/marc_ws/install/arm_config' for CMake config files
[0.365s] [34mcolcon.colcon_core.shell[0m [1;30mLevel 1[0m create_environment_hook('arm_config', 'cmake_prefix_path')
[0.365s] [34mcolcon.colcon_core.shell[0m [1;30mINFO[0m Creating environment hook '/home/sage/marc_ws/install/arm_config/share/arm_config/hook/cmake_prefix_path.ps1'
[0.365s] [34mcolcon.colcon_core.shell[0m [1;30mINFO[0m Creating environment descriptor '/home/sage/marc_ws/install/arm_config/share/arm_config/hook/cmake_prefix_path.dsv'
[0.365s] [34mcolcon.colcon_core.shell[0m [1;30mINFO[0m Creating environment hook '/home/sage/marc_ws/install/arm_config/share/arm_config/hook/cmake_prefix_path.sh'
[0.366s] [34mcolcon.colcon_core.environment[0m [1;30mLevel 1[0m checking '/home/sage/marc_ws/install/arm_config/bin'
[0.366s] [34mcolcon.colcon_core.environment[0m [1;30mLevel 1[0m checking '/home/sage/marc_ws/install/arm_config/lib/pkgconfig/arm_config.pc'
[0.366s] [34mcolcon.colcon_core.environment[0m [1;30mLevel 1[0m checking '/home/sage/marc_ws/install/arm_config/lib/python3.10/site-packages'
[0.366s] [34mcolcon.colcon_core.environment[0m [1;30mLevel 1[0m checking '/home/sage/marc_ws/install/arm_config/bin'
[0.366s] [34mcolcon.colcon_core.shell[0m [1;30mINFO[0m Creating package script '/home/sage/marc_ws/install/arm_config/share/arm_config/package.ps1'
[0.366s] [34mcolcon.colcon_core.shell[0m [1;30mINFO[0m Creating package descriptor '/home/sage/marc_ws/install/arm_config/share/arm_config/package.dsv'
[0.366s] [34mcolcon.colcon_core.shell[0m [1;30mINFO[0m Creating package script '/home/sage/marc_ws/install/arm_config/share/arm_config/package.sh'
[0.367s] [34mcolcon.colcon_core.shell[0m [1;30mINFO[0m Creating package script '/home/sage/marc_ws/install/arm_config/share/arm_config/package.bash'
[0.367s] [34mcolcon.colcon_core.shell[0m [1;30mINFO[0m Creating package script '/home/sage/marc_ws/install/arm_config/share/arm_config/package.zsh'
[0.367s] [34mcolcon.colcon_core.environment[0m [1;30mLevel 1[0m create_file_with_runtime_dependencies(/home/sage/marc_ws/install/arm_config/share/colcon-core/packages/arm_config)
[0.395s] [34mcolcon.colcon_core.environment[0m [1;30mLevel 1[0m create_environment_scripts_only(arm_config)
[0.395s] [34mcolcon.colcon_core.environment[0m [1;30mLevel 1[0m checking '/home/sage/marc_ws/install/arm_config' for CMake module files
[0.395s] [34mcolcon.colcon_core.environment[0m [1;30mLevel 1[0m checking '/home/sage/marc_ws/install/arm_config' for CMake config files
[0.395s] [34mcolcon.colcon_core.shell[0m [1;30mLevel 1[0m create_environment_hook('arm_config', 'cmake_prefix_path')
[0.395s] [34mcolcon.colcon_core.shell[0m [1;30mINFO[0m Creating environment hook '/home/sage/marc_ws/install/arm_config/share/arm_config/hook/cmake_prefix_path.ps1'
[0.396s] [34mcolcon.colcon_core.shell[0m [1;30mINFO[0m Creating environment descriptor '/home/sage/marc_ws/install/arm_config/share/arm_config/hook/cmake_prefix_path.dsv'
[0.396s] [34mcolcon.colcon_core.shell[0m [1;30mINFO[0m Creating environment hook '/home/sage/marc_ws/install/arm_config/share/arm_config/hook/cmake_prefix_path.sh'
[0.396s] [34mcolcon.colcon_core.environment[0m [1;30mLevel 1[0m checking '/home/sage/marc_ws/install/arm_config/bin'
[0.396s] [34mcolcon.colcon_core.environment[0m [1;30mLevel 1[0m checking '/home/sage/marc_ws/install/arm_config/lib/pkgconfig/arm_config.pc'
[0.396s] [34mcolcon.colcon_core.environment[0m [1;30mLevel 1[0m checking '/home/sage/marc_ws/install/arm_config/lib/python3.10/site-packages'
[0.396s] [34mcolcon.colcon_core.environment[0m [1;30mLevel 1[0m checking '/home/sage/marc_ws/install/arm_config/bin'
[0.396s] [34mcolcon.colcon_core.shell[0m [1;30mINFO[0m Creating package script '/home/sage/marc_ws/install/arm_config/share/arm_config/package.ps1'
[0.397s] [34mcolcon.colcon_core.shell[0m [1;30mINFO[0m Creating package descriptor '/home/sage/marc_ws/install/arm_config/share/arm_config/package.dsv'
[0.397s] [34mcolcon.colcon_core.shell[0m [1;30mINFO[0m Creating package script '/home/sage/marc_ws/install/arm_config/share/arm_config/package.sh'
[0.397s] [34mcolcon.colcon_core.shell[0m [1;30mINFO[0m Creating package script '/home/sage/marc_ws/install/arm_config/share/arm_config/package.bash'
[0.397s] [34mcolcon.colcon_core.shell[0m [1;30mINFO[0m Creating package script '/home/sage/marc_ws/install/arm_config/share/arm_config/package.zsh'
[0.398s] [34mcolcon.colcon_core.environment[0m [1;30mLevel 1[0m create_file_with_runtime_dependencies(/home/sage/marc_ws/install/arm_config/share/colcon-core/packages/arm_config)
[0.466s] [34mcolcon.colcon_core.event_handler.log_command[0m [1;30mDEBUG[0m [32mInvoked command in '/home/sage/marc_ws/build/pymoveit2' returned '0': CMAKE_PREFIX_PATH=${CMAKE_PREFIX_PATH}:/home/sage/microros_ws/install/sensor_msgs_py:/home/sage/ros/install/my_robo:/home/sage/ros/install/cartographer_launch:/home/sage/ros/install/assign:/opt/ros/humble /usr/bin/cmake --build /home/sage/marc_ws/build/pymoveit2 -- -j16 -l16[0m
[0.497s] [34mcolcon.colcon_core.event_handler.log_command[0m [1;30mDEBUG[0m [32mInvoking command in '/home/sage/marc_ws/build/pymoveit2': CMAKE_PREFIX_PATH=${CMAKE_PREFIX_PATH}:/home/sage/microros_ws/install/sensor_msgs_py:/home/sage/ros/install/my_robo:/home/sage/ros/install/cartographer_launch:/home/sage/ros/install/assign:/opt/ros/humble /usr/bin/cmake --install /home/sage/marc_ws/build/pymoveit2[0m
[0.537s] [34mcolcon.colcon_core.environment[0m [1;30mLevel 1[0m create_environment_scripts_only(pymoveit2)
[0.537s] [34mcolcon.colcon_core.environment[0m [1;30mLevel 1[0m checking '/home/sage/marc_ws/install/pymoveit2' for CMake module files
[0.537s] [34mcolcon.colcon_core.event_handler.log_command[0m [1;30mDEBUG[0m [32mInvoked command in '/home/sage/marc_ws/build/pymoveit2' returned '0': CMAKE_PREFIX_PATH=${CMAKE_PREFIX_PATH}:/home/sage/microros_ws/install/sensor_msgs_py:/home/sage/ros/install/my_robo:/home/sage/ros/install/cartographer_launch:/home/sage/ros/install/assign:/opt/ros/humble /usr/bin/cmake --install /home/sage/marc_ws/build/pymoveit2[0m
[0.538s] [34mcolcon.colcon_core.environment[0m [1;30mLevel 1[0m checking '/home/sage/marc_ws/install/pymoveit2' for CMake config files
[0.538s] [34mcolcon.colcon_core.shell[0m [1;30mLevel 1[0m create_environment_hook('pymoveit2', 'cmake_prefix_path')
[0.538s] [34mcolcon.colcon_core.shell[0m [1;30mINFO[0m Creating environment hook '/home/sage/marc_ws/install/pymoveit2/share/pymoveit2/hook/cmake_prefix_path.ps1'
[0.538s] [34mcolcon.colcon_core.shell[0m [1;30mINFO[0m Creating environment descriptor '/home/sage/marc_ws/install/pymoveit2/share/pymoveit2/hook/cmake_prefix_path.dsv'
[0.538s] [34mcolcon.colcon_core.shell[0m [1;30mINFO[0m Creating environment hook '/home/sage/marc_ws/install/pymoveit2/share/pymoveit2/hook/cmake_prefix_path.sh'
[0.539s] [34mcolcon.colcon_core.environment[0m [1;30mLevel 1[0m checking '/home/sage/marc_ws/install/pymoveit2/lib'
[0.539s] [34mcolcon.colcon_core.environment[0m [1;30mLevel 1[0m checking '/home/sage/marc_ws/install/pymoveit2/bin'
[0.539s] [34mcolcon.colcon_core.environment[0m [1;30mLevel 1[0m checking '/home/sage/marc_ws/install/pymoveit2/lib/pkgconfig/pymoveit2.pc'
[0.539s] [34mcolcon.colcon_core.environment[0m [1;30mLevel 1[0m checking '/home/sage/marc_ws/install/pymoveit2/lib/python3.10/site-packages'
[0.539s] [34mcolcon.colcon_core.environment[0m [1;30mLevel 1[0m checking '/home/sage/marc_ws/install/pymoveit2/bin'
[0.539s] [34mcolcon.colcon_core.shell[0m [1;30mINFO[0m Creating package script '/home/sage/marc_ws/install/pymoveit2/share/pymoveit2/package.ps1'
[0.539s] [34mcolcon.colcon_core.shell[0m [1;30mINFO[0m Creating package descriptor '/home/sage/marc_ws/install/pymoveit2/share/pymoveit2/package.dsv'
[0.540s] [34mcolcon.colcon_core.shell[0m [1;30mINFO[0m Creating package script '/home/sage/marc_ws/install/pymoveit2/share/pymoveit2/package.sh'
[0.540s] [34mcolcon.colcon_core.shell[0m [1;30mINFO[0m Creating package script '/home/sage/marc_ws/install/pymoveit2/share/pymoveit2/package.bash'
[0.540s] [34mcolcon.colcon_core.shell[0m [1;30mINFO[0m Creating package script '/home/sage/marc_ws/install/pymoveit2/share/pymoveit2/package.zsh'
[0.540s] [34mcolcon.colcon_core.environment[0m [1;30mLevel 1[0m create_file_with_runtime_dependencies(/home/sage/marc_ws/install/pymoveit2/share/colcon-core/packages/pymoveit2)
[0.567s] [34mcolcon.colcon_core.environment[0m [1;30mLevel 1[0m create_environment_scripts_only(pymoveit2)
[0.568s] [34mcolcon.colcon_core.environment[0m [1;30mLevel 1[0m checking '/home/sage/marc_ws/install/pymoveit2' for CMake module files
[0.568s] [34mcolcon.colcon_core.environment[0m [1;30mLevel 1[0m checking '/home/sage/marc_ws/install/pymoveit2' for CMake config files
[0.568s] [34mcolcon.colcon_core.shell[0m [1;30mLevel 1[0m create_environment_hook('pymoveit2', 'cmake_prefix_path')
[0.568s] [34mcolcon.colcon_core.shell[0m [1;30mINFO[0m Creating environment hook '/home/sage/marc_ws/install/pymoveit2/share/pymoveit2/hook/cmake_prefix_path.ps1'
[0.568s] [34mcolcon.colcon_core.shell[0m [1;30mINFO[0m Creating environment descriptor '/home/sage/marc_ws/install/pymoveit2/share/pymoveit2/hook/cmake_prefix_path.dsv'
[0.569s] [34mcolcon.colcon_core.shell[0m [1;30mINFO[0m Creating environment hook '/home/sage/marc_ws/install/pymoveit2/share/pymoveit2/hook/cmake_prefix_path.sh'
[0.569s] [34mcolcon.colcon_core.environment[0m [1;30mLevel 1[0m checking '/home/sage/marc_ws/install/pymoveit2/lib'
[0.569s] [34mcolcon.colcon_core.environment[0m [1;30mLevel 1[0m checking '/home/sage/marc_ws/install/pymoveit2/bin'
[0.569s] [34mcolcon.colcon_core.environment[0m [1;30mLevel 1[0m checking '/home/sage/marc_ws/install/pymoveit2/lib/pkgconfig/pymoveit2.pc'
[0.569s] [34mcolcon.colcon_core.environment[0m [1;30mLevel 1[0m checking '/home/sage/marc_ws/install/pymoveit2/lib/python3.10/site-packages'
[0.569s] [34mcolcon.colcon_core.environment[0m [1;30mLevel 1[0m checking '/home/sage/marc_ws/install/pymoveit2/bin'
[0.569s] [34mcolcon.colcon_core.shell[0m [1;30mINFO[0m Creating package script '/home/sage/marc_ws/install/pymoveit2/share/pymoveit2/package.ps1'
[0.570s] [34mcolcon.colcon_core.shell[0m [1;30mINFO[0m Creating package descriptor '/home/sage/marc_ws/install/pymoveit2/share/pymoveit2/package.dsv'
[0.570s] [34mcolcon.colcon_core.shell[0m [1;30mINFO[0m Creating package script '/home/sage/marc_ws/install/pymoveit2/share/pymoveit2/package.sh'
[0.570s] [34mcolcon.colcon_core.shell[0m [1;30mINFO[0m Creating package script '/home/sage/marc_ws/install/pymoveit2/share/pymoveit2/package.bash'
[0.570s] [34mcolcon.colcon_core.shell[0m [1;30mINFO[0m Creating package script '/home/sage/marc_ws/install/pymoveit2/share/pymoveit2/package.zsh'
[0.570s] [34mcolcon.colcon_core.environment[0m [1;30mLevel 1[0m create_file_with_runtime_dependencies(/home/sage/marc_ws/install/pymoveit2/share/colcon-core/packages/pymoveit2)
[0.570s] [34mcolcon.colcon_parallel_executor.executor.parallel[0m [1;30mDEBUG[0m [32mclosing loop[0m
[0.570s] [34mcolcon.colcon_parallel_executor.executor.parallel[0m [1;30mDEBUG[0m [32mloop closed[0m
[0.570s] [34mcolcon.colcon_parallel_executor.executor.parallel[0m [1;30mDEBUG[0m [32mrun_until_complete finished with '0'[0m
[0.571s] [34mcolcon.colcon_core.event_reactor[0m [1;30mDEBUG[0m [32mjoining thread[0m
[0.575s] [34mcolcon.colcon_core.plugin_system[0m [1;30mINFO[0m Skipping extension 'colcon_notification.desktop_notification.terminal_notifier': Not used on non-Darwin systems
[0.575s] [34mcolcon.colcon_core.plugin_system[0m [1;30mINFO[0m Skipping extension 'colcon_notification.desktop_notification.win32': Not used on non-Windows systems
[0.575s] [34mcolcon.colcon_notification.desktop_notification[0m [1;30mINFO[0m Sending desktop notification using 'notify2'
[0.585s] [34mcolcon.colcon_core.event_reactor[0m [1;30mDEBUG[0m [32mjoined thread[0m
[0.585s] [34mcolcon.colcon_core.shell[0m [1;30mINFO[0m Creating prefix script '/home/sage/marc_ws/install/local_setup.ps1'
[0.585s] [34mcolcon.colcon_core.shell[0m [1;30mINFO[0m Creating prefix util module '/home/sage/marc_ws/install/_local_setup_util_ps1.py'
[0.586s] [34mcolcon.colcon_core.shell[0m [1;30mINFO[0m Creating prefix chain script '/home/sage/marc_ws/install/setup.ps1'
[0.588s] [34mcolcon.colcon_core.shell[0m [1;30mINFO[0m Creating prefix script '/home/sage/marc_ws/install/local_setup.sh'
[0.588s] [34mcolcon.colcon_core.shell[0m [1;30mINFO[0m Creating prefix util module '/home/sage/marc_ws/install/_local_setup_util_sh.py'
[0.588s] [34mcolcon.colcon_core.shell[0m [1;30mINFO[0m Creating prefix chain script '/home/sage/marc_ws/install/setup.sh'
[0.589s] [34mcolcon.colcon_core.shell[0m [1;30mINFO[0m Creating prefix script '/home/sage/marc_ws/install/local_setup.bash'
[0.590s] [34mcolcon.colcon_core.shell[0m [1;30mINFO[0m Creating prefix chain script '/home/sage/marc_ws/install/setup.bash'
[0.591s] [34mcolcon.colcon_core.shell[0m [1;30mINFO[0m Creating prefix script '/home/sage/marc_ws/install/local_setup.zsh'
[0.591s] [34mcolcon.colcon_core.shell[0m [1;30mINFO[0m Creating prefix chain script '/home/sage/marc_ws/install/setup.zsh'
