[0.010s] Invoking command in '/home/sage/marc_ws/build/marc': CMAKE_PREFIX_PATH=${CMAKE_PREFIX_PATH}:/home/sage/microros_ws/install/sensor_msgs_py:/home/sage/ros/install/my_robo:/home/sage/ros/install/cartographer_launch:/home/sage/ros/install/assign:/opt/ros/humble /usr/bin/cmake /home/sage/marc_ws/src/marc -DCMAKE_INSTALL_PREFIX=/home/sage/marc_ws/install/marc
[0.076s] -- The C compiler identification is GNU 11.4.0
[0.116s] -- The CXX compiler identification is GNU 11.4.0
[0.122s] -- Detecting C compiler ABI info
[0.183s] -- Detecting C compiler ABI info - done
[0.188s] -- Check for working C compiler: /usr/bin/cc - skipped
[0.188s] -- Detecting C compile features
[0.188s] -- Detecting C compile features - done
[0.190s] -- Detecting CXX compiler ABI info
[0.258s] -- Detecting CXX compiler ABI info - done
[0.262s] -- Check for working CXX compiler: /usr/bin/c++ - skipped
[0.262s] -- Detecting CXX compile features
[0.262s] -- Detecting CXX compile features - done
[0.266s] -- Found ament_cmake: 1.3.9 (/opt/ros/humble/share/ament_cmake/cmake)
[0.581s] -- Found Python3: /usr/bin/python3 (found version "3.10.12") found components: Interpreter 
[0.736s] -- Configuring done
[0.737s] -- Generating done
[0.738s] -- Build files have been written to: /home/sage/marc_ws/build/marc
[0.741s] Invoked command in '/home/sage/marc_ws/build/marc' returned '0': CMAKE_PREFIX_PATH=${CMAKE_PREFIX_PATH}:/home/sage/microros_ws/install/sensor_msgs_py:/home/sage/ros/install/my_robo:/home/sage/ros/install/cartographer_launch:/home/sage/ros/install/assign:/opt/ros/humble /usr/bin/cmake /home/sage/marc_ws/src/marc -DCMAKE_INSTALL_PREFIX=/home/sage/marc_ws/install/marc
[0.741s] Invoking command in '/home/sage/marc_ws/build/marc': CMAKE_PREFIX_PATH=${CMAKE_PREFIX_PATH}:/home/sage/microros_ws/install/sensor_msgs_py:/home/sage/ros/install/my_robo:/home/sage/ros/install/cartographer_launch:/home/sage/ros/install/assign:/opt/ros/humble /usr/bin/cmake --build /home/sage/marc_ws/build/marc -- -j16 -l16
[0.781s] Invoked command in '/home/sage/marc_ws/build/marc' returned '0': CMAKE_PREFIX_PATH=${CMAKE_PREFIX_PATH}:/home/sage/microros_ws/install/sensor_msgs_py:/home/sage/ros/install/my_robo:/home/sage/ros/install/cartographer_launch:/home/sage/ros/install/assign:/opt/ros/humble /usr/bin/cmake --build /home/sage/marc_ws/build/marc -- -j16 -l16
[0.817s] Invoking command in '/home/sage/marc_ws/build/marc': CMAKE_PREFIX_PATH=${CMAKE_PREFIX_PATH}:/home/sage/microros_ws/install/sensor_msgs_py:/home/sage/ros/install/my_robo:/home/sage/ros/install/cartographer_launch:/home/sage/ros/install/assign:/opt/ros/humble /usr/bin/cmake --install /home/sage/marc_ws/build/marc
[0.824s] -- Install configuration: ""
[0.824s] -- Installing: /home/sage/marc_ws/install/marc/share/marc/urdf
[0.824s] -- Installing: /home/sage/marc_ws/install/marc/share/marc/urdf/marc.urdf
[0.824s] -- Installing: /home/sage/marc_ws/install/marc/share/marc/urdf/marc.csv
[0.824s] -- Installing: /home/sage/marc_ws/install/marc/share/marc/meshes
[0.824s] -- Installing: /home/sage/marc_ws/install/marc/share/marc/meshes/wrist_link.STL
[0.825s] -- Installing: /home/sage/marc_ws/install/marc/share/marc/meshes/upper_arm_link.STL
[0.825s] -- Installing: /home/sage/marc_ws/install/marc/share/marc/meshes/base_link.STL
[0.825s] -- Installing: /home/sage/marc_ws/install/marc/share/marc/meshes/elbow_link.STL
[0.825s] -- Installing: /home/sage/marc_ws/install/marc/share/marc/meshes/ee_link.STL
[0.825s] -- Installing: /home/sage/marc_ws/install/marc/share/marc/meshes/shoulder_link.STL
[0.826s] -- Installing: /home/sage/marc_ws/install/marc/share/marc/launch
[0.826s] -- Installing: /home/sage/marc_ws/install/marc/share/marc/launch/display.launch
[0.826s] -- Installing: /home/sage/marc_ws/install/marc/share/marc/launch/gazebo.launch
[0.826s] -- Installing: /home/sage/marc_ws/install/marc/share/ament_index/resource_index/package_run_dependencies/marc
[0.826s] -- Installing: /home/sage/marc_ws/install/marc/share/ament_index/resource_index/parent_prefix_path/marc
[0.826s] -- Installing: /home/sage/marc_ws/install/marc/share/marc/environment/ament_prefix_path.sh
[0.826s] -- Installing: /home/sage/marc_ws/install/marc/share/marc/environment/ament_prefix_path.dsv
[0.826s] -- Installing: /home/sage/marc_ws/install/marc/share/marc/environment/path.sh
[0.826s] -- Installing: /home/sage/marc_ws/install/marc/share/marc/environment/path.dsv
[0.826s] -- Installing: /home/sage/marc_ws/install/marc/share/marc/local_setup.bash
[0.826s] -- Installing: /home/sage/marc_ws/install/marc/share/marc/local_setup.sh
[0.826s] -- Installing: /home/sage/marc_ws/install/marc/share/marc/local_setup.zsh
[0.826s] -- Installing: /home/sage/marc_ws/install/marc/share/marc/local_setup.dsv
[0.826s] -- Installing: /home/sage/marc_ws/install/marc/share/marc/package.dsv
[0.826s] -- Installing: /home/sage/marc_ws/install/marc/share/ament_index/resource_index/packages/marc
[0.826s] -- Installing: /home/sage/marc_ws/install/marc/share/marc/cmake/marcConfig.cmake
[0.826s] -- Installing: /home/sage/marc_ws/install/marc/share/marc/cmake/marcConfig-version.cmake
[0.826s] -- Installing: /home/sage/marc_ws/install/marc/share/marc/package.xml
[0.827s] Invoked command in '/home/sage/marc_ws/build/marc' returned '0': CMAKE_PREFIX_PATH=${CMAKE_PREFIX_PATH}:/home/sage/microros_ws/install/sensor_msgs_py:/home/sage/ros/install/my_robo:/home/sage/ros/install/cartographer_launch:/home/sage/ros/install/assign:/opt/ros/humble /usr/bin/cmake --install /home/sage/marc_ws/build/marc
