[0.007s] Invoking command in '/home/batman/marc/build/marc': CFLAGS=-I/usr/local/cuda-12.4/include CMAKE_PREFIX_PATH=${CMAKE_PREFIX_PATH}:/opt/ros/humble /usr/bin/cmake /home/batman/marc/src/marc -DCMAKE_INSTALL_PREFIX=/home/batman/marc/install/marc
[0.079s] -- The C compiler identification is GNU 11.4.0
[0.151s] -- The CXX compiler identification is GNU 11.4.0
[0.160s] -- Detecting C compiler ABI info
[0.249s] -- Detecting C compiler ABI info - done
[0.261s] -- Check for working C compiler: /usr/bin/cc - skipped
[0.261s] -- Detecting C compile features
[0.262s] -- Detecting C compile features - done
[0.266s] -- Detecting CXX compiler ABI info
[0.367s] -- Detecting CXX compiler ABI info - done
[0.378s] -- Check for working CXX compiler: /usr/bin/c++ - skipped
[0.379s] -- Detecting CXX compile features
[0.379s] -- Detecting CXX compile features - done
[0.382s] -- Found ament_cmake: 1.3.11 (/opt/ros/humble/share/ament_cmake/cmake)
[0.843s] -- Found Python3: /usr/local/bin/python3 (found version "3.13.1") found components: Interpreter 
[1.049s] -- Configuring done
[1.050s] -- Generating done
[1.051s] -- Build files have been written to: /home/batman/marc/build/marc
[1.055s] Invoked command in '/home/batman/marc/build/marc' returned '0': CFLAGS=-I/usr/local/cuda-12.4/include CMAKE_PREFIX_PATH=${CMAKE_PREFIX_PATH}:/opt/ros/humble /usr/bin/cmake /home/batman/marc/src/marc -DCMAKE_INSTALL_PREFIX=/home/batman/marc/install/marc
[1.055s] Invoking command in '/home/batman/marc/build/marc': CFLAGS=-I/usr/local/cuda-12.4/include CMAKE_PREFIX_PATH=${CMAKE_PREFIX_PATH}:/opt/ros/humble /usr/bin/cmake --build /home/batman/marc/build/marc -- -j16 -l16
[1.097s] Invoked command in '/home/batman/marc/build/marc' returned '0': CFLAGS=-I/usr/local/cuda-12.4/include CMAKE_PREFIX_PATH=${CMAKE_PREFIX_PATH}:/opt/ros/humble /usr/bin/cmake --build /home/batman/marc/build/marc -- -j16 -l16
[1.110s] Invoking command in '/home/batman/marc/build/marc': CFLAGS=-I/usr/local/cuda-12.4/include CMAKE_PREFIX_PATH=${CMAKE_PREFIX_PATH}:/opt/ros/humble /usr/bin/cmake --install /home/batman/marc/build/marc
[1.119s] -- Install configuration: ""
[1.119s] -- Installing: /home/batman/marc/install/marc/share/marc/urdf
[1.119s] -- Installing: /home/batman/marc/install/marc/share/marc/urdf/marc.csv
[1.120s] -- Installing: /home/batman/marc/install/marc/share/marc/urdf/marc.urdf
[1.120s] -- Installing: /home/batman/marc/install/marc/share/marc/meshes
[1.120s] -- Installing: /home/batman/marc/install/marc/share/marc/meshes/shoulder_link.STL
[1.120s] -- Installing: /home/batman/marc/install/marc/share/marc/meshes/base_link.STL
[1.121s] -- Installing: /home/batman/marc/install/marc/share/marc/meshes/ee_link.STL
[1.121s] -- Installing: /home/batman/marc/install/marc/share/marc/meshes/upper_arm_link.STL
[1.121s] -- Installing: /home/batman/marc/install/marc/share/marc/meshes/elbow_link.STL
[1.121s] -- Installing: /home/batman/marc/install/marc/share/marc/meshes/wrist_link.STL
[1.122s] -- Installing: /home/batman/marc/install/marc/share/marc/launch
[1.122s] -- Installing: /home/batman/marc/install/marc/share/marc/launch/display.launch
[1.122s] -- Installing: /home/batman/marc/install/marc/share/marc/launch/gazebo.launch
[1.122s] -- Installing: /home/batman/marc/install/marc/lib/marc/detector_click.py
[1.122s] -- Installing: /home/batman/marc/install/marc/share/ament_index/resource_index/package_run_dependencies/marc
[1.122s] -- Installing: /home/batman/marc/install/marc/share/ament_index/resource_index/parent_prefix_path/marc
[1.122s] -- Installing: /home/batman/marc/install/marc/share/marc/environment/ament_prefix_path.sh
[1.122s] -- Installing: /home/batman/marc/install/marc/share/marc/environment/ament_prefix_path.dsv
[1.122s] -- Installing: /home/batman/marc/install/marc/share/marc/environment/path.sh
[1.123s] -- Installing: /home/batman/marc/install/marc/share/marc/environment/path.dsv
[1.123s] -- Installing: /home/batman/marc/install/marc/share/marc/local_setup.bash
[1.123s] -- Installing: /home/batman/marc/install/marc/share/marc/local_setup.sh
[1.123s] -- Installing: /home/batman/marc/install/marc/share/marc/local_setup.zsh
[1.123s] -- Installing: /home/batman/marc/install/marc/share/marc/local_setup.dsv
[1.123s] -- Installing: /home/batman/marc/install/marc/share/marc/package.dsv
[1.123s] -- Installing: /home/batman/marc/install/marc/share/ament_index/resource_index/packages/marc
[1.123s] -- Installing: /home/batman/marc/install/marc/share/marc/cmake/marcConfig.cmake
[1.123s] -- Installing: /home/batman/marc/install/marc/share/marc/cmake/marcConfig-version.cmake
[1.123s] -- Installing: /home/batman/marc/install/marc/share/marc/package.xml
[1.126s] Invoked command in '/home/batman/marc/build/marc' returned '0': CFLAGS=-I/usr/local/cuda-12.4/include CMAKE_PREFIX_PATH=${CMAKE_PREFIX_PATH}:/opt/ros/humble /usr/bin/cmake --install /home/batman/marc/build/marc
