-- Install configuration: ""
-- Up-to-date: /home/batman/marc/install/yconfig/share/ament_index/resource_index/package_run_dependencies/yconfig
-- Up-to-date: /home/batman/marc/install/yconfig/share/ament_index/resource_index/parent_prefix_path/yconfig
-- Up-to-date: /home/batman/marc/install/yconfig/share/yconfig/environment/ament_prefix_path.sh
-- Up-to-date: /home/batman/marc/install/yconfig/share/yconfig/environment/ament_prefix_path.dsv
-- Up-to-date: /home/batman/marc/install/yconfig/share/yconfig/environment/path.sh
-- Up-to-date: /home/batman/marc/install/yconfig/share/yconfig/environment/path.dsv
-- Up-to-date: /home/batman/marc/install/yconfig/share/yconfig/local_setup.bash
-- Up-to-date: /home/batman/marc/install/yconfig/share/yconfig/local_setup.sh
-- Up-to-date: /home/batman/marc/install/yconfig/share/yconfig/local_setup.zsh
-- Up-to-date: /home/batman/marc/install/yconfig/share/yconfig/local_setup.dsv
-- Installing: /home/batman/marc/install/yconfig/share/yconfig/package.dsv
-- Up-to-date: /home/batman/marc/install/yconfig/share/ament_index/resource_index/packages/yconfig
-- Up-to-date: /home/batman/marc/install/yconfig/share/yconfig/cmake/yconfigConfig.cmake
-- Up-to-date: /home/batman/marc/install/yconfig/share/yconfig/cmake/yconfigConfig-version.cmake
-- Up-to-date: /home/batman/marc/install/yconfig/share/yconfig/package.xml
-- Up-to-date: /home/batman/marc/install/yconfig/share/yconfig/launch
-- Up-to-date: /home/batman/marc/install/yconfig/share/yconfig/launch/moveit_rviz.launch.py
-- Up-to-date: /home/batman/marc/install/yconfig/share/yconfig/launch/move_group.launch.py
-- Up-to-date: /home/batman/marc/install/yconfig/share/yconfig/launch/warehouse_db.launch.py
-- Up-to-date: /home/batman/marc/install/yconfig/share/yconfig/launch/static_virtual_joint_tfs.launch.py
-- Up-to-date: /home/batman/marc/install/yconfig/share/yconfig/launch/setup_assistant.launch.py
-- Up-to-date: /home/batman/marc/install/yconfig/share/yconfig/launch/spawn_controllers.launch.py
-- Up-to-date: /home/batman/marc/install/yconfig/share/yconfig/launch/rsp.launch.py
-- Up-to-date: /home/batman/marc/install/yconfig/share/yconfig/launch/demo.launch.py
-- Up-to-date: /home/batman/marc/install/yconfig/share/yconfig/config
-- Up-to-date: /home/batman/marc/install/yconfig/share/yconfig/config/marc.urdf.xacro
-- Up-to-date: /home/batman/marc/install/yconfig/share/yconfig/config/moveit.rviz
-- Up-to-date: /home/batman/marc/install/yconfig/share/yconfig/config/ros2_controllers.yaml
-- Up-to-date: /home/batman/marc/install/yconfig/share/yconfig/config/moveit_controllers.yaml
-- Up-to-date: /home/batman/marc/install/yconfig/share/yconfig/config/kinematics.yaml
-- Up-to-date: /home/batman/marc/install/yconfig/share/yconfig/config/initial_positions.yaml
-- Up-to-date: /home/batman/marc/install/yconfig/share/yconfig/config/pilz_cartesian_limits.yaml
-- Up-to-date: /home/batman/marc/install/yconfig/share/yconfig/config/joint_limits.yaml
-- Up-to-date: /home/batman/marc/install/yconfig/share/yconfig/config/marc.srdf
-- Up-to-date: /home/batman/marc/install/yconfig/share/yconfig/config/marc.ros2_control.xacro
-- Up-to-date: /home/batman/marc/install/yconfig/share/yconfig/.setup_assistant
