[0.017s] Invoking command in '/home/batman/marc/build/arm_config': CFLAGS=-I/usr/local/cuda-12.4/include CMAKE_PREFIX_PATH=/home/batman/marc/install/marc:/home/batman/marc/install/yconfig:/home/batman/marc/install/arm_config:/home/batman/Desktop/ROS2/microros_ws/install/micro_ros_setup:/home/batman/Desktop/ROS2/microros_ws/install/micro_ros_agent:/home/batman/Desktop/ROS2/microros_ws/install/micro_ros_msgs:/home/batman/Desktop/ROS2/ros2_astra_ws/install/zed_ros2:/home/batman/Desktop/ROS2/ros2_astra_ws/install/zed_wrapper:/home/batman/Desktop/ROS2/ros2_astra_ws/install/zed_components:/home/batman/Desktop/ROS2/ros2_astra_ws/install/zed_interfaces:/opt/ros/humble /usr/bin/cmake /home/batman/marc/src/arm_config -DCMAKE_INSTALL_PREFIX=/home/batman/marc/install/arm_config
[0.110s] -- The C compiler identification is GNU 11.4.0
[0.193s] -- The CXX compiler identification is GNU 11.4.0
[0.205s] -- Detecting C compiler ABI info
[0.313s] -- Detecting C compiler ABI info - done
[0.326s] -- Check for working C compiler: /usr/bin/cc - skipped
[0.327s] -- Detecting C compile features
[0.327s] -- Detecting C compile features - done
[0.332s] -- Detecting CXX compiler ABI info
[0.459s] -- Detecting CXX compiler ABI info - done
[0.472s] -- Check for working CXX compiler: /usr/bin/c++ - skipped
[0.472s] -- Detecting CXX compile features
[0.473s] -- Detecting CXX compile features - done
[0.477s] -- Found ament_cmake: 1.3.11 (/opt/ros/humble/share/ament_cmake/cmake)
[0.868s] -- Found Python3: /usr/local/bin/python3 (found version "3.13.1") found components: Interpreter 
[1.168s] -- Configuring done
[1.170s] -- Generating done
[1.172s] -- Build files have been written to: /home/batman/marc/build/arm_config
[1.176s] Invoked command in '/home/batman/marc/build/arm_config' returned '0': CFLAGS=-I/usr/local/cuda-12.4/include CMAKE_PREFIX_PATH=/home/batman/marc/install/marc:/home/batman/marc/install/yconfig:/home/batman/marc/install/arm_config:/home/batman/Desktop/ROS2/microros_ws/install/micro_ros_setup:/home/batman/Desktop/ROS2/microros_ws/install/micro_ros_agent:/home/batman/Desktop/ROS2/microros_ws/install/micro_ros_msgs:/home/batman/Desktop/ROS2/ros2_astra_ws/install/zed_ros2:/home/batman/Desktop/ROS2/ros2_astra_ws/install/zed_wrapper:/home/batman/Desktop/ROS2/ros2_astra_ws/install/zed_components:/home/batman/Desktop/ROS2/ros2_astra_ws/install/zed_interfaces:/opt/ros/humble /usr/bin/cmake /home/batman/marc/src/arm_config -DCMAKE_INSTALL_PREFIX=/home/batman/marc/install/arm_config
[1.179s] Invoking command in '/home/batman/marc/build/arm_config': CFLAGS=-I/usr/local/cuda-12.4/include CMAKE_PREFIX_PATH=/home/batman/marc/install/marc:/home/batman/marc/install/yconfig:/home/batman/marc/install/arm_config:/home/batman/Desktop/ROS2/microros_ws/install/micro_ros_setup:/home/batman/Desktop/ROS2/microros_ws/install/micro_ros_agent:/home/batman/Desktop/ROS2/microros_ws/install/micro_ros_msgs:/home/batman/Desktop/ROS2/ros2_astra_ws/install/zed_ros2:/home/batman/Desktop/ROS2/ros2_astra_ws/install/zed_wrapper:/home/batman/Desktop/ROS2/ros2_astra_ws/install/zed_components:/home/batman/Desktop/ROS2/ros2_astra_ws/install/zed_interfaces:/opt/ros/humble /usr/bin/cmake --build /home/batman/marc/build/arm_config -- -j16 -l16
[1.234s] Invoked command in '/home/batman/marc/build/arm_config' returned '0': CFLAGS=-I/usr/local/cuda-12.4/include CMAKE_PREFIX_PATH=/home/batman/marc/install/marc:/home/batman/marc/install/yconfig:/home/batman/marc/install/arm_config:/home/batman/Desktop/ROS2/microros_ws/install/micro_ros_setup:/home/batman/Desktop/ROS2/microros_ws/install/micro_ros_agent:/home/batman/Desktop/ROS2/microros_ws/install/micro_ros_msgs:/home/batman/Desktop/ROS2/ros2_astra_ws/install/zed_ros2:/home/batman/Desktop/ROS2/ros2_astra_ws/install/zed_wrapper:/home/batman/Desktop/ROS2/ros2_astra_ws/install/zed_components:/home/batman/Desktop/ROS2/ros2_astra_ws/install/zed_interfaces:/opt/ros/humble /usr/bin/cmake --build /home/batman/marc/build/arm_config -- -j16 -l16
[1.236s] Invoking command in '/home/batman/marc/build/arm_config': CFLAGS=-I/usr/local/cuda-12.4/include CMAKE_PREFIX_PATH=/home/batman/marc/install/marc:/home/batman/marc/install/yconfig:/home/batman/marc/install/arm_config:/home/batman/Desktop/ROS2/microros_ws/install/micro_ros_setup:/home/batman/Desktop/ROS2/microros_ws/install/micro_ros_agent:/home/batman/Desktop/ROS2/microros_ws/install/micro_ros_msgs:/home/batman/Desktop/ROS2/ros2_astra_ws/install/zed_ros2:/home/batman/Desktop/ROS2/ros2_astra_ws/install/zed_wrapper:/home/batman/Desktop/ROS2/ros2_astra_ws/install/zed_components:/home/batman/Desktop/ROS2/ros2_astra_ws/install/zed_interfaces:/opt/ros/humble /usr/bin/cmake --install /home/batman/marc/build/arm_config
[1.246s] -- Install configuration: ""
[1.246s] -- Installing: /home/batman/marc/install/arm_config/share/ament_index/resource_index/package_run_dependencies/arm_config
[1.246s] -- Installing: /home/batman/marc/install/arm_config/share/ament_index/resource_index/parent_prefix_path/arm_config
[1.247s] -- Installing: /home/batman/marc/install/arm_config/share/arm_config/environment/ament_prefix_path.sh
[1.247s] -- Installing: /home/batman/marc/install/arm_config/share/arm_config/environment/ament_prefix_path.dsv
[1.247s] -- Installing: /home/batman/marc/install/arm_config/share/arm_config/environment/path.sh
[1.247s] -- Installing: /home/batman/marc/install/arm_config/share/arm_config/environment/path.dsv
[1.247s] -- Installing: /home/batman/marc/install/arm_config/share/arm_config/local_setup.bash
[1.248s] -- Installing: /home/batman/marc/install/arm_config/share/arm_config/local_setup.sh
[1.248s] -- Installing: /home/batman/marc/install/arm_config/share/arm_config/local_setup.zsh
[1.248s] -- Installing: /home/batman/marc/install/arm_config/share/arm_config/local_setup.dsv
[1.248s] -- Installing: /home/batman/marc/install/arm_config/share/arm_config/package.dsv
[1.248s] -- Installing: /home/batman/marc/install/arm_config/share/ament_index/resource_index/packages/arm_config
[1.248s] -- Installing: /home/batman/marc/install/arm_config/share/arm_config/cmake/arm_configConfig.cmake
[1.248s] -- Installing: /home/batman/marc/install/arm_config/share/arm_config/cmake/arm_configConfig-version.cmake
[1.248s] -- Installing: /home/batman/marc/install/arm_config/share/arm_config/package.xml
[1.248s] -- Installing: /home/batman/marc/install/arm_config/share/arm_config/launch
[1.248s] -- Installing: /home/batman/marc/install/arm_config/share/arm_config/launch/moveit_rviz.launch.py
[1.248s] -- Installing: /home/batman/marc/install/arm_config/share/arm_config/launch/move_group.launch.py
[1.249s] -- Installing: /home/batman/marc/install/arm_config/share/arm_config/launch/warehouse_db.launch.py
[1.249s] -- Installing: /home/batman/marc/install/arm_config/share/arm_config/launch/static_virtual_joint_tfs.launch.py
[1.249s] -- Installing: /home/batman/marc/install/arm_config/share/arm_config/launch/setup_assistant.launch.py
[1.249s] -- Installing: /home/batman/marc/install/arm_config/share/arm_config/launch/spawn_controllers.launch.py
[1.249s] -- Installing: /home/batman/marc/install/arm_config/share/arm_config/launch/rsp.launch.py
[1.249s] -- Installing: /home/batman/marc/install/arm_config/share/arm_config/launch/demo.launch.py
[1.249s] -- Installing: /home/batman/marc/install/arm_config/share/arm_config/config
[1.249s] -- Installing: /home/batman/marc/install/arm_config/share/arm_config/config/marc.urdf.xacro
[1.249s] -- Installing: /home/batman/marc/install/arm_config/share/arm_config/config/moveit.rviz
[1.249s] -- Installing: /home/batman/marc/install/arm_config/share/arm_config/config/ros2_controllers.yaml
[1.249s] -- Installing: /home/batman/marc/install/arm_config/share/arm_config/config/moveit_controllers.yaml
[1.249s] -- Installing: /home/batman/marc/install/arm_config/share/arm_config/config/kinematics.yaml
[1.249s] -- Installing: /home/batman/marc/install/arm_config/share/arm_config/config/initial_positions.yaml
[1.250s] -- Installing: /home/batman/marc/install/arm_config/share/arm_config/config/pilz_cartesian_limits.yaml
[1.250s] -- Installing: /home/batman/marc/install/arm_config/share/arm_config/config/joint_limits.yaml
[1.250s] -- Installing: /home/batman/marc/install/arm_config/share/arm_config/config/marc.srdf
[1.250s] -- Installing: /home/batman/marc/install/arm_config/share/arm_config/config/marc.ros2_control.xacro
[1.250s] -- Installing: /home/batman/marc/install/arm_config/share/arm_config/.setup_assistant
[1.252s] Invoked command in '/home/batman/marc/build/arm_config' returned '0': CFLAGS=-I/usr/local/cuda-12.4/include CMAKE_PREFIX_PATH=/home/batman/marc/install/marc:/home/batman/marc/install/yconfig:/home/batman/marc/install/arm_config:/home/batman/Desktop/ROS2/microros_ws/install/micro_ros_setup:/home/batman/Desktop/ROS2/microros_ws/install/micro_ros_agent:/home/batman/Desktop/ROS2/microros_ws/install/micro_ros_msgs:/home/batman/Desktop/ROS2/ros2_astra_ws/install/zed_ros2:/home/batman/Desktop/ROS2/ros2_astra_ws/install/zed_wrapper:/home/batman/Desktop/ROS2/ros2_astra_ws/install/zed_components:/home/batman/Desktop/ROS2/ros2_astra_ws/install/zed_interfaces:/opt/ros/humble /usr/bin/cmake --install /home/batman/marc/build/arm_config
