[0.011s] Invoking command in '/home/sage/marc_ws/build/pymoveit2': CMAKE_PREFIX_PATH=${CMAKE_PREFIX_PATH}:/home/sage/microros_ws/install/sensor_msgs_py:/home/sage/ros/install/my_robo:/home/sage/ros/install/cartographer_launch:/home/sage/ros/install/assign:/opt/ros/humble /usr/bin/cmake --build /home/sage/marc_ws/build/pymoveit2 -- -j16 -l16
[0.068s] Built target ament_cmake_python_copy_pymoveit2
[0.224s] running egg_info
[0.234s] writing pymoveit2.egg-info/PKG-INFO
[0.234s] writing dependency_links to pymoveit2.egg-info/dependency_links.txt
[0.234s] writing top-level names to pymoveit2.egg-info/top_level.txt
[0.264s] reading manifest file 'pymoveit2.egg-info/SOURCES.txt'
[0.264s] writing manifest file 'pymoveit2.egg-info/SOURCES.txt'
[0.283s] Built target ament_cmake_python_build_pymoveit2_egg
[0.291s] Invoked command in '/home/sage/marc_ws/build/pymoveit2' returned '0': CMAKE_PREFIX_PATH=${CMAKE_PREFIX_PATH}:/home/sage/microros_ws/install/sensor_msgs_py:/home/sage/ros/install/my_robo:/home/sage/ros/install/cartographer_launch:/home/sage/ros/install/assign:/opt/ros/humble /usr/bin/cmake --build /home/sage/marc_ws/build/pymoveit2 -- -j16 -l16
[0.320s] Invoking command in '/home/sage/marc_ws/build/pymoveit2': CMAKE_PREFIX_PATH=${CMAKE_PREFIX_PATH}:/home/sage/microros_ws/install/sensor_msgs_py:/home/sage/ros/install/my_robo:/home/sage/ros/install/cartographer_launch:/home/sage/ros/install/assign:/opt/ros/humble /usr/bin/cmake --install /home/sage/marc_ws/build/pymoveit2
[0.326s] -- Install configuration: ""
[0.326s] -- Up-to-date: /home/sage/marc_ws/install/pymoveit2/share/pymoveit2/environment/pythonpath.sh
[0.326s] -- Up-to-date: /home/sage/marc_ws/install/pymoveit2/share/pymoveit2/environment/pythonpath.dsv
[0.327s] -- Up-to-date: /home/sage/marc_ws/install/pymoveit2/local/lib/python3.10/dist-packages/pymoveit2-4.0.0-py3.10.egg-info
[0.327s] -- Installing: /home/sage/marc_ws/install/pymoveit2/local/lib/python3.10/dist-packages/pymoveit2-4.0.0-py3.10.egg-info/dependency_links.txt
[0.327s] -- Installing: /home/sage/marc_ws/install/pymoveit2/local/lib/python3.10/dist-packages/pymoveit2-4.0.0-py3.10.egg-info/PKG-INFO
[0.327s] -- Installing: /home/sage/marc_ws/install/pymoveit2/local/lib/python3.10/dist-packages/pymoveit2-4.0.0-py3.10.egg-info/SOURCES.txt
[0.327s] -- Installing: /home/sage/marc_ws/install/pymoveit2/local/lib/python3.10/dist-packages/pymoveit2-4.0.0-py3.10.egg-info/top_level.txt
[0.327s] -- Up-to-date: /home/sage/marc_ws/install/pymoveit2/local/lib/python3.10/dist-packages/pymoveit2
[0.327s] -- Up-to-date: /home/sage/marc_ws/install/pymoveit2/local/lib/python3.10/dist-packages/pymoveit2/moveit2_gripper.py
[0.327s] -- Up-to-date: /home/sage/marc_ws/install/pymoveit2/local/lib/python3.10/dist-packages/pymoveit2/moveit2_servo.py
[0.327s] -- Up-to-date: /home/sage/marc_ws/install/pymoveit2/local/lib/python3.10/dist-packages/pymoveit2/moveit2.py
[0.327s] -- Up-to-date: /home/sage/marc_ws/install/pymoveit2/local/lib/python3.10/dist-packages/pymoveit2/gripper_command.py
[0.327s] -- Up-to-date: /home/sage/marc_ws/install/pymoveit2/local/lib/python3.10/dist-packages/pymoveit2/robots
[0.327s] -- Up-to-date: /home/sage/marc_ws/install/pymoveit2/local/lib/python3.10/dist-packages/pymoveit2/robots/crane_x7.py
[0.327s] -- Up-to-date: /home/sage/marc_ws/install/pymoveit2/local/lib/python3.10/dist-packages/pymoveit2/robots/ur.py
[0.327s] -- Up-to-date: /home/sage/marc_ws/install/pymoveit2/local/lib/python3.10/dist-packages/pymoveit2/robots/phantomx_pincher.py
[0.327s] -- Up-to-date: /home/sage/marc_ws/install/pymoveit2/local/lib/python3.10/dist-packages/pymoveit2/robots/kinova.py
[0.328s] -- Up-to-date: /home/sage/marc_ws/install/pymoveit2/local/lib/python3.10/dist-packages/pymoveit2/robots/__init__.py
[0.328s] -- Up-to-date: /home/sage/marc_ws/install/pymoveit2/local/lib/python3.10/dist-packages/pymoveit2/robots/marc.py
[0.328s] -- Up-to-date: /home/sage/marc_ws/install/pymoveit2/local/lib/python3.10/dist-packages/pymoveit2/robots/panda.py
[0.328s] -- Up-to-date: /home/sage/marc_ws/install/pymoveit2/local/lib/python3.10/dist-packages/pymoveit2/robots/lbr.py
[0.328s] -- Up-to-date: /home/sage/marc_ws/install/pymoveit2/local/lib/python3.10/dist-packages/pymoveit2/gripper_interface.py
[0.328s] -- Up-to-date: /home/sage/marc_ws/install/pymoveit2/local/lib/python3.10/dist-packages/pymoveit2/__init__.py
[0.354s] Listing '/home/sage/marc_ws/install/pymoveit2/local/lib/python3.10/dist-packages/pymoveit2'...
[0.354s] Listing '/home/sage/marc_ws/install/pymoveit2/local/lib/python3.10/dist-packages/pymoveit2/robots'...
[0.357s] -- Up-to-date: /home/sage/marc_ws/install/pymoveit2/lib/pymoveit2/ex_allow_collisions.py
[0.357s] -- Up-to-date: /home/sage/marc_ws/install/pymoveit2/lib/pymoveit2/ex_clear_planning_scene.py
[0.357s] -- Up-to-date: /home/sage/marc_ws/install/pymoveit2/lib/pymoveit2/ex_collision_mesh.py
[0.357s] -- Up-to-date: /home/sage/marc_ws/install/pymoveit2/lib/pymoveit2/ex_collision_primitive.py
[0.357s] -- Up-to-date: /home/sage/marc_ws/install/pymoveit2/lib/pymoveit2/ex_fk.py
[0.357s] -- Up-to-date: /home/sage/marc_ws/install/pymoveit2/lib/pymoveit2/ex_gripper.py
[0.357s] -- Up-to-date: /home/sage/marc_ws/install/pymoveit2/lib/pymoveit2/ex_ik.py
[0.357s] -- Up-to-date: /home/sage/marc_ws/install/pymoveit2/lib/pymoveit2/ex_joint_goal.py
[0.357s] -- Up-to-date: /home/sage/marc_ws/install/pymoveit2/lib/pymoveit2/ex_orientation_path_constraint.py
[0.357s] -- Up-to-date: /home/sage/marc_ws/install/pymoveit2/lib/pymoveit2/ex_pose_goal.py
[0.357s] -- Up-to-date: /home/sage/marc_ws/install/pymoveit2/lib/pymoveit2/ex_servo.py
[0.357s] -- Up-to-date: /home/sage/marc_ws/install/pymoveit2/share/ament_index/resource_index/package_run_dependencies/pymoveit2
[0.357s] -- Up-to-date: /home/sage/marc_ws/install/pymoveit2/share/ament_index/resource_index/parent_prefix_path/pymoveit2
[0.357s] -- Up-to-date: /home/sage/marc_ws/install/pymoveit2/share/pymoveit2/environment/ament_prefix_path.sh
[0.357s] -- Up-to-date: /home/sage/marc_ws/install/pymoveit2/share/pymoveit2/environment/ament_prefix_path.dsv
[0.357s] -- Up-to-date: /home/sage/marc_ws/install/pymoveit2/share/pymoveit2/environment/path.sh
[0.357s] -- Up-to-date: /home/sage/marc_ws/install/pymoveit2/share/pymoveit2/environment/path.dsv
[0.357s] -- Up-to-date: /home/sage/marc_ws/install/pymoveit2/share/pymoveit2/local_setup.bash
[0.358s] -- Up-to-date: /home/sage/marc_ws/install/pymoveit2/share/pymoveit2/local_setup.sh
[0.358s] -- Up-to-date: /home/sage/marc_ws/install/pymoveit2/share/pymoveit2/local_setup.zsh
[0.358s] -- Up-to-date: /home/sage/marc_ws/install/pymoveit2/share/pymoveit2/local_setup.dsv
[0.358s] -- Installing: /home/sage/marc_ws/install/pymoveit2/share/pymoveit2/package.dsv
[0.358s] -- Up-to-date: /home/sage/marc_ws/install/pymoveit2/share/ament_index/resource_index/packages/pymoveit2
[0.358s] -- Up-to-date: /home/sage/marc_ws/install/pymoveit2/share/pymoveit2/cmake/pymoveit2Config.cmake
[0.358s] -- Up-to-date: /home/sage/marc_ws/install/pymoveit2/share/pymoveit2/cmake/pymoveit2Config-version.cmake
[0.358s] -- Up-to-date: /home/sage/marc_ws/install/pymoveit2/share/pymoveit2/package.xml
[0.359s] Invoked command in '/home/sage/marc_ws/build/pymoveit2' returned '0': CMAKE_PREFIX_PATH=${CMAKE_PREFIX_PATH}:/home/sage/microros_ws/install/sensor_msgs_py:/home/sage/ros/install/my_robo:/home/sage/ros/install/cartographer_launch:/home/sage/ros/install/assign:/opt/ros/humble /usr/bin/cmake --install /home/sage/marc_ws/build/pymoveit2
