[0.061s] DEBUG:colcon:Command line arguments: ['/usr/bin/colcon', 'build']
[0.061s] DEBUG:colcon:Parsed command line arguments: Namespace(log_base=None, log_level=None, verb_name='build', build_base='build', install_base='install', merge_install=False, symlink_install=False, test_result_base=None, continue_on_error=False, executor='parallel', parallel_workers=16, event_handlers=None, ignore_user_meta=False, metas=['./colcon.meta'], base_paths=['.'], packages_ignore=None, packages_ignore_regex=None, paths=None, packages_up_to=None, packages_up_to_regex=None, packages_above=None, packages_above_and_dependencies=None, packages_above_depth=None, packages_select_by_dep=None, packages_skip_by_dep=None, packages_skip_up_to=None, packages_select_build_failed=False, packages_skip_build_finished=False, packages_select_test_failures=False, packages_skip_test_passed=False, packages_select=None, packages_skip=None, packages_select_regex=None, packages_skip_regex=None, packages_start=None, packages_end=None, allow_overriding=[], cmake_args=None, cmake_target=None, cmake_target_skip_unavailable=False, cmake_clean_cache=False, cmake_clean_first=False, cmake_force_configure=False, ament_cmake_args=None, catkin_cmake_args=None, catkin_skip_building_tests=False, verb_parser=<colcon_defaults.argument_parser.defaults.DefaultArgumentsDecorator object at 0x7ab0a157d6f0>, verb_extension=<colcon_core.verb.build.BuildVerb object at 0x7ab0a157d1e0>, main=<bound method BuildVerb.main of <colcon_core.verb.build.BuildVerb object at 0x7ab0a157d1e0>>)
[0.083s] Level 1:colcon.colcon_core.package_discovery:discover_packages(colcon_meta) check parameters
[0.083s] Level 1:colcon.colcon_core.package_discovery:discover_packages(recursive) check parameters
[0.083s] Level 1:colcon.colcon_core.package_discovery:discover_packages(ignore) check parameters
[0.083s] Level 1:colcon.colcon_core.package_discovery:discover_packages(path) check parameters
[0.083s] Level 1:colcon.colcon_core.package_discovery:discover_packages(colcon_meta) discover
[0.083s] Level 1:colcon.colcon_core.package_discovery:discover_packages(recursive) discover
[0.083s] INFO:colcon.colcon_core.package_discovery:Crawling recursively for packages in '/home/sage/marc_ws'
[0.083s] Level 1:colcon.colcon_core.package_identification:_identify(.) by extensions ['ignore', 'ignore_ament_install']
[0.083s] Level 1:colcon.colcon_core.package_identification:_identify(.) by extension 'ignore'
[0.083s] Level 1:colcon.colcon_core.package_identification:_identify(.) by extension 'ignore_ament_install'
[0.083s] Level 1:colcon.colcon_core.package_identification:_identify(.) by extensions ['colcon_pkg']
[0.083s] Level 1:colcon.colcon_core.package_identification:_identify(.) by extension 'colcon_pkg'
[0.083s] Level 1:colcon.colcon_core.package_identification:_identify(.) by extensions ['colcon_meta']
[0.083s] Level 1:colcon.colcon_core.package_identification:_identify(.) by extension 'colcon_meta'
[0.083s] Level 1:colcon.colcon_core.package_identification:_identify(.) by extensions ['ros']
[0.083s] Level 1:colcon.colcon_core.package_identification:_identify(.) by extension 'ros'
[0.092s] Level 1:colcon.colcon_core.package_identification:_identify(.) by extensions ['cmake', 'python']
[0.092s] Level 1:colcon.colcon_core.package_identification:_identify(.) by extension 'cmake'
[0.092s] Level 1:colcon.colcon_core.package_identification:_identify(.) by extension 'python'
[0.092s] Level 1:colcon.colcon_core.package_identification:_identify(.) by extensions ['python_setup_py']
[0.092s] Level 1:colcon.colcon_core.package_identification:_identify(.) by extension 'python_setup_py'
[0.092s] Level 1:colcon.colcon_core.package_identification:_identify(build) by extensions ['ignore', 'ignore_ament_install']
[0.092s] Level 1:colcon.colcon_core.package_identification:_identify(build) by extension 'ignore'
[0.092s] Level 1:colcon.colcon_core.package_identification:_identify(build) ignored
[0.092s] Level 1:colcon.colcon_core.package_identification:_identify(install) by extensions ['ignore', 'ignore_ament_install']
[0.092s] Level 1:colcon.colcon_core.package_identification:_identify(install) by extension 'ignore'
[0.092s] Level 1:colcon.colcon_core.package_identification:_identify(install) ignored
[0.092s] Level 1:colcon.colcon_core.package_identification:_identify(log) by extensions ['ignore', 'ignore_ament_install']
[0.092s] Level 1:colcon.colcon_core.package_identification:_identify(log) by extension 'ignore'
[0.092s] Level 1:colcon.colcon_core.package_identification:_identify(log) ignored
[0.092s] Level 1:colcon.colcon_core.package_identification:_identify(src) by extensions ['ignore', 'ignore_ament_install']
[0.093s] Level 1:colcon.colcon_core.package_identification:_identify(src) by extension 'ignore'
[0.093s] Level 1:colcon.colcon_core.package_identification:_identify(src) by extension 'ignore_ament_install'
[0.093s] Level 1:colcon.colcon_core.package_identification:_identify(src) by extensions ['colcon_pkg']
[0.093s] Level 1:colcon.colcon_core.package_identification:_identify(src) by extension 'colcon_pkg'
[0.093s] Level 1:colcon.colcon_core.package_identification:_identify(src) by extensions ['colcon_meta']
[0.093s] Level 1:colcon.colcon_core.package_identification:_identify(src) by extension 'colcon_meta'
[0.093s] Level 1:colcon.colcon_core.package_identification:_identify(src) by extensions ['ros']
[0.093s] Level 1:colcon.colcon_core.package_identification:_identify(src) by extension 'ros'
[0.093s] Level 1:colcon.colcon_core.package_identification:_identify(src) by extensions ['cmake', 'python']
[0.093s] Level 1:colcon.colcon_core.package_identification:_identify(src) by extension 'cmake'
[0.093s] Level 1:colcon.colcon_core.package_identification:_identify(src) by extension 'python'
[0.093s] Level 1:colcon.colcon_core.package_identification:_identify(src) by extensions ['python_setup_py']
[0.093s] Level 1:colcon.colcon_core.package_identification:_identify(src) by extension 'python_setup_py'
[0.093s] Level 1:colcon.colcon_core.package_identification:_identify(src/arm_config) by extensions ['ignore', 'ignore_ament_install']
[0.093s] Level 1:colcon.colcon_core.package_identification:_identify(src/arm_config) by extension 'ignore'
[0.093s] Level 1:colcon.colcon_core.package_identification:_identify(src/arm_config) by extension 'ignore_ament_install'
[0.093s] Level 1:colcon.colcon_core.package_identification:_identify(src/arm_config) by extensions ['colcon_pkg']
[0.093s] Level 1:colcon.colcon_core.package_identification:_identify(src/arm_config) by extension 'colcon_pkg'
[0.093s] Level 1:colcon.colcon_core.package_identification:_identify(src/arm_config) by extensions ['colcon_meta']
[0.093s] Level 1:colcon.colcon_core.package_identification:_identify(src/arm_config) by extension 'colcon_meta'
[0.093s] Level 1:colcon.colcon_core.package_identification:_identify(src/arm_config) by extensions ['ros']
[0.093s] Level 1:colcon.colcon_core.package_identification:_identify(src/arm_config) by extension 'ros'
[0.094s] DEBUG:colcon.colcon_core.package_identification:Package 'src/arm_config' with type 'ros.ament_cmake' and name 'arm_config'
[0.094s] Level 1:colcon.colcon_core.package_identification:_identify(src/marc) by extensions ['ignore', 'ignore_ament_install']
[0.095s] Level 1:colcon.colcon_core.package_identification:_identify(src/marc) by extension 'ignore'
[0.095s] Level 1:colcon.colcon_core.package_identification:_identify(src/marc) by extension 'ignore_ament_install'
[0.095s] Level 1:colcon.colcon_core.package_identification:_identify(src/marc) by extensions ['colcon_pkg']
[0.095s] Level 1:colcon.colcon_core.package_identification:_identify(src/marc) by extension 'colcon_pkg'
[0.095s] Level 1:colcon.colcon_core.package_identification:_identify(src/marc) by extensions ['colcon_meta']
[0.095s] Level 1:colcon.colcon_core.package_identification:_identify(src/marc) by extension 'colcon_meta'
[0.095s] Level 1:colcon.colcon_core.package_identification:_identify(src/marc) by extensions ['ros']
[0.095s] Level 1:colcon.colcon_core.package_identification:_identify(src/marc) by extension 'ros'
[0.095s] DEBUG:colcon.colcon_core.package_identification:Package 'src/marc' with type 'ros.ament_cmake' and name 'marc'
[0.095s] Level 1:colcon.colcon_core.package_identification:_identify(src/pymoveit2) by extensions ['ignore', 'ignore_ament_install']
[0.095s] Level 1:colcon.colcon_core.package_identification:_identify(src/pymoveit2) by extension 'ignore'
[0.095s] Level 1:colcon.colcon_core.package_identification:_identify(src/pymoveit2) by extension 'ignore_ament_install'
[0.095s] Level 1:colcon.colcon_core.package_identification:_identify(src/pymoveit2) by extensions ['colcon_pkg']
[0.095s] Level 1:colcon.colcon_core.package_identification:_identify(src/pymoveit2) by extension 'colcon_pkg'
[0.095s] Level 1:colcon.colcon_core.package_identification:_identify(src/pymoveit2) by extensions ['colcon_meta']
[0.095s] Level 1:colcon.colcon_core.package_identification:_identify(src/pymoveit2) by extension 'colcon_meta'
[0.095s] Level 1:colcon.colcon_core.package_identification:_identify(src/pymoveit2) by extensions ['ros']
[0.095s] Level 1:colcon.colcon_core.package_identification:_identify(src/pymoveit2) by extension 'ros'
[0.096s] DEBUG:colcon.colcon_core.package_identification:Package 'src/pymoveit2' with type 'ros.ament_cmake' and name 'pymoveit2'
[0.096s] Level 1:colcon.colcon_core.package_identification:_identify(src/scripts) by extensions ['ignore', 'ignore_ament_install']
[0.096s] Level 1:colcon.colcon_core.package_identification:_identify(src/scripts) by extension 'ignore'
[0.096s] Level 1:colcon.colcon_core.package_identification:_identify(src/scripts) by extension 'ignore_ament_install'
[0.096s] Level 1:colcon.colcon_core.package_identification:_identify(src/scripts) by extensions ['colcon_pkg']
[0.096s] Level 1:colcon.colcon_core.package_identification:_identify(src/scripts) by extension 'colcon_pkg'
[0.096s] Level 1:colcon.colcon_core.package_identification:_identify(src/scripts) by extensions ['colcon_meta']
[0.096s] Level 1:colcon.colcon_core.package_identification:_identify(src/scripts) by extension 'colcon_meta'
[0.096s] Level 1:colcon.colcon_core.package_identification:_identify(src/scripts) by extensions ['ros']
[0.096s] Level 1:colcon.colcon_core.package_identification:_identify(src/scripts) by extension 'ros'
[0.096s] Level 1:colcon.colcon_core.package_identification:_identify(src/scripts) by extensions ['cmake', 'python']
[0.096s] Level 1:colcon.colcon_core.package_identification:_identify(src/scripts) by extension 'cmake'
[0.096s] Level 1:colcon.colcon_core.package_identification:_identify(src/scripts) by extension 'python'
[0.096s] Level 1:colcon.colcon_core.package_identification:_identify(src/scripts) by extensions ['python_setup_py']
[0.096s] Level 1:colcon.colcon_core.package_identification:_identify(src/scripts) by extension 'python_setup_py'
[0.096s] Level 1:colcon.colcon_core.package_identification:_identify(src/scripts/__pycache__) by extensions ['ignore', 'ignore_ament_install']
[0.096s] Level 1:colcon.colcon_core.package_identification:_identify(src/scripts/__pycache__) by extension 'ignore'
[0.096s] Level 1:colcon.colcon_core.package_identification:_identify(src/scripts/__pycache__) by extension 'ignore_ament_install'
[0.096s] Level 1:colcon.colcon_core.package_identification:_identify(src/scripts/__pycache__) by extensions ['colcon_pkg']
[0.096s] Level 1:colcon.colcon_core.package_identification:_identify(src/scripts/__pycache__) by extension 'colcon_pkg'
[0.096s] Level 1:colcon.colcon_core.package_identification:_identify(src/scripts/__pycache__) by extensions ['colcon_meta']
[0.096s] Level 1:colcon.colcon_core.package_identification:_identify(src/scripts/__pycache__) by extension 'colcon_meta'
[0.096s] Level 1:colcon.colcon_core.package_identification:_identify(src/scripts/__pycache__) by extensions ['ros']
[0.096s] Level 1:colcon.colcon_core.package_identification:_identify(src/scripts/__pycache__) by extension 'ros'
[0.096s] Level 1:colcon.colcon_core.package_identification:_identify(src/scripts/__pycache__) by extensions ['cmake', 'python']
[0.096s] Level 1:colcon.colcon_core.package_identification:_identify(src/scripts/__pycache__) by extension 'cmake'
[0.096s] Level 1:colcon.colcon_core.package_identification:_identify(src/scripts/__pycache__) by extension 'python'
[0.096s] Level 1:colcon.colcon_core.package_identification:_identify(src/scripts/__pycache__) by extensions ['python_setup_py']
[0.096s] Level 1:colcon.colcon_core.package_identification:_identify(src/scripts/__pycache__) by extension 'python_setup_py'
[0.096s] Level 1:colcon.colcon_core.package_identification:_identify(src/stuff) by extensions ['ignore', 'ignore_ament_install']
[0.096s] Level 1:colcon.colcon_core.package_identification:_identify(src/stuff) by extension 'ignore'
[0.096s] Level 1:colcon.colcon_core.package_identification:_identify(src/stuff) by extension 'ignore_ament_install'
[0.096s] Level 1:colcon.colcon_core.package_identification:_identify(src/stuff) by extensions ['colcon_pkg']
[0.096s] Level 1:colcon.colcon_core.package_identification:_identify(src/stuff) by extension 'colcon_pkg'
[0.096s] Level 1:colcon.colcon_core.package_identification:_identify(src/stuff) by extensions ['colcon_meta']
[0.096s] Level 1:colcon.colcon_core.package_identification:_identify(src/stuff) by extension 'colcon_meta'
[0.096s] Level 1:colcon.colcon_core.package_identification:_identify(src/stuff) by extensions ['ros']
[0.096s] Level 1:colcon.colcon_core.package_identification:_identify(src/stuff) by extension 'ros'
[0.097s] Level 1:colcon.colcon_core.package_identification:_identify(src/stuff) by extensions ['cmake', 'python']
[0.097s] Level 1:colcon.colcon_core.package_identification:_identify(src/stuff) by extension 'cmake'
[0.097s] Level 1:colcon.colcon_core.package_identification:_identify(src/stuff) by extension 'python'
[0.097s] Level 1:colcon.colcon_core.package_identification:_identify(src/stuff) by extensions ['python_setup_py']
[0.097s] Level 1:colcon.colcon_core.package_identification:_identify(src/stuff) by extension 'python_setup_py'
[0.097s] Level 1:colcon.colcon_core.package_discovery:discover_packages(recursive) using defaults
[0.097s] Level 1:colcon.colcon_core.package_discovery:discover_packages(ignore) discover
[0.097s] Level 1:colcon.colcon_core.package_discovery:discover_packages(ignore) using defaults
[0.097s] Level 1:colcon.colcon_core.package_discovery:discover_packages(path) discover
[0.097s] Level 1:colcon.colcon_core.package_discovery:discover_packages(path) using defaults
[0.109s] Level 1:colcon.colcon_core.package_discovery:discover_packages(prefix_path) check parameters
[0.109s] Level 1:colcon.colcon_core.package_discovery:discover_packages(prefix_path) discover
[0.111s] DEBUG:colcon.colcon_installed_package_information.package_discovery:Found 39 installed packages in /home/sage/microros_ws/install
[0.111s] DEBUG:colcon.colcon_installed_package_information.package_discovery:Found 4 installed packages in /home/sage/ros/install
[0.112s] DEBUG:colcon.colcon_installed_package_information.package_discovery:Found 485 installed packages in /opt/ros/humble
[0.114s] Level 1:colcon.colcon_core.package_discovery:discover_packages(prefix_path) using defaults
[0.147s] Level 5:colcon.colcon_core.verb:set package 'marc' build argument 'cmake_args' from command line to 'None'
[0.147s] Level 5:colcon.colcon_core.verb:set package 'marc' build argument 'cmake_target' from command line to 'None'
[0.147s] Level 5:colcon.colcon_core.verb:set package 'marc' build argument 'cmake_target_skip_unavailable' from command line to 'False'
[0.147s] Level 5:colcon.colcon_core.verb:set package 'marc' build argument 'cmake_clean_cache' from command line to 'False'
[0.147s] Level 5:colcon.colcon_core.verb:set package 'marc' build argument 'cmake_clean_first' from command line to 'False'
[0.147s] Level 5:colcon.colcon_core.verb:set package 'marc' build argument 'cmake_force_configure' from command line to 'False'
[0.147s] Level 5:colcon.colcon_core.verb:set package 'marc' build argument 'ament_cmake_args' from command line to 'None'
[0.147s] Level 5:colcon.colcon_core.verb:set package 'marc' build argument 'catkin_cmake_args' from command line to 'None'
[0.147s] Level 5:colcon.colcon_core.verb:set package 'marc' build argument 'catkin_skip_building_tests' from command line to 'False'
[0.147s] DEBUG:colcon.colcon_core.verb:Building package 'marc' with the following arguments: {'ament_cmake_args': None, 'build_base': '/home/sage/marc_ws/build/marc', 'catkin_cmake_args': None, 'catkin_skip_building_tests': False, 'cmake_args': None, 'cmake_clean_cache': False, 'cmake_clean_first': False, 'cmake_force_configure': False, 'cmake_target': None, 'cmake_target_skip_unavailable': False, 'install_base': '/home/sage/marc_ws/install/marc', 'merge_install': False, 'path': '/home/sage/marc_ws/src/marc', 'symlink_install': False, 'test_result_base': None}
[0.148s] Level 5:colcon.colcon_core.verb:set package 'pymoveit2' build argument 'cmake_args' from command line to 'None'
[0.148s] Level 5:colcon.colcon_core.verb:set package 'pymoveit2' build argument 'cmake_target' from command line to 'None'
[0.148s] Level 5:colcon.colcon_core.verb:set package 'pymoveit2' build argument 'cmake_target_skip_unavailable' from command line to 'False'
[0.148s] Level 5:colcon.colcon_core.verb:set package 'pymoveit2' build argument 'cmake_clean_cache' from command line to 'False'
[0.148s] Level 5:colcon.colcon_core.verb:set package 'pymoveit2' build argument 'cmake_clean_first' from command line to 'False'
[0.148s] Level 5:colcon.colcon_core.verb:set package 'pymoveit2' build argument 'cmake_force_configure' from command line to 'False'
[0.148s] Level 5:colcon.colcon_core.verb:set package 'pymoveit2' build argument 'ament_cmake_args' from command line to 'None'
[0.148s] Level 5:colcon.colcon_core.verb:set package 'pymoveit2' build argument 'catkin_cmake_args' from command line to 'None'
[0.148s] Level 5:colcon.colcon_core.verb:set package 'pymoveit2' build argument 'catkin_skip_building_tests' from command line to 'False'
[0.148s] DEBUG:colcon.colcon_core.verb:Building package 'pymoveit2' with the following arguments: {'ament_cmake_args': None, 'build_base': '/home/sage/marc_ws/build/pymoveit2', 'catkin_cmake_args': None, 'catkin_skip_building_tests': False, 'cmake_args': None, 'cmake_clean_cache': False, 'cmake_clean_first': False, 'cmake_force_configure': False, 'cmake_target': None, 'cmake_target_skip_unavailable': False, 'install_base': '/home/sage/marc_ws/install/pymoveit2', 'merge_install': False, 'path': '/home/sage/marc_ws/src/pymoveit2', 'symlink_install': False, 'test_result_base': None}
[0.148s] Level 5:colcon.colcon_core.verb:set package 'arm_config' build argument 'cmake_args' from command line to 'None'
[0.148s] Level 5:colcon.colcon_core.verb:set package 'arm_config' build argument 'cmake_target' from command line to 'None'
[0.148s] Level 5:colcon.colcon_core.verb:set package 'arm_config' build argument 'cmake_target_skip_unavailable' from command line to 'False'
[0.148s] Level 5:colcon.colcon_core.verb:set package 'arm_config' build argument 'cmake_clean_cache' from command line to 'False'
[0.148s] Level 5:colcon.colcon_core.verb:set package 'arm_config' build argument 'cmake_clean_first' from command line to 'False'
[0.148s] Level 5:colcon.colcon_core.verb:set package 'arm_config' build argument 'cmake_force_configure' from command line to 'False'
[0.148s] Level 5:colcon.colcon_core.verb:set package 'arm_config' build argument 'ament_cmake_args' from command line to 'None'
[0.148s] Level 5:colcon.colcon_core.verb:set package 'arm_config' build argument 'catkin_cmake_args' from command line to 'None'
[0.148s] Level 5:colcon.colcon_core.verb:set package 'arm_config' build argument 'catkin_skip_building_tests' from command line to 'False'
[0.148s] DEBUG:colcon.colcon_core.verb:Building package 'arm_config' with the following arguments: {'ament_cmake_args': None, 'build_base': '/home/sage/marc_ws/build/arm_config', 'catkin_cmake_args': None, 'catkin_skip_building_tests': False, 'cmake_args': None, 'cmake_clean_cache': False, 'cmake_clean_first': False, 'cmake_force_configure': False, 'cmake_target': None, 'cmake_target_skip_unavailable': False, 'install_base': '/home/sage/marc_ws/install/arm_config', 'merge_install': False, 'path': '/home/sage/marc_ws/src/arm_config', 'symlink_install': False, 'test_result_base': None}
[0.148s] INFO:colcon.colcon_core.executor:Executing jobs using 'parallel' executor
[0.149s] DEBUG:colcon.colcon_parallel_executor.executor.parallel:run_until_complete
[0.149s] INFO:colcon.colcon_ros.task.ament_cmake.build:Building ROS package in '/home/sage/marc_ws/src/marc' with build type 'ament_cmake'
[0.149s] INFO:colcon.colcon_cmake.task.cmake.build:Building CMake package in '/home/sage/marc_ws/src/marc'
[0.150s] INFO:colcon.colcon_core.plugin_system:Skipping extension 'colcon_core.shell.bat': Not used on non-Windows systems
[0.150s] INFO:colcon.colcon_core.shell:Skip shell extension 'powershell' for command environment: Not usable outside of PowerShell
[0.150s] DEBUG:colcon.colcon_core.shell:Skip shell extension 'dsv' for command environment
[0.154s] INFO:colcon.colcon_ros.task.ament_cmake.build:Building ROS package in '/home/sage/marc_ws/src/pymoveit2' with build type 'ament_cmake'
[0.154s] INFO:colcon.colcon_cmake.task.cmake.build:Building CMake package in '/home/sage/marc_ws/src/pymoveit2'
[0.154s] INFO:colcon.colcon_core.shell:Skip shell extension 'powershell' for command environment: Not usable outside of PowerShell
[0.154s] DEBUG:colcon.colcon_core.shell:Skip shell extension 'dsv' for command environment
[0.160s] DEBUG:colcon.colcon_core.event_handler.log_command:Invoking command in '/home/sage/marc_ws/build/marc': CMAKE_PREFIX_PATH=${CMAKE_PREFIX_PATH}:/home/sage/microros_ws/install/sensor_msgs_py:/home/sage/ros/install/my_robo:/home/sage/ros/install/cartographer_launch:/home/sage/ros/install/assign:/opt/ros/humble /usr/bin/cmake /home/sage/marc_ws/src/marc -DCMAKE_INSTALL_PREFIX=/home/sage/marc_ws/install/marc
[0.162s] DEBUG:colcon.colcon_core.event_handler.log_command:Invoking command in '/home/sage/marc_ws/build/pymoveit2': CMAKE_PREFIX_PATH=${CMAKE_PREFIX_PATH}:/home/sage/microros_ws/install/sensor_msgs_py:/home/sage/ros/install/my_robo:/home/sage/ros/install/cartographer_launch:/home/sage/ros/install/assign:/opt/ros/humble /usr/bin/cmake /home/sage/marc_ws/src/pymoveit2 -DCMAKE_INSTALL_PREFIX=/home/sage/marc_ws/install/pymoveit2
[0.828s] DEBUG:colcon.colcon_core.event_handler.log_command:Invoked command in '/home/sage/marc_ws/build/marc' returned '0': CMAKE_PREFIX_PATH=${CMAKE_PREFIX_PATH}:/home/sage/microros_ws/install/sensor_msgs_py:/home/sage/ros/install/my_robo:/home/sage/ros/install/cartographer_launch:/home/sage/ros/install/assign:/opt/ros/humble /usr/bin/cmake /home/sage/marc_ws/src/marc -DCMAKE_INSTALL_PREFIX=/home/sage/marc_ws/install/marc
[0.829s] DEBUG:colcon.colcon_core.event_handler.log_command:Invoking command in '/home/sage/marc_ws/build/marc': CMAKE_PREFIX_PATH=${CMAKE_PREFIX_PATH}:/home/sage/microros_ws/install/sensor_msgs_py:/home/sage/ros/install/my_robo:/home/sage/ros/install/cartographer_launch:/home/sage/ros/install/assign:/opt/ros/humble /usr/bin/cmake --build /home/sage/marc_ws/build/marc -- -j16 -l16
[0.864s] DEBUG:colcon.colcon_core.event_handler.log_command:Invoked command in '/home/sage/marc_ws/build/marc' returned '0': CMAKE_PREFIX_PATH=${CMAKE_PREFIX_PATH}:/home/sage/microros_ws/install/sensor_msgs_py:/home/sage/ros/install/my_robo:/home/sage/ros/install/cartographer_launch:/home/sage/ros/install/assign:/opt/ros/humble /usr/bin/cmake --build /home/sage/marc_ws/build/marc -- -j16 -l16
[0.898s] DEBUG:colcon.colcon_core.event_handler.log_command:Invoking command in '/home/sage/marc_ws/build/marc': CMAKE_PREFIX_PATH=${CMAKE_PREFIX_PATH}:/home/sage/microros_ws/install/sensor_msgs_py:/home/sage/ros/install/my_robo:/home/sage/ros/install/cartographer_launch:/home/sage/ros/install/assign:/opt/ros/humble /usr/bin/cmake --install /home/sage/marc_ws/build/marc
[0.915s] Level 1:colcon.colcon_core.environment:create_environment_scripts_only(marc)
[0.915s] DEBUG:colcon.colcon_core.event_handler.log_command:Invoked command in '/home/sage/marc_ws/build/marc' returned '0': CMAKE_PREFIX_PATH=${CMAKE_PREFIX_PATH}:/home/sage/microros_ws/install/sensor_msgs_py:/home/sage/ros/install/my_robo:/home/sage/ros/install/cartographer_launch:/home/sage/ros/install/assign:/opt/ros/humble /usr/bin/cmake --install /home/sage/marc_ws/build/marc
[0.917s] Level 1:colcon.colcon_core.environment:checking '/home/sage/marc_ws/install/marc' for CMake module files
[0.918s] Level 1:colcon.colcon_core.environment:checking '/home/sage/marc_ws/install/marc' for CMake config files
[0.918s] Level 1:colcon.colcon_core.shell:create_environment_hook('marc', 'cmake_prefix_path')
[0.918s] INFO:colcon.colcon_core.shell:Creating environment hook '/home/sage/marc_ws/install/marc/share/marc/hook/cmake_prefix_path.ps1'
[0.918s] INFO:colcon.colcon_core.shell:Creating environment descriptor '/home/sage/marc_ws/install/marc/share/marc/hook/cmake_prefix_path.dsv'
[0.919s] INFO:colcon.colcon_core.shell:Creating environment hook '/home/sage/marc_ws/install/marc/share/marc/hook/cmake_prefix_path.sh'
[0.919s] Level 1:colcon.colcon_core.environment:checking '/home/sage/marc_ws/install/marc/lib'
[0.919s] Level 1:colcon.colcon_core.environment:checking '/home/sage/marc_ws/install/marc/bin'
[0.919s] Level 1:colcon.colcon_core.environment:checking '/home/sage/marc_ws/install/marc/lib/pkgconfig/marc.pc'
[0.919s] Level 1:colcon.colcon_core.environment:checking '/home/sage/marc_ws/install/marc/lib/python3.10/site-packages'
[0.919s] Level 1:colcon.colcon_core.environment:checking '/home/sage/marc_ws/install/marc/bin'
[0.919s] INFO:colcon.colcon_core.shell:Creating package script '/home/sage/marc_ws/install/marc/share/marc/package.ps1'
[0.920s] INFO:colcon.colcon_core.shell:Creating package descriptor '/home/sage/marc_ws/install/marc/share/marc/package.dsv'
[0.920s] INFO:colcon.colcon_core.shell:Creating package script '/home/sage/marc_ws/install/marc/share/marc/package.sh'
[0.920s] INFO:colcon.colcon_core.shell:Creating package script '/home/sage/marc_ws/install/marc/share/marc/package.bash'
[0.921s] INFO:colcon.colcon_core.shell:Creating package script '/home/sage/marc_ws/install/marc/share/marc/package.zsh'
[0.921s] Level 1:colcon.colcon_core.environment:create_file_with_runtime_dependencies(/home/sage/marc_ws/install/marc/share/colcon-core/packages/marc)
[0.930s] DEBUG:colcon.colcon_core.event_handler.log_command:Invoked command in '/home/sage/marc_ws/build/pymoveit2' returned '0': CMAKE_PREFIX_PATH=${CMAKE_PREFIX_PATH}:/home/sage/microros_ws/install/sensor_msgs_py:/home/sage/ros/install/my_robo:/home/sage/ros/install/cartographer_launch:/home/sage/ros/install/assign:/opt/ros/humble /usr/bin/cmake /home/sage/marc_ws/src/pymoveit2 -DCMAKE_INSTALL_PREFIX=/home/sage/marc_ws/install/pymoveit2
[0.932s] DEBUG:colcon.colcon_core.event_handler.log_command:Invoking command in '/home/sage/marc_ws/build/pymoveit2': CMAKE_PREFIX_PATH=${CMAKE_PREFIX_PATH}:/home/sage/microros_ws/install/sensor_msgs_py:/home/sage/ros/install/my_robo:/home/sage/ros/install/cartographer_launch:/home/sage/ros/install/assign:/opt/ros/humble /usr/bin/cmake --build /home/sage/marc_ws/build/pymoveit2 -- -j16 -l16
[0.947s] Level 1:colcon.colcon_core.environment:create_environment_scripts_only(marc)
[0.947s] Level 1:colcon.colcon_core.environment:checking '/home/sage/marc_ws/install/marc' for CMake module files
[0.947s] Level 1:colcon.colcon_core.environment:checking '/home/sage/marc_ws/install/marc' for CMake config files
[0.947s] Level 1:colcon.colcon_core.shell:create_environment_hook('marc', 'cmake_prefix_path')
[0.947s] INFO:colcon.colcon_core.shell:Creating environment hook '/home/sage/marc_ws/install/marc/share/marc/hook/cmake_prefix_path.ps1'
[0.948s] INFO:colcon.colcon_core.shell:Creating environment descriptor '/home/sage/marc_ws/install/marc/share/marc/hook/cmake_prefix_path.dsv'
[0.948s] INFO:colcon.colcon_core.shell:Creating environment hook '/home/sage/marc_ws/install/marc/share/marc/hook/cmake_prefix_path.sh'
[0.948s] Level 1:colcon.colcon_core.environment:checking '/home/sage/marc_ws/install/marc/lib'
[0.948s] Level 1:colcon.colcon_core.environment:checking '/home/sage/marc_ws/install/marc/bin'
[0.948s] Level 1:colcon.colcon_core.environment:checking '/home/sage/marc_ws/install/marc/lib/pkgconfig/marc.pc'
[0.948s] Level 1:colcon.colcon_core.environment:checking '/home/sage/marc_ws/install/marc/lib/python3.10/site-packages'
[0.948s] Level 1:colcon.colcon_core.environment:checking '/home/sage/marc_ws/install/marc/bin'
[0.948s] INFO:colcon.colcon_core.shell:Creating package script '/home/sage/marc_ws/install/marc/share/marc/package.ps1'
[0.949s] INFO:colcon.colcon_core.shell:Creating package descriptor '/home/sage/marc_ws/install/marc/share/marc/package.dsv'
[0.949s] INFO:colcon.colcon_core.shell:Creating package script '/home/sage/marc_ws/install/marc/share/marc/package.sh'
[0.949s] INFO:colcon.colcon_core.shell:Creating package script '/home/sage/marc_ws/install/marc/share/marc/package.bash'
[0.949s] INFO:colcon.colcon_core.shell:Creating package script '/home/sage/marc_ws/install/marc/share/marc/package.zsh'
[0.949s] Level 1:colcon.colcon_core.environment:create_file_with_runtime_dependencies(/home/sage/marc_ws/install/marc/share/colcon-core/packages/marc)
[0.949s] INFO:colcon.colcon_ros.task.ament_cmake.build:Building ROS package in '/home/sage/marc_ws/src/arm_config' with build type 'ament_cmake'
[0.950s] INFO:colcon.colcon_cmake.task.cmake.build:Building CMake package in '/home/sage/marc_ws/src/arm_config'
[0.950s] INFO:colcon.colcon_core.shell:Skip shell extension 'powershell' for command environment: Not usable outside of PowerShell
[0.950s] DEBUG:colcon.colcon_core.shell:Skip shell extension 'dsv' for command environment
[0.958s] DEBUG:colcon.colcon_core.event_handler.log_command:Invoking command in '/home/sage/marc_ws/build/arm_config': AMENT_PREFIX_PATH=/home/sage/marc_ws/install/marc:${AMENT_PREFIX_PATH} CMAKE_PREFIX_PATH=/home/sage/marc_ws/install/marc:/home/sage/microros_ws/install/micro_ros_demos_rclc:/home/sage/microros_ws/install/common_interfaces:/home/sage/microros_ws/install/visualization_msgs:/home/sage/microros_ws/install/test_msgs:/home/sage/microros_ws/install/example_interfaces:/home/sage/microros_ws/install/action_msgs:/home/sage/microros_ws/install/unique_identifier_msgs:/home/sage/microros_ws/install/trajectory_msgs:/home/sage/microros_ws/install/stereo_msgs:/home/sage/microros_ws/install/std_srvs:/home/sage/microros_ws/install/shape_msgs:/home/sage/microros_ws/install/sensor_msgs:/home/sage/microros_ws/install/nav_msgs:/home/sage/microros_ws/install/diagnostic_msgs:/home/sage/microros_ws/install/geometry_msgs:/home/sage/microros_ws/install/actionlib_msgs:/home/sage/microros_ws/install/std_msgs:/home/sage/microros_ws/install/statistics_msgs:/home/sage/microros_ws/install/rosidl_typesupport_microxrcedds_test_msg:/home/sage/microros_ws/install/rosidl_typesupport_microxrcedds_cpp_tests:/home/sage/microros_ws/install/rmw_microxrcedds:/home/sage/microros_ws/install/rosidl_typesupport_microxrcedds_cpp:/home/sage/microros_ws/install/rosidl_typesupport_microxrcedds_c_tests:/home/sage/microros_ws/install/rosidl_typesupport_microxrcedds_c:/home/sage/microros_ws/install/rosgraph_msgs:/home/sage/microros_ws/install/rclc_parameter:/home/sage/microros_ws/install/rclc:/home/sage/microros_ws/install/composition_interfaces:/home/sage/microros_ws/install/rcl_interfaces:/home/sage/microros_ws/install/microxrcedds_client:/home/sage/microros_ws/install/microcdr:/home/sage/microros_ws/install/micro_ros_utilities:/home/sage/microros_ws/install/micro_ros_setup:/home/sage/microros_ws/install/micro_ros_agent:/home/sage/microros_ws/install/micro_ros_msgs:/home/sage/microros_ws/install/lifecycle_msgs:/home/sage/microros_ws/install/complex_msgs:/home/sage/microros_ws/install/builtin_interfaces:/home/sage/ros/install/launcher_bringup:/home/sage/microros_ws/install/sensor_msgs_py:/home/sage/ros/install/my_robo:/home/sage/ros/install/cartographer_launch:/home/sage/ros/install/assign:/opt/ros/humble /usr/bin/cmake /home/sage/marc_ws/src/arm_config -DCMAKE_INSTALL_PREFIX=/home/sage/marc_ws/install/arm_config
[1.191s] DEBUG:colcon.colcon_core.event_handler.log_command:Invoked command in '/home/sage/marc_ws/build/pymoveit2' returned '0': CMAKE_PREFIX_PATH=${CMAKE_PREFIX_PATH}:/home/sage/microros_ws/install/sensor_msgs_py:/home/sage/ros/install/my_robo:/home/sage/ros/install/cartographer_launch:/home/sage/ros/install/assign:/opt/ros/humble /usr/bin/cmake --build /home/sage/marc_ws/build/pymoveit2 -- -j16 -l16
[1.220s] DEBUG:colcon.colcon_core.event_handler.log_command:Invoking command in '/home/sage/marc_ws/build/pymoveit2': CMAKE_PREFIX_PATH=${CMAKE_PREFIX_PATH}:/home/sage/microros_ws/install/sensor_msgs_py:/home/sage/ros/install/my_robo:/home/sage/ros/install/cartographer_launch:/home/sage/ros/install/assign:/opt/ros/humble /usr/bin/cmake --install /home/sage/marc_ws/build/pymoveit2
[1.269s] Level 1:colcon.colcon_core.environment:create_environment_scripts_only(pymoveit2)
[1.269s] Level 1:colcon.colcon_core.environment:checking '/home/sage/marc_ws/install/pymoveit2' for CMake module files
[1.270s] DEBUG:colcon.colcon_core.event_handler.log_command:Invoked command in '/home/sage/marc_ws/build/pymoveit2' returned '0': CMAKE_PREFIX_PATH=${CMAKE_PREFIX_PATH}:/home/sage/microros_ws/install/sensor_msgs_py:/home/sage/ros/install/my_robo:/home/sage/ros/install/cartographer_launch:/home/sage/ros/install/assign:/opt/ros/humble /usr/bin/cmake --install /home/sage/marc_ws/build/pymoveit2
[1.270s] Level 1:colcon.colcon_core.environment:checking '/home/sage/marc_ws/install/pymoveit2' for CMake config files
[1.270s] Level 1:colcon.colcon_core.shell:create_environment_hook('pymoveit2', 'cmake_prefix_path')
[1.270s] INFO:colcon.colcon_core.shell:Creating environment hook '/home/sage/marc_ws/install/pymoveit2/share/pymoveit2/hook/cmake_prefix_path.ps1'
[1.271s] INFO:colcon.colcon_core.shell:Creating environment descriptor '/home/sage/marc_ws/install/pymoveit2/share/pymoveit2/hook/cmake_prefix_path.dsv'
[1.271s] INFO:colcon.colcon_core.shell:Creating environment hook '/home/sage/marc_ws/install/pymoveit2/share/pymoveit2/hook/cmake_prefix_path.sh'
[1.271s] Level 1:colcon.colcon_core.environment:checking '/home/sage/marc_ws/install/pymoveit2/lib'
[1.271s] Level 1:colcon.colcon_core.environment:checking '/home/sage/marc_ws/install/pymoveit2/bin'
[1.271s] Level 1:colcon.colcon_core.environment:checking '/home/sage/marc_ws/install/pymoveit2/lib/pkgconfig/pymoveit2.pc'
[1.271s] Level 1:colcon.colcon_core.environment:checking '/home/sage/marc_ws/install/pymoveit2/lib/python3.10/site-packages'
[1.271s] Level 1:colcon.colcon_core.environment:checking '/home/sage/marc_ws/install/pymoveit2/bin'
[1.271s] INFO:colcon.colcon_core.shell:Creating package script '/home/sage/marc_ws/install/pymoveit2/share/pymoveit2/package.ps1'
[1.272s] INFO:colcon.colcon_core.shell:Creating package descriptor '/home/sage/marc_ws/install/pymoveit2/share/pymoveit2/package.dsv'
[1.272s] INFO:colcon.colcon_core.shell:Creating package script '/home/sage/marc_ws/install/pymoveit2/share/pymoveit2/package.sh'
[1.272s] INFO:colcon.colcon_core.shell:Creating package script '/home/sage/marc_ws/install/pymoveit2/share/pymoveit2/package.bash'
[1.272s] INFO:colcon.colcon_core.shell:Creating package script '/home/sage/marc_ws/install/pymoveit2/share/pymoveit2/package.zsh'
[1.272s] Level 1:colcon.colcon_core.environment:create_file_with_runtime_dependencies(/home/sage/marc_ws/install/pymoveit2/share/colcon-core/packages/pymoveit2)
[1.299s] Level 1:colcon.colcon_core.environment:create_environment_scripts_only(pymoveit2)
[1.299s] Level 1:colcon.colcon_core.environment:checking '/home/sage/marc_ws/install/pymoveit2' for CMake module files
[1.300s] Level 1:colcon.colcon_core.environment:checking '/home/sage/marc_ws/install/pymoveit2' for CMake config files
[1.300s] Level 1:colcon.colcon_core.shell:create_environment_hook('pymoveit2', 'cmake_prefix_path')
[1.300s] INFO:colcon.colcon_core.shell:Creating environment hook '/home/sage/marc_ws/install/pymoveit2/share/pymoveit2/hook/cmake_prefix_path.ps1'
[1.300s] INFO:colcon.colcon_core.shell:Creating environment descriptor '/home/sage/marc_ws/install/pymoveit2/share/pymoveit2/hook/cmake_prefix_path.dsv'
[1.300s] INFO:colcon.colcon_core.shell:Creating environment hook '/home/sage/marc_ws/install/pymoveit2/share/pymoveit2/hook/cmake_prefix_path.sh'
[1.300s] Level 1:colcon.colcon_core.environment:checking '/home/sage/marc_ws/install/pymoveit2/lib'
[1.301s] Level 1:colcon.colcon_core.environment:checking '/home/sage/marc_ws/install/pymoveit2/bin'
[1.301s] Level 1:colcon.colcon_core.environment:checking '/home/sage/marc_ws/install/pymoveit2/lib/pkgconfig/pymoveit2.pc'
[1.301s] Level 1:colcon.colcon_core.environment:checking '/home/sage/marc_ws/install/pymoveit2/lib/python3.10/site-packages'
[1.301s] Level 1:colcon.colcon_core.environment:checking '/home/sage/marc_ws/install/pymoveit2/bin'
[1.301s] INFO:colcon.colcon_core.shell:Creating package script '/home/sage/marc_ws/install/pymoveit2/share/pymoveit2/package.ps1'
[1.301s] INFO:colcon.colcon_core.shell:Creating package descriptor '/home/sage/marc_ws/install/pymoveit2/share/pymoveit2/package.dsv'
[1.301s] INFO:colcon.colcon_core.shell:Creating package script '/home/sage/marc_ws/install/pymoveit2/share/pymoveit2/package.sh'
[1.302s] INFO:colcon.colcon_core.shell:Creating package script '/home/sage/marc_ws/install/pymoveit2/share/pymoveit2/package.bash'
[1.302s] INFO:colcon.colcon_core.shell:Creating package script '/home/sage/marc_ws/install/pymoveit2/share/pymoveit2/package.zsh'
[1.302s] Level 1:colcon.colcon_core.environment:create_file_with_runtime_dependencies(/home/sage/marc_ws/install/pymoveit2/share/colcon-core/packages/pymoveit2)
[1.586s] DEBUG:colcon.colcon_core.event_handler.log_command:Invoked command in '/home/sage/marc_ws/build/arm_config' returned '0': AMENT_PREFIX_PATH=/home/sage/marc_ws/install/marc:${AMENT_PREFIX_PATH} CMAKE_PREFIX_PATH=/home/sage/marc_ws/install/marc:/home/sage/microros_ws/install/micro_ros_demos_rclc:/home/sage/microros_ws/install/common_interfaces:/home/sage/microros_ws/install/visualization_msgs:/home/sage/microros_ws/install/test_msgs:/home/sage/microros_ws/install/example_interfaces:/home/sage/microros_ws/install/action_msgs:/home/sage/microros_ws/install/unique_identifier_msgs:/home/sage/microros_ws/install/trajectory_msgs:/home/sage/microros_ws/install/stereo_msgs:/home/sage/microros_ws/install/std_srvs:/home/sage/microros_ws/install/shape_msgs:/home/sage/microros_ws/install/sensor_msgs:/home/sage/microros_ws/install/nav_msgs:/home/sage/microros_ws/install/diagnostic_msgs:/home/sage/microros_ws/install/geometry_msgs:/home/sage/microros_ws/install/actionlib_msgs:/home/sage/microros_ws/install/std_msgs:/home/sage/microros_ws/install/statistics_msgs:/home/sage/microros_ws/install/rosidl_typesupport_microxrcedds_test_msg:/home/sage/microros_ws/install/rosidl_typesupport_microxrcedds_cpp_tests:/home/sage/microros_ws/install/rmw_microxrcedds:/home/sage/microros_ws/install/rosidl_typesupport_microxrcedds_cpp:/home/sage/microros_ws/install/rosidl_typesupport_microxrcedds_c_tests:/home/sage/microros_ws/install/rosidl_typesupport_microxrcedds_c:/home/sage/microros_ws/install/rosgraph_msgs:/home/sage/microros_ws/install/rclc_parameter:/home/sage/microros_ws/install/rclc:/home/sage/microros_ws/install/composition_interfaces:/home/sage/microros_ws/install/rcl_interfaces:/home/sage/microros_ws/install/microxrcedds_client:/home/sage/microros_ws/install/microcdr:/home/sage/microros_ws/install/micro_ros_utilities:/home/sage/microros_ws/install/micro_ros_setup:/home/sage/microros_ws/install/micro_ros_agent:/home/sage/microros_ws/install/micro_ros_msgs:/home/sage/microros_ws/install/lifecycle_msgs:/home/sage/microros_ws/install/complex_msgs:/home/sage/microros_ws/install/builtin_interfaces:/home/sage/ros/install/launcher_bringup:/home/sage/microros_ws/install/sensor_msgs_py:/home/sage/ros/install/my_robo:/home/sage/ros/install/cartographer_launch:/home/sage/ros/install/assign:/opt/ros/humble /usr/bin/cmake /home/sage/marc_ws/src/arm_config -DCMAKE_INSTALL_PREFIX=/home/sage/marc_ws/install/arm_config
[1.586s] DEBUG:colcon.colcon_core.event_handler.log_command:Invoking command in '/home/sage/marc_ws/build/arm_config': AMENT_PREFIX_PATH=/home/sage/marc_ws/install/marc:${AMENT_PREFIX_PATH} CMAKE_PREFIX_PATH=/home/sage/marc_ws/install/marc:/home/sage/microros_ws/install/micro_ros_demos_rclc:/home/sage/microros_ws/install/common_interfaces:/home/sage/microros_ws/install/visualization_msgs:/home/sage/microros_ws/install/test_msgs:/home/sage/microros_ws/install/example_interfaces:/home/sage/microros_ws/install/action_msgs:/home/sage/microros_ws/install/unique_identifier_msgs:/home/sage/microros_ws/install/trajectory_msgs:/home/sage/microros_ws/install/stereo_msgs:/home/sage/microros_ws/install/std_srvs:/home/sage/microros_ws/install/shape_msgs:/home/sage/microros_ws/install/sensor_msgs:/home/sage/microros_ws/install/nav_msgs:/home/sage/microros_ws/install/diagnostic_msgs:/home/sage/microros_ws/install/geometry_msgs:/home/sage/microros_ws/install/actionlib_msgs:/home/sage/microros_ws/install/std_msgs:/home/sage/microros_ws/install/statistics_msgs:/home/sage/microros_ws/install/rosidl_typesupport_microxrcedds_test_msg:/home/sage/microros_ws/install/rosidl_typesupport_microxrcedds_cpp_tests:/home/sage/microros_ws/install/rmw_microxrcedds:/home/sage/microros_ws/install/rosidl_typesupport_microxrcedds_cpp:/home/sage/microros_ws/install/rosidl_typesupport_microxrcedds_c_tests:/home/sage/microros_ws/install/rosidl_typesupport_microxrcedds_c:/home/sage/microros_ws/install/rosgraph_msgs:/home/sage/microros_ws/install/rclc_parameter:/home/sage/microros_ws/install/rclc:/home/sage/microros_ws/install/composition_interfaces:/home/sage/microros_ws/install/rcl_interfaces:/home/sage/microros_ws/install/microxrcedds_client:/home/sage/microros_ws/install/microcdr:/home/sage/microros_ws/install/micro_ros_utilities:/home/sage/microros_ws/install/micro_ros_setup:/home/sage/microros_ws/install/micro_ros_agent:/home/sage/microros_ws/install/micro_ros_msgs:/home/sage/microros_ws/install/lifecycle_msgs:/home/sage/microros_ws/install/complex_msgs:/home/sage/microros_ws/install/builtin_interfaces:/home/sage/ros/install/launcher_bringup:/home/sage/microros_ws/install/sensor_msgs_py:/home/sage/ros/install/my_robo:/home/sage/ros/install/cartographer_launch:/home/sage/ros/install/assign:/opt/ros/humble /usr/bin/cmake --build /home/sage/marc_ws/build/arm_config -- -j16 -l16
[1.619s] DEBUG:colcon.colcon_core.event_handler.log_command:Invoked command in '/home/sage/marc_ws/build/arm_config' returned '0': AMENT_PREFIX_PATH=/home/sage/marc_ws/install/marc:${AMENT_PREFIX_PATH} CMAKE_PREFIX_PATH=/home/sage/marc_ws/install/marc:/home/sage/microros_ws/install/micro_ros_demos_rclc:/home/sage/microros_ws/install/common_interfaces:/home/sage/microros_ws/install/visualization_msgs:/home/sage/microros_ws/install/test_msgs:/home/sage/microros_ws/install/example_interfaces:/home/sage/microros_ws/install/action_msgs:/home/sage/microros_ws/install/unique_identifier_msgs:/home/sage/microros_ws/install/trajectory_msgs:/home/sage/microros_ws/install/stereo_msgs:/home/sage/microros_ws/install/std_srvs:/home/sage/microros_ws/install/shape_msgs:/home/sage/microros_ws/install/sensor_msgs:/home/sage/microros_ws/install/nav_msgs:/home/sage/microros_ws/install/diagnostic_msgs:/home/sage/microros_ws/install/geometry_msgs:/home/sage/microros_ws/install/actionlib_msgs:/home/sage/microros_ws/install/std_msgs:/home/sage/microros_ws/install/statistics_msgs:/home/sage/microros_ws/install/rosidl_typesupport_microxrcedds_test_msg:/home/sage/microros_ws/install/rosidl_typesupport_microxrcedds_cpp_tests:/home/sage/microros_ws/install/rmw_microxrcedds:/home/sage/microros_ws/install/rosidl_typesupport_microxrcedds_cpp:/home/sage/microros_ws/install/rosidl_typesupport_microxrcedds_c_tests:/home/sage/microros_ws/install/rosidl_typesupport_microxrcedds_c:/home/sage/microros_ws/install/rosgraph_msgs:/home/sage/microros_ws/install/rclc_parameter:/home/sage/microros_ws/install/rclc:/home/sage/microros_ws/install/composition_interfaces:/home/sage/microros_ws/install/rcl_interfaces:/home/sage/microros_ws/install/microxrcedds_client:/home/sage/microros_ws/install/microcdr:/home/sage/microros_ws/install/micro_ros_utilities:/home/sage/microros_ws/install/micro_ros_setup:/home/sage/microros_ws/install/micro_ros_agent:/home/sage/microros_ws/install/micro_ros_msgs:/home/sage/microros_ws/install/lifecycle_msgs:/home/sage/microros_ws/install/complex_msgs:/home/sage/microros_ws/install/builtin_interfaces:/home/sage/ros/install/launcher_bringup:/home/sage/microros_ws/install/sensor_msgs_py:/home/sage/ros/install/my_robo:/home/sage/ros/install/cartographer_launch:/home/sage/ros/install/assign:/opt/ros/humble /usr/bin/cmake --build /home/sage/marc_ws/build/arm_config -- -j16 -l16
[1.645s] DEBUG:colcon.colcon_core.event_handler.log_command:Invoking command in '/home/sage/marc_ws/build/arm_config': AMENT_PREFIX_PATH=/home/sage/marc_ws/install/marc:${AMENT_PREFIX_PATH} CMAKE_PREFIX_PATH=/home/sage/marc_ws/install/marc:/home/sage/microros_ws/install/micro_ros_demos_rclc:/home/sage/microros_ws/install/common_interfaces:/home/sage/microros_ws/install/visualization_msgs:/home/sage/microros_ws/install/test_msgs:/home/sage/microros_ws/install/example_interfaces:/home/sage/microros_ws/install/action_msgs:/home/sage/microros_ws/install/unique_identifier_msgs:/home/sage/microros_ws/install/trajectory_msgs:/home/sage/microros_ws/install/stereo_msgs:/home/sage/microros_ws/install/std_srvs:/home/sage/microros_ws/install/shape_msgs:/home/sage/microros_ws/install/sensor_msgs:/home/sage/microros_ws/install/nav_msgs:/home/sage/microros_ws/install/diagnostic_msgs:/home/sage/microros_ws/install/geometry_msgs:/home/sage/microros_ws/install/actionlib_msgs:/home/sage/microros_ws/install/std_msgs:/home/sage/microros_ws/install/statistics_msgs:/home/sage/microros_ws/install/rosidl_typesupport_microxrcedds_test_msg:/home/sage/microros_ws/install/rosidl_typesupport_microxrcedds_cpp_tests:/home/sage/microros_ws/install/rmw_microxrcedds:/home/sage/microros_ws/install/rosidl_typesupport_microxrcedds_cpp:/home/sage/microros_ws/install/rosidl_typesupport_microxrcedds_c_tests:/home/sage/microros_ws/install/rosidl_typesupport_microxrcedds_c:/home/sage/microros_ws/install/rosgraph_msgs:/home/sage/microros_ws/install/rclc_parameter:/home/sage/microros_ws/install/rclc:/home/sage/microros_ws/install/composition_interfaces:/home/sage/microros_ws/install/rcl_interfaces:/home/sage/microros_ws/install/microxrcedds_client:/home/sage/microros_ws/install/microcdr:/home/sage/microros_ws/install/micro_ros_utilities:/home/sage/microros_ws/install/micro_ros_setup:/home/sage/microros_ws/install/micro_ros_agent:/home/sage/microros_ws/install/micro_ros_msgs:/home/sage/microros_ws/install/lifecycle_msgs:/home/sage/microros_ws/install/complex_msgs:/home/sage/microros_ws/install/builtin_interfaces:/home/sage/ros/install/launcher_bringup:/home/sage/microros_ws/install/sensor_msgs_py:/home/sage/ros/install/my_robo:/home/sage/ros/install/cartographer_launch:/home/sage/ros/install/assign:/opt/ros/humble /usr/bin/cmake --install /home/sage/marc_ws/build/arm_config
[1.653s] Level 1:colcon.colcon_core.environment:create_environment_scripts_only(arm_config)
[1.653s] Level 1:colcon.colcon_core.environment:checking '/home/sage/marc_ws/install/arm_config' for CMake module files
[1.653s] DEBUG:colcon.colcon_core.event_handler.log_command:Invoked command in '/home/sage/marc_ws/build/arm_config' returned '0': AMENT_PREFIX_PATH=/home/sage/marc_ws/install/marc:${AMENT_PREFIX_PATH} CMAKE_PREFIX_PATH=/home/sage/marc_ws/install/marc:/home/sage/microros_ws/install/micro_ros_demos_rclc:/home/sage/microros_ws/install/common_interfaces:/home/sage/microros_ws/install/visualization_msgs:/home/sage/microros_ws/install/test_msgs:/home/sage/microros_ws/install/example_interfaces:/home/sage/microros_ws/install/action_msgs:/home/sage/microros_ws/install/unique_identifier_msgs:/home/sage/microros_ws/install/trajectory_msgs:/home/sage/microros_ws/install/stereo_msgs:/home/sage/microros_ws/install/std_srvs:/home/sage/microros_ws/install/shape_msgs:/home/sage/microros_ws/install/sensor_msgs:/home/sage/microros_ws/install/nav_msgs:/home/sage/microros_ws/install/diagnostic_msgs:/home/sage/microros_ws/install/geometry_msgs:/home/sage/microros_ws/install/actionlib_msgs:/home/sage/microros_ws/install/std_msgs:/home/sage/microros_ws/install/statistics_msgs:/home/sage/microros_ws/install/rosidl_typesupport_microxrcedds_test_msg:/home/sage/microros_ws/install/rosidl_typesupport_microxrcedds_cpp_tests:/home/sage/microros_ws/install/rmw_microxrcedds:/home/sage/microros_ws/install/rosidl_typesupport_microxrcedds_cpp:/home/sage/microros_ws/install/rosidl_typesupport_microxrcedds_c_tests:/home/sage/microros_ws/install/rosidl_typesupport_microxrcedds_c:/home/sage/microros_ws/install/rosgraph_msgs:/home/sage/microros_ws/install/rclc_parameter:/home/sage/microros_ws/install/rclc:/home/sage/microros_ws/install/composition_interfaces:/home/sage/microros_ws/install/rcl_interfaces:/home/sage/microros_ws/install/microxrcedds_client:/home/sage/microros_ws/install/microcdr:/home/sage/microros_ws/install/micro_ros_utilities:/home/sage/microros_ws/install/micro_ros_setup:/home/sage/microros_ws/install/micro_ros_agent:/home/sage/microros_ws/install/micro_ros_msgs:/home/sage/microros_ws/install/lifecycle_msgs:/home/sage/microros_ws/install/complex_msgs:/home/sage/microros_ws/install/builtin_interfaces:/home/sage/ros/install/launcher_bringup:/home/sage/microros_ws/install/sensor_msgs_py:/home/sage/ros/install/my_robo:/home/sage/ros/install/cartographer_launch:/home/sage/ros/install/assign:/opt/ros/humble /usr/bin/cmake --install /home/sage/marc_ws/build/arm_config
[1.654s] Level 1:colcon.colcon_core.environment:checking '/home/sage/marc_ws/install/arm_config' for CMake config files
[1.654s] Level 1:colcon.colcon_core.shell:create_environment_hook('arm_config', 'cmake_prefix_path')
[1.654s] INFO:colcon.colcon_core.shell:Creating environment hook '/home/sage/marc_ws/install/arm_config/share/arm_config/hook/cmake_prefix_path.ps1'
[1.654s] INFO:colcon.colcon_core.shell:Creating environment descriptor '/home/sage/marc_ws/install/arm_config/share/arm_config/hook/cmake_prefix_path.dsv'
[1.654s] INFO:colcon.colcon_core.shell:Creating environment hook '/home/sage/marc_ws/install/arm_config/share/arm_config/hook/cmake_prefix_path.sh'
[1.654s] Level 1:colcon.colcon_core.environment:checking '/home/sage/marc_ws/install/arm_config/bin'
[1.654s] Level 1:colcon.colcon_core.environment:checking '/home/sage/marc_ws/install/arm_config/lib/pkgconfig/arm_config.pc'
[1.655s] Level 1:colcon.colcon_core.environment:checking '/home/sage/marc_ws/install/arm_config/lib/python3.10/site-packages'
[1.655s] Level 1:colcon.colcon_core.environment:checking '/home/sage/marc_ws/install/arm_config/bin'
[1.655s] INFO:colcon.colcon_core.shell:Creating package script '/home/sage/marc_ws/install/arm_config/share/arm_config/package.ps1'
[1.655s] INFO:colcon.colcon_core.shell:Creating package descriptor '/home/sage/marc_ws/install/arm_config/share/arm_config/package.dsv'
[1.655s] INFO:colcon.colcon_core.shell:Creating package script '/home/sage/marc_ws/install/arm_config/share/arm_config/package.sh'
[1.655s] INFO:colcon.colcon_core.shell:Creating package script '/home/sage/marc_ws/install/arm_config/share/arm_config/package.bash'
[1.655s] INFO:colcon.colcon_core.shell:Creating package script '/home/sage/marc_ws/install/arm_config/share/arm_config/package.zsh'
[1.656s] Level 1:colcon.colcon_core.environment:create_file_with_runtime_dependencies(/home/sage/marc_ws/install/arm_config/share/colcon-core/packages/arm_config)
[1.682s] Level 1:colcon.colcon_core.environment:create_environment_scripts_only(arm_config)
[1.682s] Level 1:colcon.colcon_core.environment:checking '/home/sage/marc_ws/install/arm_config' for CMake module files
[1.682s] Level 1:colcon.colcon_core.environment:checking '/home/sage/marc_ws/install/arm_config' for CMake config files
[1.682s] Level 1:colcon.colcon_core.shell:create_environment_hook('arm_config', 'cmake_prefix_path')
[1.682s] INFO:colcon.colcon_core.shell:Creating environment hook '/home/sage/marc_ws/install/arm_config/share/arm_config/hook/cmake_prefix_path.ps1'
[1.683s] INFO:colcon.colcon_core.shell:Creating environment descriptor '/home/sage/marc_ws/install/arm_config/share/arm_config/hook/cmake_prefix_path.dsv'
[1.683s] INFO:colcon.colcon_core.shell:Creating environment hook '/home/sage/marc_ws/install/arm_config/share/arm_config/hook/cmake_prefix_path.sh'
[1.683s] Level 1:colcon.colcon_core.environment:checking '/home/sage/marc_ws/install/arm_config/bin'
[1.683s] Level 1:colcon.colcon_core.environment:checking '/home/sage/marc_ws/install/arm_config/lib/pkgconfig/arm_config.pc'
[1.683s] Level 1:colcon.colcon_core.environment:checking '/home/sage/marc_ws/install/arm_config/lib/python3.10/site-packages'
[1.683s] Level 1:colcon.colcon_core.environment:checking '/home/sage/marc_ws/install/arm_config/bin'
[1.684s] INFO:colcon.colcon_core.shell:Creating package script '/home/sage/marc_ws/install/arm_config/share/arm_config/package.ps1'
[1.684s] INFO:colcon.colcon_core.shell:Creating package descriptor '/home/sage/marc_ws/install/arm_config/share/arm_config/package.dsv'
[1.684s] INFO:colcon.colcon_core.shell:Creating package script '/home/sage/marc_ws/install/arm_config/share/arm_config/package.sh'
[1.684s] INFO:colcon.colcon_core.shell:Creating package script '/home/sage/marc_ws/install/arm_config/share/arm_config/package.bash'
[1.684s] INFO:colcon.colcon_core.shell:Creating package script '/home/sage/marc_ws/install/arm_config/share/arm_config/package.zsh'
[1.684s] Level 1:colcon.colcon_core.environment:create_file_with_runtime_dependencies(/home/sage/marc_ws/install/arm_config/share/colcon-core/packages/arm_config)
[1.684s] DEBUG:colcon.colcon_parallel_executor.executor.parallel:closing loop
[1.685s] DEBUG:colcon.colcon_parallel_executor.executor.parallel:loop closed
[1.685s] DEBUG:colcon.colcon_parallel_executor.executor.parallel:run_until_complete finished with '0'
[1.685s] DEBUG:colcon.colcon_core.event_reactor:joining thread
[1.688s] INFO:colcon.colcon_core.plugin_system:Skipping extension 'colcon_notification.desktop_notification.terminal_notifier': Not used on non-Darwin systems
[1.688s] INFO:colcon.colcon_core.plugin_system:Skipping extension 'colcon_notification.desktop_notification.win32': Not used on non-Windows systems
[1.688s] INFO:colcon.colcon_notification.desktop_notification:Sending desktop notification using 'notify2'
[1.699s] DEBUG:colcon.colcon_core.event_reactor:joined thread
[1.699s] INFO:colcon.colcon_core.shell:Creating prefix script '/home/sage/marc_ws/install/local_setup.ps1'
[1.700s] INFO:colcon.colcon_core.shell:Creating prefix util module '/home/sage/marc_ws/install/_local_setup_util_ps1.py'
[1.700s] INFO:colcon.colcon_core.shell:Creating prefix chain script '/home/sage/marc_ws/install/setup.ps1'
[1.702s] INFO:colcon.colcon_core.shell:Creating prefix script '/home/sage/marc_ws/install/local_setup.sh'
[1.702s] INFO:colcon.colcon_core.shell:Creating prefix util module '/home/sage/marc_ws/install/_local_setup_util_sh.py'
[1.702s] INFO:colcon.colcon_core.shell:Creating prefix chain script '/home/sage/marc_ws/install/setup.sh'
[1.703s] INFO:colcon.colcon_core.shell:Creating prefix script '/home/sage/marc_ws/install/local_setup.bash'
[1.704s] INFO:colcon.colcon_core.shell:Creating prefix chain script '/home/sage/marc_ws/install/setup.bash'
[1.705s] INFO:colcon.colcon_core.shell:Creating prefix script '/home/sage/marc_ws/install/local_setup.zsh'
[1.705s] INFO:colcon.colcon_core.shell:Creating prefix chain script '/home/sage/marc_ws/install/setup.zsh'
