[0.008s] Invoking command in '/home/sage/marc_ws/build/pymoveit2': CMAKE_PREFIX_PATH=${CMAKE_PREFIX_PATH}:/home/sage/microros_ws/install/sensor_msgs_py:/home/sage/ros/install/my_robo:/home/sage/ros/install/cartographer_launch:/home/sage/ros/install/assign:/opt/ros/humble /usr/bin/cmake /home/sage/marc_ws/src/pymoveit2 -DCMAKE_INSTALL_PREFIX=/home/sage/marc_ws/install/pymoveit2
[0.061s] -- The C compiler identification is GNU 11.4.0
[0.106s] -- The CXX compiler identification is GNU 11.4.0
[0.112s] -- Detecting C compiler ABI info
[0.171s] -- Detecting C compiler ABI info - done
[0.178s] -- Check for working C compiler: /usr/bin/cc - skipped
[0.179s] -- Detecting C compile features
[0.179s] -- Detecting C compile features - done
[0.181s] -- Detecting CXX compiler ABI info
[0.249s] -- Detecting CXX compiler ABI info - done
[0.253s] -- Check for working CXX compiler: /usr/bin/c++ - skipped
[0.253s] -- Detecting CXX compile features
[0.254s] -- Detecting CXX compile features - done
[0.257s] -- Found ament_cmake: 1.3.9 (/opt/ros/humble/share/ament_cmake/cmake)
[0.544s] -- Found Python3: /usr/bin/python3 (found version "3.10.12") found components: Interpreter 
[0.771s] -- Configuring done
[0.773s] -- Generating done
[0.773s] -- Build files have been written to: /home/sage/marc_ws/build/pymoveit2
[0.776s] Invoked command in '/home/sage/marc_ws/build/pymoveit2' returned '0': CMAKE_PREFIX_PATH=${CMAKE_PREFIX_PATH}:/home/sage/microros_ws/install/sensor_msgs_py:/home/sage/ros/install/my_robo:/home/sage/ros/install/cartographer_launch:/home/sage/ros/install/assign:/opt/ros/humble /usr/bin/cmake /home/sage/marc_ws/src/pymoveit2 -DCMAKE_INSTALL_PREFIX=/home/sage/marc_ws/install/pymoveit2
[0.777s] Invoking command in '/home/sage/marc_ws/build/pymoveit2': CMAKE_PREFIX_PATH=${CMAKE_PREFIX_PATH}:/home/sage/microros_ws/install/sensor_msgs_py:/home/sage/ros/install/my_robo:/home/sage/ros/install/cartographer_launch:/home/sage/ros/install/assign:/opt/ros/humble /usr/bin/cmake --build /home/sage/marc_ws/build/pymoveit2 -- -j16 -l16
[0.837s] Built target ament_cmake_python_copy_pymoveit2
[0.972s] running egg_info
[0.973s] creating pymoveit2.egg-info
[0.981s] writing pymoveit2.egg-info/PKG-INFO
[0.981s] writing dependency_links to pymoveit2.egg-info/dependency_links.txt
[0.981s] writing top-level names to pymoveit2.egg-info/top_level.txt
[0.981s] writing manifest file 'pymoveit2.egg-info/SOURCES.txt'
[1.005s] reading manifest file 'pymoveit2.egg-info/SOURCES.txt'
[1.005s] writing manifest file 'pymoveit2.egg-info/SOURCES.txt'
[1.026s] Built target ament_cmake_python_build_pymoveit2_egg
[1.036s] Invoked command in '/home/sage/marc_ws/build/pymoveit2' returned '0': CMAKE_PREFIX_PATH=${CMAKE_PREFIX_PATH}:/home/sage/microros_ws/install/sensor_msgs_py:/home/sage/ros/install/my_robo:/home/sage/ros/install/cartographer_launch:/home/sage/ros/install/assign:/opt/ros/humble /usr/bin/cmake --build /home/sage/marc_ws/build/pymoveit2 -- -j16 -l16
[1.065s] Invoking command in '/home/sage/marc_ws/build/pymoveit2': CMAKE_PREFIX_PATH=${CMAKE_PREFIX_PATH}:/home/sage/microros_ws/install/sensor_msgs_py:/home/sage/ros/install/my_robo:/home/sage/ros/install/cartographer_launch:/home/sage/ros/install/assign:/opt/ros/humble /usr/bin/cmake --install /home/sage/marc_ws/build/pymoveit2
[1.071s] -- Install configuration: ""
[1.071s] -- Installing: /home/sage/marc_ws/install/pymoveit2/share/pymoveit2/environment/pythonpath.sh
[1.071s] -- Installing: /home/sage/marc_ws/install/pymoveit2/share/pymoveit2/environment/pythonpath.dsv
[1.071s] -- Installing: /home/sage/marc_ws/install/pymoveit2/local/lib/python3.10/dist-packages/pymoveit2-4.0.0-py3.10.egg-info
[1.071s] -- Installing: /home/sage/marc_ws/install/pymoveit2/local/lib/python3.10/dist-packages/pymoveit2-4.0.0-py3.10.egg-info/dependency_links.txt
[1.071s] -- Installing: /home/sage/marc_ws/install/pymoveit2/local/lib/python3.10/dist-packages/pymoveit2-4.0.0-py3.10.egg-info/PKG-INFO
[1.071s] -- Installing: /home/sage/marc_ws/install/pymoveit2/local/lib/python3.10/dist-packages/pymoveit2-4.0.0-py3.10.egg-info/SOURCES.txt
[1.071s] -- Installing: /home/sage/marc_ws/install/pymoveit2/local/lib/python3.10/dist-packages/pymoveit2-4.0.0-py3.10.egg-info/top_level.txt
[1.071s] -- Installing: /home/sage/marc_ws/install/pymoveit2/local/lib/python3.10/dist-packages/pymoveit2
[1.071s] -- Installing: /home/sage/marc_ws/install/pymoveit2/local/lib/python3.10/dist-packages/pymoveit2/moveit2_gripper.py
[1.072s] -- Installing: /home/sage/marc_ws/install/pymoveit2/local/lib/python3.10/dist-packages/pymoveit2/moveit2_servo.py
[1.072s] -- Installing: /home/sage/marc_ws/install/pymoveit2/local/lib/python3.10/dist-packages/pymoveit2/moveit2.py
[1.072s] -- Installing: /home/sage/marc_ws/install/pymoveit2/local/lib/python3.10/dist-packages/pymoveit2/gripper_command.py
[1.072s] -- Installing: /home/sage/marc_ws/install/pymoveit2/local/lib/python3.10/dist-packages/pymoveit2/robots
[1.072s] -- Installing: /home/sage/marc_ws/install/pymoveit2/local/lib/python3.10/dist-packages/pymoveit2/robots/crane_x7.py
[1.072s] -- Installing: /home/sage/marc_ws/install/pymoveit2/local/lib/python3.10/dist-packages/pymoveit2/robots/ur.py
[1.072s] -- Installing: /home/sage/marc_ws/install/pymoveit2/local/lib/python3.10/dist-packages/pymoveit2/robots/phantomx_pincher.py
[1.072s] -- Installing: /home/sage/marc_ws/install/pymoveit2/local/lib/python3.10/dist-packages/pymoveit2/robots/kinova.py
[1.072s] -- Installing: /home/sage/marc_ws/install/pymoveit2/local/lib/python3.10/dist-packages/pymoveit2/robots/__init__.py
[1.072s] -- Installing: /home/sage/marc_ws/install/pymoveit2/local/lib/python3.10/dist-packages/pymoveit2/robots/marc.py
[1.072s] -- Installing: /home/sage/marc_ws/install/pymoveit2/local/lib/python3.10/dist-packages/pymoveit2/robots/panda.py
[1.072s] -- Installing: /home/sage/marc_ws/install/pymoveit2/local/lib/python3.10/dist-packages/pymoveit2/robots/lbr.py
[1.072s] -- Installing: /home/sage/marc_ws/install/pymoveit2/local/lib/python3.10/dist-packages/pymoveit2/gripper_interface.py
[1.072s] -- Installing: /home/sage/marc_ws/install/pymoveit2/local/lib/python3.10/dist-packages/pymoveit2/__init__.py
[1.109s] Listing '/home/sage/marc_ws/install/pymoveit2/local/lib/python3.10/dist-packages/pymoveit2'...
[1.109s] Compiling '/home/sage/marc_ws/install/pymoveit2/local/lib/python3.10/dist-packages/pymoveit2/__init__.py'...
[1.109s] Compiling '/home/sage/marc_ws/install/pymoveit2/local/lib/python3.10/dist-packages/pymoveit2/gripper_command.py'...
[1.109s] Compiling '/home/sage/marc_ws/install/pymoveit2/local/lib/python3.10/dist-packages/pymoveit2/gripper_interface.py'...
[1.109s] Compiling '/home/sage/marc_ws/install/pymoveit2/local/lib/python3.10/dist-packages/pymoveit2/moveit2.py'...
[1.109s] Compiling '/home/sage/marc_ws/install/pymoveit2/local/lib/python3.10/dist-packages/pymoveit2/moveit2_gripper.py'...
[1.109s] Compiling '/home/sage/marc_ws/install/pymoveit2/local/lib/python3.10/dist-packages/pymoveit2/moveit2_servo.py'...
[1.109s] Listing '/home/sage/marc_ws/install/pymoveit2/local/lib/python3.10/dist-packages/pymoveit2/robots'...
[1.110s] Compiling '/home/sage/marc_ws/install/pymoveit2/local/lib/python3.10/dist-packages/pymoveit2/robots/__init__.py'...
[1.110s] Compiling '/home/sage/marc_ws/install/pymoveit2/local/lib/python3.10/dist-packages/pymoveit2/robots/crane_x7.py'...
[1.110s] Compiling '/home/sage/marc_ws/install/pymoveit2/local/lib/python3.10/dist-packages/pymoveit2/robots/kinova.py'...
[1.110s] Compiling '/home/sage/marc_ws/install/pymoveit2/local/lib/python3.10/dist-packages/pymoveit2/robots/lbr.py'...
[1.110s] Compiling '/home/sage/marc_ws/install/pymoveit2/local/lib/python3.10/dist-packages/pymoveit2/robots/marc.py'...
[1.110s] Compiling '/home/sage/marc_ws/install/pymoveit2/local/lib/python3.10/dist-packages/pymoveit2/robots/panda.py'...
[1.110s] Compiling '/home/sage/marc_ws/install/pymoveit2/local/lib/python3.10/dist-packages/pymoveit2/robots/phantomx_pincher.py'...
[1.110s] Compiling '/home/sage/marc_ws/install/pymoveit2/local/lib/python3.10/dist-packages/pymoveit2/robots/ur.py'...
[1.112s] -- Installing: /home/sage/marc_ws/install/pymoveit2/lib/pymoveit2/ex_allow_collisions.py
[1.112s] -- Installing: /home/sage/marc_ws/install/pymoveit2/lib/pymoveit2/ex_clear_planning_scene.py
[1.112s] -- Installing: /home/sage/marc_ws/install/pymoveit2/lib/pymoveit2/ex_collision_mesh.py
[1.113s] -- Installing: /home/sage/marc_ws/install/pymoveit2/lib/pymoveit2/ex_collision_primitive.py
[1.113s] -- Installing: /home/sage/marc_ws/install/pymoveit2/lib/pymoveit2/ex_fk.py
[1.113s] -- Installing: /home/sage/marc_ws/install/pymoveit2/lib/pymoveit2/ex_gripper.py
[1.113s] -- Installing: /home/sage/marc_ws/install/pymoveit2/lib/pymoveit2/ex_ik.py
[1.113s] -- Installing: /home/sage/marc_ws/install/pymoveit2/lib/pymoveit2/ex_joint_goal.py
[1.113s] -- Installing: /home/sage/marc_ws/install/pymoveit2/lib/pymoveit2/ex_orientation_path_constraint.py
[1.113s] -- Installing: /home/sage/marc_ws/install/pymoveit2/lib/pymoveit2/ex_pose_goal.py
[1.113s] -- Installing: /home/sage/marc_ws/install/pymoveit2/lib/pymoveit2/ex_servo.py
[1.113s] -- Installing: /home/sage/marc_ws/install/pymoveit2/share/ament_index/resource_index/package_run_dependencies/pymoveit2
[1.113s] -- Installing: /home/sage/marc_ws/install/pymoveit2/share/ament_index/resource_index/parent_prefix_path/pymoveit2
[1.114s] -- Installing: /home/sage/marc_ws/install/pymoveit2/share/pymoveit2/environment/ament_prefix_path.sh
[1.114s] -- Installing: /home/sage/marc_ws/install/pymoveit2/share/pymoveit2/environment/ament_prefix_path.dsv
[1.114s] -- Installing: /home/sage/marc_ws/install/pymoveit2/share/pymoveit2/environment/path.sh
[1.114s] -- Installing: /home/sage/marc_ws/install/pymoveit2/share/pymoveit2/environment/path.dsv
[1.114s] -- Installing: /home/sage/marc_ws/install/pymoveit2/share/pymoveit2/local_setup.bash
[1.114s] -- Installing: /home/sage/marc_ws/install/pymoveit2/share/pymoveit2/local_setup.sh
[1.114s] -- Installing: /home/sage/marc_ws/install/pymoveit2/share/pymoveit2/local_setup.zsh
[1.114s] -- Installing: /home/sage/marc_ws/install/pymoveit2/share/pymoveit2/local_setup.dsv
[1.114s] -- Installing: /home/sage/marc_ws/install/pymoveit2/share/pymoveit2/package.dsv
[1.114s] -- Installing: /home/sage/marc_ws/install/pymoveit2/share/ament_index/resource_index/packages/pymoveit2
[1.114s] -- Installing: /home/sage/marc_ws/install/pymoveit2/share/pymoveit2/cmake/pymoveit2Config.cmake
[1.114s] -- Installing: /home/sage/marc_ws/install/pymoveit2/share/pymoveit2/cmake/pymoveit2Config-version.cmake
[1.114s] -- Installing: /home/sage/marc_ws/install/pymoveit2/share/pymoveit2/package.xml
[1.116s] Invoked command in '/home/sage/marc_ws/build/pymoveit2' returned '0': CMAKE_PREFIX_PATH=${CMAKE_PREFIX_PATH}:/home/sage/microros_ws/install/sensor_msgs_py:/home/sage/ros/install/my_robo:/home/sage/ros/install/cartographer_launch:/home/sage/ros/install/assign:/opt/ros/humble /usr/bin/cmake --install /home/sage/marc_ws/build/pymoveit2
