-- Install configuration: ""
-- Up-to-date: /home/sage/marc_ws/install/marc_urdf/share/marc_urdf/urdf
-- Installing: /home/sage/marc_ws/install/marc_urdf/share/marc_urdf/urdf/marc_urdf.urdf
-- Up-to-date: /home/sage/marc_ws/install/marc_urdf/share/marc_urdf/urdf/marc_urdf.csv
-- Up-to-date: /home/sage/marc_ws/install/marc_urdf/share/marc_urdf/meshes
-- Up-to-date: /home/sage/marc_ws/install/marc_urdf/share/marc_urdf/meshes/wrist_link.STL
-- Up-to-date: /home/sage/marc_ws/install/marc_urdf/share/marc_urdf/meshes/upper_arm_link.STL
-- Up-to-date: /home/sage/marc_ws/install/marc_urdf/share/marc_urdf/meshes/base_link.STL
-- Up-to-date: /home/sage/marc_ws/install/marc_urdf/share/marc_urdf/meshes/elbow_link.STL
-- Up-to-date: /home/sage/marc_ws/install/marc_urdf/share/marc_urdf/meshes/ee_link.STL
-- Up-to-date: /home/sage/marc_ws/install/marc_urdf/share/marc_urdf/meshes/shoulder_link.STL
-- Up-to-date: /home/sage/marc_ws/install/marc_urdf/share/marc_urdf/launch
-- Up-to-date: /home/sage/marc_ws/install/marc_urdf/share/marc_urdf/launch/display.launch
-- Up-to-date: /home/sage/marc_ws/install/marc_urdf/share/marc_urdf/launch/gazebo.launch
-- Up-to-date: /home/sage/marc_ws/install/marc_urdf/share/ament_index/resource_index/package_run_dependencies/marc_urdf
-- Up-to-date: /home/sage/marc_ws/install/marc_urdf/share/ament_index/resource_index/parent_prefix_path/marc_urdf
-- Up-to-date: /home/sage/marc_ws/install/marc_urdf/share/marc_urdf/environment/ament_prefix_path.sh
-- Up-to-date: /home/sage/marc_ws/install/marc_urdf/share/marc_urdf/environment/ament_prefix_path.dsv
-- Up-to-date: /home/sage/marc_ws/install/marc_urdf/share/marc_urdf/environment/path.sh
-- Up-to-date: /home/sage/marc_ws/install/marc_urdf/share/marc_urdf/environment/path.dsv
-- Up-to-date: /home/sage/marc_ws/install/marc_urdf/share/marc_urdf/local_setup.bash
-- Up-to-date: /home/sage/marc_ws/install/marc_urdf/share/marc_urdf/local_setup.sh
-- Up-to-date: /home/sage/marc_ws/install/marc_urdf/share/marc_urdf/local_setup.zsh
-- Up-to-date: /home/sage/marc_ws/install/marc_urdf/share/marc_urdf/local_setup.dsv
-- Installing: /home/sage/marc_ws/install/marc_urdf/share/marc_urdf/package.dsv
-- Up-to-date: /home/sage/marc_ws/install/marc_urdf/share/ament_index/resource_index/packages/marc_urdf
-- Up-to-date: /home/sage/marc_ws/install/marc_urdf/share/marc_urdf/cmake/marc_urdfConfig.cmake
-- Up-to-date: /home/sage/marc_ws/install/marc_urdf/share/marc_urdf/cmake/marc_urdfConfig-version.cmake
-- Up-to-date: /home/sage/marc_ws/install/marc_urdf/share/marc_urdf/package.xml
