[0.104s] [34mcolcon[0m [1;30mDEBUG[0m [32mCommand line arguments: ['/usr/bin/colcon', 'build'][0m
[0.104s] [34mcolcon[0m [1;30mDEBUG[0m [32mParsed command line arguments: Namespace(log_base=None, log_level=None, verb_name='build', build_base='build', install_base='install', merge_install=False, symlink_install=False, test_result_base=None, continue_on_error=False, executor='parallel', parallel_workers=16, event_handlers=None, ignore_user_meta=False, metas=['./colcon.meta'], base_paths=['.'], packages_ignore=None, packages_ignore_regex=None, paths=None, packages_up_to=None, packages_up_to_regex=None, packages_above=None, packages_above_and_dependencies=None, packages_above_depth=None, packages_select_by_dep=None, packages_skip_by_dep=None, packages_skip_up_to=None, packages_select_build_failed=False, packages_skip_build_finished=False, packages_select_test_failures=False, packages_skip_test_passed=False, packages_select=None, packages_skip=None, packages_select_regex=None, packages_skip_regex=None, packages_start=None, packages_end=None, allow_overriding=[], cmake_args=None, cmake_target=None, cmake_target_skip_unavailable=False, cmake_clean_cache=False, cmake_clean_first=False, cmake_force_configure=False, ament_cmake_args=None, catkin_cmake_args=None, catkin_skip_building_tests=False, mixin_files=None, mixin=None, verb_parser=<colcon_mixin.mixin.mixin_argument.MixinArgumentDecorator object at 0x7383c081e2c0>, verb_extension=<colcon_core.verb.build.BuildVerb object at 0x7383c0913850>, main=<bound method BuildVerb.main of <colcon_core.verb.build.BuildVerb object at 0x7383c0913850>>, mixin_verb=('build',))[0m
[0.125s] [34mcolcon.colcon_core.package_discovery[0m [1;30mLevel 1[0m discover_packages(colcon_meta) check parameters
[0.125s] [34mcolcon.colcon_core.package_discovery[0m [1;30mLevel 1[0m discover_packages(recursive) check parameters
[0.125s] [34mcolcon.colcon_core.package_discovery[0m [1;30mLevel 1[0m discover_packages(ignore) check parameters
[0.125s] [34mcolcon.colcon_core.package_discovery[0m [1;30mLevel 1[0m discover_packages(path) check parameters
[0.125s] [34mcolcon.colcon_core.package_discovery[0m [1;30mLevel 1[0m discover_packages(colcon_meta) discover
[0.125s] [34mcolcon.colcon_core.package_discovery[0m [1;30mLevel 1[0m discover_packages(recursive) discover
[0.125s] [34mcolcon.colcon_core.package_discovery[0m [1;30mINFO[0m Crawling recursively for packages in '/home/batman/marc'
[0.125s] [34mcolcon.colcon_core.package_identification[0m [1;30mLevel 1[0m _identify(.) by extensions ['ignore', 'ignore_ament_install']
[0.125s] [34mcolcon.colcon_core.package_identification[0m [1;30mLevel 1[0m _identify(.) by extension 'ignore'
[0.125s] [34mcolcon.colcon_core.package_identification[0m [1;30mLevel 1[0m _identify(.) by extension 'ignore_ament_install'
[0.125s] [34mcolcon.colcon_core.package_identification[0m [1;30mLevel 1[0m _identify(.) by extensions ['colcon_pkg']
[0.125s] [34mcolcon.colcon_core.package_identification[0m [1;30mLevel 1[0m _identify(.) by extension 'colcon_pkg'
[0.125s] [34mcolcon.colcon_core.package_identification[0m [1;30mLevel 1[0m _identify(.) by extensions ['colcon_meta']
[0.125s] [34mcolcon.colcon_core.package_identification[0m [1;30mLevel 1[0m _identify(.) by extension 'colcon_meta'
[0.125s] [34mcolcon.colcon_core.package_identification[0m [1;30mLevel 1[0m _identify(.) by extensions ['ros']
[0.125s] [34mcolcon.colcon_core.package_identification[0m [1;30mLevel 1[0m _identify(.) by extension 'ros'
[0.138s] [34mcolcon.colcon_core.package_identification[0m [1;30mLevel 1[0m _identify(.) by extensions ['cmake', 'python']
[0.138s] [34mcolcon.colcon_core.package_identification[0m [1;30mLevel 1[0m _identify(.) by extension 'cmake'
[0.138s] [34mcolcon.colcon_core.package_identification[0m [1;30mLevel 1[0m _identify(.) by extension 'python'
[0.138s] [34mcolcon.colcon_core.package_identification[0m [1;30mLevel 1[0m _identify(.) by extensions ['python_setup_py']
[0.138s] [34mcolcon.colcon_core.package_identification[0m [1;30mLevel 1[0m _identify(.) by extension 'python_setup_py'
[0.138s] [34mcolcon.colcon_core.package_identification[0m [1;30mLevel 1[0m _identify(build) by extensions ['ignore', 'ignore_ament_install']
[0.138s] [34mcolcon.colcon_core.package_identification[0m [1;30mLevel 1[0m _identify(build) by extension 'ignore'
[0.138s] [34mcolcon.colcon_core.package_identification[0m [1;30mLevel 1[0m _identify(build) ignored
[0.138s] [34mcolcon.colcon_core.package_identification[0m [1;30mLevel 1[0m _identify(install) by extensions ['ignore', 'ignore_ament_install']
[0.138s] [34mcolcon.colcon_core.package_identification[0m [1;30mLevel 1[0m _identify(install) by extension 'ignore'
[0.138s] [34mcolcon.colcon_core.package_identification[0m [1;30mLevel 1[0m _identify(install) ignored
[0.138s] [34mcolcon.colcon_core.package_identification[0m [1;30mLevel 1[0m _identify(log) by extensions ['ignore', 'ignore_ament_install']
[0.138s] [34mcolcon.colcon_core.package_identification[0m [1;30mLevel 1[0m _identify(log) by extension 'ignore'
[0.138s] [34mcolcon.colcon_core.package_identification[0m [1;30mLevel 1[0m _identify(log) ignored
[0.138s] [34mcolcon.colcon_core.package_identification[0m [1;30mLevel 1[0m _identify(src) by extensions ['ignore', 'ignore_ament_install']
[0.138s] [34mcolcon.colcon_core.package_identification[0m [1;30mLevel 1[0m _identify(src) by extension 'ignore'
[0.138s] [34mcolcon.colcon_core.package_identification[0m [1;30mLevel 1[0m _identify(src) by extension 'ignore_ament_install'
[0.138s] [34mcolcon.colcon_core.package_identification[0m [1;30mLevel 1[0m _identify(src) by extensions ['colcon_pkg']
[0.138s] [34mcolcon.colcon_core.package_identification[0m [1;30mLevel 1[0m _identify(src) by extension 'colcon_pkg'
[0.138s] [34mcolcon.colcon_core.package_identification[0m [1;30mLevel 1[0m _identify(src) by extensions ['colcon_meta']
[0.138s] [34mcolcon.colcon_core.package_identification[0m [1;30mLevel 1[0m _identify(src) by extension 'colcon_meta'
[0.138s] [34mcolcon.colcon_core.package_identification[0m [1;30mLevel 1[0m _identify(src) by extensions ['ros']
[0.138s] [34mcolcon.colcon_core.package_identification[0m [1;30mLevel 1[0m _identify(src) by extension 'ros'
[0.138s] [34mcolcon.colcon_core.package_identification[0m [1;30mLevel 1[0m _identify(src) by extensions ['cmake', 'python']
[0.138s] [34mcolcon.colcon_core.package_identification[0m [1;30mLevel 1[0m _identify(src) by extension 'cmake'
[0.138s] [34mcolcon.colcon_core.package_identification[0m [1;30mLevel 1[0m _identify(src) by extension 'python'
[0.138s] [34mcolcon.colcon_core.package_identification[0m [1;30mLevel 1[0m _identify(src) by extensions ['python_setup_py']
[0.138s] [34mcolcon.colcon_core.package_identification[0m [1;30mLevel 1[0m _identify(src) by extension 'python_setup_py'
[0.138s] [34mcolcon.colcon_core.package_identification[0m [1;30mLevel 1[0m _identify(src/arm_config) by extensions ['ignore', 'ignore_ament_install']
[0.139s] [34mcolcon.colcon_core.package_identification[0m [1;30mLevel 1[0m _identify(src/arm_config) by extension 'ignore'
[0.139s] [34mcolcon.colcon_core.package_identification[0m [1;30mLevel 1[0m _identify(src/arm_config) by extension 'ignore_ament_install'
[0.139s] [34mcolcon.colcon_core.package_identification[0m [1;30mLevel 1[0m _identify(src/arm_config) by extensions ['colcon_pkg']
[0.139s] [34mcolcon.colcon_core.package_identification[0m [1;30mLevel 1[0m _identify(src/arm_config) by extension 'colcon_pkg'
[0.139s] [34mcolcon.colcon_core.package_identification[0m [1;30mLevel 1[0m _identify(src/arm_config) by extensions ['colcon_meta']
[0.139s] [34mcolcon.colcon_core.package_identification[0m [1;30mLevel 1[0m _identify(src/arm_config) by extension 'colcon_meta'
[0.139s] [34mcolcon.colcon_core.package_identification[0m [1;30mLevel 1[0m _identify(src/arm_config) by extensions ['ros']
[0.139s] [34mcolcon.colcon_core.package_identification[0m [1;30mLevel 1[0m _identify(src/arm_config) by extension 'ros'
[0.140s] [34mcolcon.colcon_core.package_identification[0m [1;30mDEBUG[0m [32mPackage 'src/arm_config' with type 'ros.ament_cmake' and name 'arm_config'[0m
[0.140s] [34mcolcon.colcon_core.package_identification[0m [1;30mLevel 1[0m _identify(src/marc) by extensions ['ignore', 'ignore_ament_install']
[0.140s] [34mcolcon.colcon_core.package_identification[0m [1;30mLevel 1[0m _identify(src/marc) by extension 'ignore'
[0.140s] [34mcolcon.colcon_core.package_identification[0m [1;30mLevel 1[0m _identify(src/marc) by extension 'ignore_ament_install'
[0.140s] [34mcolcon.colcon_core.package_identification[0m [1;30mLevel 1[0m _identify(src/marc) by extensions ['colcon_pkg']
[0.140s] [34mcolcon.colcon_core.package_identification[0m [1;30mLevel 1[0m _identify(src/marc) by extension 'colcon_pkg'
[0.140s] [34mcolcon.colcon_core.package_identification[0m [1;30mLevel 1[0m _identify(src/marc) by extensions ['colcon_meta']
[0.140s] [34mcolcon.colcon_core.package_identification[0m [1;30mLevel 1[0m _identify(src/marc) by extension 'colcon_meta'
[0.140s] [34mcolcon.colcon_core.package_identification[0m [1;30mLevel 1[0m _identify(src/marc) by extensions ['ros']
[0.140s] [34mcolcon.colcon_core.package_identification[0m [1;30mLevel 1[0m _identify(src/marc) by extension 'ros'
[0.141s] [34mcolcon.colcon_core.package_identification[0m [1;30mDEBUG[0m [32mPackage 'src/marc' with type 'ros.ament_cmake' and name 'marc'[0m
[0.141s] [34mcolcon.colcon_core.package_identification[0m [1;30mLevel 1[0m _identify(src/pymoveit2) by extensions ['ignore', 'ignore_ament_install']
[0.141s] [34mcolcon.colcon_core.package_identification[0m [1;30mLevel 1[0m _identify(src/pymoveit2) by extension 'ignore'
[0.141s] [34mcolcon.colcon_core.package_identification[0m [1;30mLevel 1[0m _identify(src/pymoveit2) by extension 'ignore_ament_install'
[0.141s] [34mcolcon.colcon_core.package_identification[0m [1;30mLevel 1[0m _identify(src/pymoveit2) by extensions ['colcon_pkg']
[0.141s] [34mcolcon.colcon_core.package_identification[0m [1;30mLevel 1[0m _identify(src/pymoveit2) by extension 'colcon_pkg'
[0.141s] [34mcolcon.colcon_core.package_identification[0m [1;30mLevel 1[0m _identify(src/pymoveit2) by extensions ['colcon_meta']
[0.141s] [34mcolcon.colcon_core.package_identification[0m [1;30mLevel 1[0m _identify(src/pymoveit2) by extension 'colcon_meta'
[0.141s] [34mcolcon.colcon_core.package_identification[0m [1;30mLevel 1[0m _identify(src/pymoveit2) by extensions ['ros']
[0.141s] [34mcolcon.colcon_core.package_identification[0m [1;30mLevel 1[0m _identify(src/pymoveit2) by extension 'ros'
[0.141s] [34mcolcon.colcon_core.package_identification[0m [1;30mLevel 1[0m _identify(src/pymoveit2) by extensions ['cmake', 'python']
[0.141s] [34mcolcon.colcon_core.package_identification[0m [1;30mLevel 1[0m _identify(src/pymoveit2) by extension 'cmake'
[0.141s] [34mcolcon.colcon_core.package_identification[0m [1;30mLevel 1[0m _identify(src/pymoveit2) by extension 'python'
[0.141s] [34mcolcon.colcon_core.package_identification[0m [1;30mLevel 1[0m _identify(src/pymoveit2) by extensions ['python_setup_py']
[0.141s] [34mcolcon.colcon_core.package_identification[0m [1;30mLevel 1[0m _identify(src/pymoveit2) by extension 'python_setup_py'
[0.141s] [34mcolcon.colcon_core.package_identification[0m [1;30mLevel 1[0m _identify(src/scripts) by extensions ['ignore', 'ignore_ament_install']
[0.141s] [34mcolcon.colcon_core.package_identification[0m [1;30mLevel 1[0m _identify(src/scripts) by extension 'ignore'
[0.141s] [34mcolcon.colcon_core.package_identification[0m [1;30mLevel 1[0m _identify(src/scripts) by extension 'ignore_ament_install'
[0.141s] [34mcolcon.colcon_core.package_identification[0m [1;30mLevel 1[0m _identify(src/scripts) by extensions ['colcon_pkg']
[0.141s] [34mcolcon.colcon_core.package_identification[0m [1;30mLevel 1[0m _identify(src/scripts) by extension 'colcon_pkg'
[0.141s] [34mcolcon.colcon_core.package_identification[0m [1;30mLevel 1[0m _identify(src/scripts) by extensions ['colcon_meta']
[0.142s] [34mcolcon.colcon_core.package_identification[0m [1;30mLevel 1[0m _identify(src/scripts) by extension 'colcon_meta'
[0.142s] [34mcolcon.colcon_core.package_identification[0m [1;30mLevel 1[0m _identify(src/scripts) by extensions ['ros']
[0.142s] [34mcolcon.colcon_core.package_identification[0m [1;30mLevel 1[0m _identify(src/scripts) by extension 'ros'
[0.142s] [34mcolcon.colcon_core.package_identification[0m [1;30mLevel 1[0m _identify(src/scripts) by extensions ['cmake', 'python']
[0.142s] [34mcolcon.colcon_core.package_identification[0m [1;30mLevel 1[0m _identify(src/scripts) by extension 'cmake'
[0.142s] [34mcolcon.colcon_core.package_identification[0m [1;30mLevel 1[0m _identify(src/scripts) by extension 'python'
[0.142s] [34mcolcon.colcon_core.package_identification[0m [1;30mLevel 1[0m _identify(src/scripts) by extensions ['python_setup_py']
[0.142s] [34mcolcon.colcon_core.package_identification[0m [1;30mLevel 1[0m _identify(src/scripts) by extension 'python_setup_py'
[0.142s] [34mcolcon.colcon_core.package_identification[0m [1;30mLevel 1[0m _identify(src/scripts/__pycache__) by extensions ['ignore', 'ignore_ament_install']
[0.142s] [34mcolcon.colcon_core.package_identification[0m [1;30mLevel 1[0m _identify(src/scripts/__pycache__) by extension 'ignore'
[0.142s] [34mcolcon.colcon_core.package_identification[0m [1;30mLevel 1[0m _identify(src/scripts/__pycache__) by extension 'ignore_ament_install'
[0.142s] [34mcolcon.colcon_core.package_identification[0m [1;30mLevel 1[0m _identify(src/scripts/__pycache__) by extensions ['colcon_pkg']
[0.142s] [34mcolcon.colcon_core.package_identification[0m [1;30mLevel 1[0m _identify(src/scripts/__pycache__) by extension 'colcon_pkg'
[0.142s] [34mcolcon.colcon_core.package_identification[0m [1;30mLevel 1[0m _identify(src/scripts/__pycache__) by extensions ['colcon_meta']
[0.142s] [34mcolcon.colcon_core.package_identification[0m [1;30mLevel 1[0m _identify(src/scripts/__pycache__) by extension 'colcon_meta'
[0.142s] [34mcolcon.colcon_core.package_identification[0m [1;30mLevel 1[0m _identify(src/scripts/__pycache__) by extensions ['ros']
[0.142s] [34mcolcon.colcon_core.package_identification[0m [1;30mLevel 1[0m _identify(src/scripts/__pycache__) by extension 'ros'
[0.142s] [34mcolcon.colcon_core.package_identification[0m [1;30mLevel 1[0m _identify(src/scripts/__pycache__) by extensions ['cmake', 'python']
[0.142s] [34mcolcon.colcon_core.package_identification[0m [1;30mLevel 1[0m _identify(src/scripts/__pycache__) by extension 'cmake'
[0.142s] [34mcolcon.colcon_core.package_identification[0m [1;30mLevel 1[0m _identify(src/scripts/__pycache__) by extension 'python'
[0.142s] [34mcolcon.colcon_core.package_identification[0m [1;30mLevel 1[0m _identify(src/scripts/__pycache__) by extensions ['python_setup_py']
[0.142s] [34mcolcon.colcon_core.package_identification[0m [1;30mLevel 1[0m _identify(src/scripts/__pycache__) by extension 'python_setup_py'
[0.142s] [34mcolcon.colcon_core.package_identification[0m [1;30mLevel 1[0m _identify(src/stuff) by extensions ['ignore', 'ignore_ament_install']
[0.142s] [34mcolcon.colcon_core.package_identification[0m [1;30mLevel 1[0m _identify(src/stuff) by extension 'ignore'
[0.142s] [34mcolcon.colcon_core.package_identification[0m [1;30mLevel 1[0m _identify(src/stuff) by extension 'ignore_ament_install'
[0.142s] [34mcolcon.colcon_core.package_identification[0m [1;30mLevel 1[0m _identify(src/stuff) by extensions ['colcon_pkg']
[0.142s] [34mcolcon.colcon_core.package_identification[0m [1;30mLevel 1[0m _identify(src/stuff) by extension 'colcon_pkg'
[0.142s] [34mcolcon.colcon_core.package_identification[0m [1;30mLevel 1[0m _identify(src/stuff) by extensions ['colcon_meta']
[0.142s] [34mcolcon.colcon_core.package_identification[0m [1;30mLevel 1[0m _identify(src/stuff) by extension 'colcon_meta'
[0.142s] [34mcolcon.colcon_core.package_identification[0m [1;30mLevel 1[0m _identify(src/stuff) by extensions ['ros']
[0.142s] [34mcolcon.colcon_core.package_identification[0m [1;30mLevel 1[0m _identify(src/stuff) by extension 'ros'
[0.142s] [34mcolcon.colcon_core.package_identification[0m [1;30mLevel 1[0m _identify(src/stuff) by extensions ['cmake', 'python']
[0.142s] [34mcolcon.colcon_core.package_identification[0m [1;30mLevel 1[0m _identify(src/stuff) by extension 'cmake'
[0.142s] [34mcolcon.colcon_core.package_identification[0m [1;30mLevel 1[0m _identify(src/stuff) by extension 'python'
[0.142s] [34mcolcon.colcon_core.package_identification[0m [1;30mLevel 1[0m _identify(src/stuff) by extensions ['python_setup_py']
[0.142s] [34mcolcon.colcon_core.package_identification[0m [1;30mLevel 1[0m _identify(src/stuff) by extension 'python_setup_py'
[0.142s] [34mcolcon.colcon_core.package_identification[0m [1;30mLevel 1[0m _identify(src/yconfig) by extensions ['ignore', 'ignore_ament_install']
[0.142s] [34mcolcon.colcon_core.package_identification[0m [1;30mLevel 1[0m _identify(src/yconfig) by extension 'ignore'
[0.142s] [34mcolcon.colcon_core.package_identification[0m [1;30mLevel 1[0m _identify(src/yconfig) by extension 'ignore_ament_install'
[0.142s] [34mcolcon.colcon_core.package_identification[0m [1;30mLevel 1[0m _identify(src/yconfig) by extensions ['colcon_pkg']
[0.142s] [34mcolcon.colcon_core.package_identification[0m [1;30mLevel 1[0m _identify(src/yconfig) by extension 'colcon_pkg'
[0.142s] [34mcolcon.colcon_core.package_identification[0m [1;30mLevel 1[0m _identify(src/yconfig) by extensions ['colcon_meta']
[0.142s] [34mcolcon.colcon_core.package_identification[0m [1;30mLevel 1[0m _identify(src/yconfig) by extension 'colcon_meta'
[0.142s] [34mcolcon.colcon_core.package_identification[0m [1;30mLevel 1[0m _identify(src/yconfig) by extensions ['ros']
[0.142s] [34mcolcon.colcon_core.package_identification[0m [1;30mLevel 1[0m _identify(src/yconfig) by extension 'ros'
[0.143s] [34mcolcon.colcon_core.package_identification[0m [1;30mDEBUG[0m [32mPackage 'src/yconfig' with type 'ros.ament_cmake' and name 'yconfig'[0m
[0.143s] [34mcolcon.colcon_core.package_discovery[0m [1;30mLevel 1[0m discover_packages(recursive) using defaults
[0.143s] [34mcolcon.colcon_core.package_discovery[0m [1;30mLevel 1[0m discover_packages(ignore) discover
[0.143s] [34mcolcon.colcon_core.package_discovery[0m [1;30mLevel 1[0m discover_packages(ignore) using defaults
[0.143s] [34mcolcon.colcon_core.package_discovery[0m [1;30mLevel 1[0m discover_packages(path) discover
[0.143s] [34mcolcon.colcon_core.package_discovery[0m [1;30mLevel 1[0m discover_packages(path) using defaults
[0.153s] [34mcolcon.colcon_core.package_discovery[0m [1;30mLevel 1[0m discover_packages(prefix_path) check parameters
[0.153s] [34mcolcon.colcon_core.package_discovery[0m [1;30mLevel 1[0m discover_packages(prefix_path) discover
[0.153s] [34mcolcon.colcon_ros.prefix_path.ament[0m [1;30mWARNING[0m [33mThe path '/home/batman/marc/install/yconfig' in the environment variable AMENT_PREFIX_PATH doesn't exist[0m
[0.153s] [34mcolcon.colcon_ros.prefix_path.ament[0m [1;30mWARNING[0m [33mThe path '/home/batman/marc/install/arm_config' in the environment variable AMENT_PREFIX_PATH doesn't exist[0m
[0.153s] [34mcolcon.colcon_ros.prefix_path.ament[0m [1;30mWARNING[0m [33mThe path '/home/batman/marc/install/marc' in the environment variable AMENT_PREFIX_PATH doesn't exist[0m
[0.153s] [34mcolcon.colcon_ros.prefix_path.catkin[0m [1;30mWARNING[0m [33mThe path '/home/batman/marc/install/yconfig' in the environment variable CMAKE_PREFIX_PATH doesn't exist[0m
[0.153s] [34mcolcon.colcon_ros.prefix_path.catkin[0m [1;30mWARNING[0m [33mThe path '/home/batman/marc/install/arm_config' in the environment variable CMAKE_PREFIX_PATH doesn't exist[0m
[0.153s] [34mcolcon.colcon_ros.prefix_path.catkin[0m [1;30mWARNING[0m [33mThe path '/home/batman/marc/install/marc' in the environment variable CMAKE_PREFIX_PATH doesn't exist[0m
[0.154s] [34mcolcon.colcon_installed_package_information.package_discovery[0m [1;30mDEBUG[0m [32mFound 0 installed packages in /home/batman/marc/install[0m
[0.154s] [34mcolcon.colcon_installed_package_information.package_discovery[0m [1;30mDEBUG[0m [32mFound 3 installed packages in /home/batman/Desktop/ROS2/microros_ws/install[0m
[0.154s] [34mcolcon.colcon_installed_package_information.package_discovery[0m [1;30mDEBUG[0m [32mFound 4 installed packages in /home/batman/Desktop/ROS2/ros2_astra_ws/install[0m
[0.155s] [34mcolcon.colcon_installed_package_information.package_discovery[0m [1;30mDEBUG[0m [32mFound 270 installed packages in /opt/ros/humble[0m
[0.156s] [34mcolcon.colcon_core.package_discovery[0m [1;30mLevel 1[0m discover_packages(prefix_path) using defaults
[0.173s] [34mcolcon.colcon_core.verb[0m [1;30mLevel 5[0m set package 'marc' build argument 'cmake_args' from command line to 'None'
[0.173s] [34mcolcon.colcon_core.verb[0m [1;30mLevel 5[0m set package 'marc' build argument 'cmake_target' from command line to 'None'
[0.173s] [34mcolcon.colcon_core.verb[0m [1;30mLevel 5[0m set package 'marc' build argument 'cmake_target_skip_unavailable' from command line to 'False'
[0.173s] [34mcolcon.colcon_core.verb[0m [1;30mLevel 5[0m set package 'marc' build argument 'cmake_clean_cache' from command line to 'False'
[0.173s] [34mcolcon.colcon_core.verb[0m [1;30mLevel 5[0m set package 'marc' build argument 'cmake_clean_first' from command line to 'False'
[0.173s] [34mcolcon.colcon_core.verb[0m [1;30mLevel 5[0m set package 'marc' build argument 'cmake_force_configure' from command line to 'False'
[0.173s] [34mcolcon.colcon_core.verb[0m [1;30mLevel 5[0m set package 'marc' build argument 'ament_cmake_args' from command line to 'None'
[0.173s] [34mcolcon.colcon_core.verb[0m [1;30mLevel 5[0m set package 'marc' build argument 'catkin_cmake_args' from command line to 'None'
[0.173s] [34mcolcon.colcon_core.verb[0m [1;30mLevel 5[0m set package 'marc' build argument 'catkin_skip_building_tests' from command line to 'False'
[0.173s] [34mcolcon.colcon_core.verb[0m [1;30mDEBUG[0m [32mBuilding package 'marc' with the following arguments: {'ament_cmake_args': None, 'build_base': '/home/batman/marc/build/marc', 'catkin_cmake_args': None, 'catkin_skip_building_tests': False, 'cmake_args': None, 'cmake_clean_cache': False, 'cmake_clean_first': False, 'cmake_force_configure': False, 'cmake_target': None, 'cmake_target_skip_unavailable': False, 'install_base': '/home/batman/marc/install/marc', 'merge_install': False, 'path': '/home/batman/marc/src/marc', 'symlink_install': False, 'test_result_base': None}[0m
[0.173s] [34mcolcon.colcon_core.verb[0m [1;30mLevel 5[0m set package 'arm_config' build argument 'cmake_args' from command line to 'None'
[0.173s] [34mcolcon.colcon_core.verb[0m [1;30mLevel 5[0m set package 'arm_config' build argument 'cmake_target' from command line to 'None'
[0.173s] [34mcolcon.colcon_core.verb[0m [1;30mLevel 5[0m set package 'arm_config' build argument 'cmake_target_skip_unavailable' from command line to 'False'
[0.173s] [34mcolcon.colcon_core.verb[0m [1;30mLevel 5[0m set package 'arm_config' build argument 'cmake_clean_cache' from command line to 'False'
[0.173s] [34mcolcon.colcon_core.verb[0m [1;30mLevel 5[0m set package 'arm_config' build argument 'cmake_clean_first' from command line to 'False'
[0.173s] [34mcolcon.colcon_core.verb[0m [1;30mLevel 5[0m set package 'arm_config' build argument 'cmake_force_configure' from command line to 'False'
[0.173s] [34mcolcon.colcon_core.verb[0m [1;30mLevel 5[0m set package 'arm_config' build argument 'ament_cmake_args' from command line to 'None'
[0.173s] [34mcolcon.colcon_core.verb[0m [1;30mLevel 5[0m set package 'arm_config' build argument 'catkin_cmake_args' from command line to 'None'
[0.174s] [34mcolcon.colcon_core.verb[0m [1;30mLevel 5[0m set package 'arm_config' build argument 'catkin_skip_building_tests' from command line to 'False'
[0.174s] [34mcolcon.colcon_core.verb[0m [1;30mDEBUG[0m [32mBuilding package 'arm_config' with the following arguments: {'ament_cmake_args': None, 'build_base': '/home/batman/marc/build/arm_config', 'catkin_cmake_args': None, 'catkin_skip_building_tests': False, 'cmake_args': None, 'cmake_clean_cache': False, 'cmake_clean_first': False, 'cmake_force_configure': False, 'cmake_target': None, 'cmake_target_skip_unavailable': False, 'install_base': '/home/batman/marc/install/arm_config', 'merge_install': False, 'path': '/home/batman/marc/src/arm_config', 'symlink_install': False, 'test_result_base': None}[0m
[0.174s] [34mcolcon.colcon_core.verb[0m [1;30mLevel 5[0m set package 'yconfig' build argument 'cmake_args' from command line to 'None'
[0.174s] [34mcolcon.colcon_core.verb[0m [1;30mLevel 5[0m set package 'yconfig' build argument 'cmake_target' from command line to 'None'
[0.174s] [34mcolcon.colcon_core.verb[0m [1;30mLevel 5[0m set package 'yconfig' build argument 'cmake_target_skip_unavailable' from command line to 'False'
[0.174s] [34mcolcon.colcon_core.verb[0m [1;30mLevel 5[0m set package 'yconfig' build argument 'cmake_clean_cache' from command line to 'False'
[0.174s] [34mcolcon.colcon_core.verb[0m [1;30mLevel 5[0m set package 'yconfig' build argument 'cmake_clean_first' from command line to 'False'
[0.174s] [34mcolcon.colcon_core.verb[0m [1;30mLevel 5[0m set package 'yconfig' build argument 'cmake_force_configure' from command line to 'False'
[0.174s] [34mcolcon.colcon_core.verb[0m [1;30mLevel 5[0m set package 'yconfig' build argument 'ament_cmake_args' from command line to 'None'
[0.174s] [34mcolcon.colcon_core.verb[0m [1;30mLevel 5[0m set package 'yconfig' build argument 'catkin_cmake_args' from command line to 'None'
[0.174s] [34mcolcon.colcon_core.verb[0m [1;30mLevel 5[0m set package 'yconfig' build argument 'catkin_skip_building_tests' from command line to 'False'
[0.174s] [34mcolcon.colcon_core.verb[0m [1;30mDEBUG[0m [32mBuilding package 'yconfig' with the following arguments: {'ament_cmake_args': None, 'build_base': '/home/batman/marc/build/yconfig', 'catkin_cmake_args': None, 'catkin_skip_building_tests': False, 'cmake_args': None, 'cmake_clean_cache': False, 'cmake_clean_first': False, 'cmake_force_configure': False, 'cmake_target': None, 'cmake_target_skip_unavailable': False, 'install_base': '/home/batman/marc/install/yconfig', 'merge_install': False, 'path': '/home/batman/marc/src/yconfig', 'symlink_install': False, 'test_result_base': None}[0m
[0.174s] [34mcolcon.colcon_core.executor[0m [1;30mINFO[0m Executing jobs using 'parallel' executor
[0.175s] [34mcolcon.colcon_parallel_executor.executor.parallel[0m [1;30mDEBUG[0m [32mrun_until_complete[0m
[0.175s] [34mcolcon.colcon_ros.task.ament_cmake.build[0m [1;30mINFO[0m Building ROS package in '/home/batman/marc/src/marc' with build type 'ament_cmake'
[0.175s] [34mcolcon.colcon_cmake.task.cmake.build[0m [1;30mINFO[0m Building CMake package in '/home/batman/marc/src/marc'
[0.176s] [34mcolcon.colcon_core.plugin_system[0m [1;30mINFO[0m Skipping extension 'colcon_core.shell.bat': Not used on non-Windows systems
[0.176s] [34mcolcon.colcon_core.shell[0m [1;30mINFO[0m Skip shell extension 'powershell' for command environment: Not usable outside of PowerShell
[0.176s] [34mcolcon.colcon_core.shell[0m [1;30mDEBUG[0m [32mSkip shell extension 'dsv' for command environment[0m
[0.182s] [34mcolcon.colcon_core.event_handler.log_command[0m [1;30mDEBUG[0m [32mInvoking command in '/home/batman/marc/build/marc': CFLAGS=-I/usr/local/cuda-12.4/include CMAKE_PREFIX_PATH=${CMAKE_PREFIX_PATH}:/opt/ros/humble /usr/bin/cmake /home/batman/marc/src/marc -DCMAKE_INSTALL_PREFIX=/home/batman/marc/install/marc[0m
[1.230s] [34mcolcon.colcon_core.event_handler.log_command[0m [1;30mDEBUG[0m [32mInvoked command in '/home/batman/marc/build/marc' returned '0': CFLAGS=-I/usr/local/cuda-12.4/include CMAKE_PREFIX_PATH=${CMAKE_PREFIX_PATH}:/opt/ros/humble /usr/bin/cmake /home/batman/marc/src/marc -DCMAKE_INSTALL_PREFIX=/home/batman/marc/install/marc[0m
[1.230s] [34mcolcon.colcon_core.event_handler.log_command[0m [1;30mDEBUG[0m [32mInvoking command in '/home/batman/marc/build/marc': CFLAGS=-I/usr/local/cuda-12.4/include CMAKE_PREFIX_PATH=${CMAKE_PREFIX_PATH}:/opt/ros/humble /usr/bin/cmake --build /home/batman/marc/build/marc -- -j16 -l16[0m
[1.273s] [34mcolcon.colcon_core.event_handler.log_command[0m [1;30mDEBUG[0m [32mInvoked command in '/home/batman/marc/build/marc' returned '0': CFLAGS=-I/usr/local/cuda-12.4/include CMAKE_PREFIX_PATH=${CMAKE_PREFIX_PATH}:/opt/ros/humble /usr/bin/cmake --build /home/batman/marc/build/marc -- -j16 -l16[0m
[1.285s] [34mcolcon.colcon_core.event_handler.log_command[0m [1;30mDEBUG[0m [32mInvoking command in '/home/batman/marc/build/marc': CFLAGS=-I/usr/local/cuda-12.4/include CMAKE_PREFIX_PATH=${CMAKE_PREFIX_PATH}:/opt/ros/humble /usr/bin/cmake --install /home/batman/marc/build/marc[0m
[1.301s] [34mcolcon.colcon_core.environment[0m [1;30mLevel 1[0m create_environment_scripts_only(marc)
[1.301s] [34mcolcon.colcon_core.event_handler.log_command[0m [1;30mDEBUG[0m [32mInvoked command in '/home/batman/marc/build/marc' returned '0': CFLAGS=-I/usr/local/cuda-12.4/include CMAKE_PREFIX_PATH=${CMAKE_PREFIX_PATH}:/opt/ros/humble /usr/bin/cmake --install /home/batman/marc/build/marc[0m
[1.304s] [34mcolcon.colcon_core.environment[0m [1;30mLevel 1[0m checking '/home/batman/marc/install/marc' for CMake module files
[1.304s] [34mcolcon.colcon_core.environment[0m [1;30mLevel 1[0m checking '/home/batman/marc/install/marc' for CMake config files
[1.305s] [34mcolcon.colcon_core.shell[0m [1;30mLevel 1[0m create_environment_hook('marc', 'cmake_prefix_path')
[1.305s] [34mcolcon.colcon_core.shell[0m [1;30mINFO[0m Creating environment hook '/home/batman/marc/install/marc/share/marc/hook/cmake_prefix_path.ps1'
[1.318s] [34mcolcon.colcon_core.shell[0m [1;30mINFO[0m Creating environment descriptor '/home/batman/marc/install/marc/share/marc/hook/cmake_prefix_path.dsv'
[1.319s] [34mcolcon.colcon_core.shell[0m [1;30mINFO[0m Creating environment hook '/home/batman/marc/install/marc/share/marc/hook/cmake_prefix_path.sh'
[1.320s] [34mcolcon.colcon_core.environment[0m [1;30mLevel 1[0m checking '/home/batman/marc/install/marc/lib'
[1.321s] [34mcolcon.colcon_core.environment[0m [1;30mLevel 1[0m checking '/home/batman/marc/install/marc/bin'
[1.321s] [34mcolcon.colcon_core.environment[0m [1;30mLevel 1[0m checking '/home/batman/marc/install/marc/lib/pkgconfig/marc.pc'
[1.321s] [34mcolcon.colcon_core.environment[0m [1;30mLevel 1[0m checking '/home/batman/marc/install/marc/lib/python3.10/site-packages'
[1.321s] [34mcolcon.colcon_core.environment[0m [1;30mLevel 1[0m checking '/home/batman/marc/install/marc/bin'
[1.322s] [34mcolcon.colcon_core.shell[0m [1;30mINFO[0m Creating package script '/home/batman/marc/install/marc/share/marc/package.ps1'
[1.323s] [34mcolcon.colcon_core.shell[0m [1;30mINFO[0m Creating package descriptor '/home/batman/marc/install/marc/share/marc/package.dsv'
[1.323s] [34mcolcon.colcon_core.shell[0m [1;30mINFO[0m Creating package script '/home/batman/marc/install/marc/share/marc/package.sh'
[1.324s] [34mcolcon.colcon_core.shell[0m [1;30mINFO[0m Creating package script '/home/batman/marc/install/marc/share/marc/package.bash'
[1.325s] [34mcolcon.colcon_core.shell[0m [1;30mINFO[0m Creating package script '/home/batman/marc/install/marc/share/marc/package.zsh'
[1.326s] [34mcolcon.colcon_core.environment[0m [1;30mLevel 1[0m create_file_with_runtime_dependencies(/home/batman/marc/install/marc/share/colcon-core/packages/marc)
[1.326s] [34mcolcon.colcon_core.environment[0m [1;30mLevel 1[0m create_environment_scripts_only(marc)
[1.327s] [34mcolcon.colcon_core.environment[0m [1;30mLevel 1[0m checking '/home/batman/marc/install/marc' for CMake module files
[1.327s] [34mcolcon.colcon_core.environment[0m [1;30mLevel 1[0m checking '/home/batman/marc/install/marc' for CMake config files
[1.327s] [34mcolcon.colcon_core.shell[0m [1;30mLevel 1[0m create_environment_hook('marc', 'cmake_prefix_path')
[1.328s] [34mcolcon.colcon_core.shell[0m [1;30mINFO[0m Creating environment hook '/home/batman/marc/install/marc/share/marc/hook/cmake_prefix_path.ps1'
[1.328s] [34mcolcon.colcon_core.shell[0m [1;30mINFO[0m Creating environment descriptor '/home/batman/marc/install/marc/share/marc/hook/cmake_prefix_path.dsv'
[1.329s] [34mcolcon.colcon_core.shell[0m [1;30mINFO[0m Creating environment hook '/home/batman/marc/install/marc/share/marc/hook/cmake_prefix_path.sh'
[1.329s] [34mcolcon.colcon_core.environment[0m [1;30mLevel 1[0m checking '/home/batman/marc/install/marc/lib'
[1.329s] [34mcolcon.colcon_core.environment[0m [1;30mLevel 1[0m checking '/home/batman/marc/install/marc/bin'
[1.329s] [34mcolcon.colcon_core.environment[0m [1;30mLevel 1[0m checking '/home/batman/marc/install/marc/lib/pkgconfig/marc.pc'
[1.330s] [34mcolcon.colcon_core.environment[0m [1;30mLevel 1[0m checking '/home/batman/marc/install/marc/lib/python3.10/site-packages'
[1.330s] [34mcolcon.colcon_core.environment[0m [1;30mLevel 1[0m checking '/home/batman/marc/install/marc/bin'
[1.330s] [34mcolcon.colcon_core.shell[0m [1;30mINFO[0m Creating package script '/home/batman/marc/install/marc/share/marc/package.ps1'
[1.331s] [34mcolcon.colcon_core.shell[0m [1;30mINFO[0m Creating package descriptor '/home/batman/marc/install/marc/share/marc/package.dsv'
[1.332s] [34mcolcon.colcon_core.shell[0m [1;30mINFO[0m Creating package script '/home/batman/marc/install/marc/share/marc/package.sh'
[1.332s] [34mcolcon.colcon_core.shell[0m [1;30mINFO[0m Creating package script '/home/batman/marc/install/marc/share/marc/package.bash'
[1.333s] [34mcolcon.colcon_core.shell[0m [1;30mINFO[0m Creating package script '/home/batman/marc/install/marc/share/marc/package.zsh'
[1.333s] [34mcolcon.colcon_core.environment[0m [1;30mLevel 1[0m create_file_with_runtime_dependencies(/home/batman/marc/install/marc/share/colcon-core/packages/marc)
[1.333s] [34mcolcon.colcon_ros.task.ament_cmake.build[0m [1;30mINFO[0m Building ROS package in '/home/batman/marc/src/arm_config' with build type 'ament_cmake'
[1.333s] [34mcolcon.colcon_cmake.task.cmake.build[0m [1;30mINFO[0m Building CMake package in '/home/batman/marc/src/arm_config'
[1.334s] [34mcolcon.colcon_core.shell[0m [1;30mINFO[0m Skip shell extension 'powershell' for command environment: Not usable outside of PowerShell
[1.334s] [34mcolcon.colcon_core.shell[0m [1;30mDEBUG[0m [32mSkip shell extension 'dsv' for command environment[0m
[1.339s] [34mcolcon.colcon_ros.task.ament_cmake.build[0m [1;30mINFO[0m Building ROS package in '/home/batman/marc/src/yconfig' with build type 'ament_cmake'
[1.339s] [34mcolcon.colcon_cmake.task.cmake.build[0m [1;30mINFO[0m Building CMake package in '/home/batman/marc/src/yconfig'
[1.339s] [34mcolcon.colcon_core.shell[0m [1;30mINFO[0m Skip shell extension 'powershell' for command environment: Not usable outside of PowerShell
[1.340s] [34mcolcon.colcon_core.shell[0m [1;30mDEBUG[0m [32mSkip shell extension 'dsv' for command environment[0m
[1.352s] [34mcolcon.colcon_core.event_handler.log_command[0m [1;30mDEBUG[0m [32mInvoking command in '/home/batman/marc/build/arm_config': CFLAGS=-I/usr/local/cuda-12.4/include CMAKE_PREFIX_PATH=/home/batman/marc/install/marc:/home/batman/marc/install/yconfig:/home/batman/marc/install/arm_config:/home/batman/Desktop/ROS2/microros_ws/install/micro_ros_setup:/home/batman/Desktop/ROS2/microros_ws/install/micro_ros_agent:/home/batman/Desktop/ROS2/microros_ws/install/micro_ros_msgs:/home/batman/Desktop/ROS2/ros2_astra_ws/install/zed_ros2:/home/batman/Desktop/ROS2/ros2_astra_ws/install/zed_wrapper:/home/batman/Desktop/ROS2/ros2_astra_ws/install/zed_components:/home/batman/Desktop/ROS2/ros2_astra_ws/install/zed_interfaces:/opt/ros/humble /usr/bin/cmake /home/batman/marc/src/arm_config -DCMAKE_INSTALL_PREFIX=/home/batman/marc/install/arm_config[0m
[1.355s] [34mcolcon.colcon_core.event_handler.log_command[0m [1;30mDEBUG[0m [32mInvoking command in '/home/batman/marc/build/yconfig': CFLAGS=-I/usr/local/cuda-12.4/include CMAKE_PREFIX_PATH=/home/batman/marc/install/marc:/home/batman/marc/install/yconfig:/home/batman/marc/install/arm_config:/home/batman/Desktop/ROS2/microros_ws/install/micro_ros_setup:/home/batman/Desktop/ROS2/microros_ws/install/micro_ros_agent:/home/batman/Desktop/ROS2/microros_ws/install/micro_ros_msgs:/home/batman/Desktop/ROS2/ros2_astra_ws/install/zed_ros2:/home/batman/Desktop/ROS2/ros2_astra_ws/install/zed_wrapper:/home/batman/Desktop/ROS2/ros2_astra_ws/install/zed_components:/home/batman/Desktop/ROS2/ros2_astra_ws/install/zed_interfaces:/opt/ros/humble /usr/bin/cmake /home/batman/marc/src/yconfig -DCMAKE_INSTALL_PREFIX=/home/batman/marc/install/yconfig[0m
[2.511s] [34mcolcon.colcon_core.event_handler.log_command[0m [1;30mDEBUG[0m [32mInvoked command in '/home/batman/marc/build/arm_config' returned '0': CFLAGS=-I/usr/local/cuda-12.4/include CMAKE_PREFIX_PATH=/home/batman/marc/install/marc:/home/batman/marc/install/yconfig:/home/batman/marc/install/arm_config:/home/batman/Desktop/ROS2/microros_ws/install/micro_ros_setup:/home/batman/Desktop/ROS2/microros_ws/install/micro_ros_agent:/home/batman/Desktop/ROS2/microros_ws/install/micro_ros_msgs:/home/batman/Desktop/ROS2/ros2_astra_ws/install/zed_ros2:/home/batman/Desktop/ROS2/ros2_astra_ws/install/zed_wrapper:/home/batman/Desktop/ROS2/ros2_astra_ws/install/zed_components:/home/batman/Desktop/ROS2/ros2_astra_ws/install/zed_interfaces:/opt/ros/humble /usr/bin/cmake /home/batman/marc/src/arm_config -DCMAKE_INSTALL_PREFIX=/home/batman/marc/install/arm_config[0m
[2.513s] [34mcolcon.colcon_core.event_handler.log_command[0m [1;30mDEBUG[0m [32mInvoking command in '/home/batman/marc/build/arm_config': CFLAGS=-I/usr/local/cuda-12.4/include CMAKE_PREFIX_PATH=/home/batman/marc/install/marc:/home/batman/marc/install/yconfig:/home/batman/marc/install/arm_config:/home/batman/Desktop/ROS2/microros_ws/install/micro_ros_setup:/home/batman/Desktop/ROS2/microros_ws/install/micro_ros_agent:/home/batman/Desktop/ROS2/microros_ws/install/micro_ros_msgs:/home/batman/Desktop/ROS2/ros2_astra_ws/install/zed_ros2:/home/batman/Desktop/ROS2/ros2_astra_ws/install/zed_wrapper:/home/batman/Desktop/ROS2/ros2_astra_ws/install/zed_components:/home/batman/Desktop/ROS2/ros2_astra_ws/install/zed_interfaces:/opt/ros/humble /usr/bin/cmake --build /home/batman/marc/build/arm_config -- -j16 -l16[0m
[2.532s] [34mcolcon.colcon_core.event_handler.log_command[0m [1;30mDEBUG[0m [32mInvoked command in '/home/batman/marc/build/yconfig' returned '0': CFLAGS=-I/usr/local/cuda-12.4/include CMAKE_PREFIX_PATH=/home/batman/marc/install/marc:/home/batman/marc/install/yconfig:/home/batman/marc/install/arm_config:/home/batman/Desktop/ROS2/microros_ws/install/micro_ros_setup:/home/batman/Desktop/ROS2/microros_ws/install/micro_ros_agent:/home/batman/Desktop/ROS2/microros_ws/install/micro_ros_msgs:/home/batman/Desktop/ROS2/ros2_astra_ws/install/zed_ros2:/home/batman/Desktop/ROS2/ros2_astra_ws/install/zed_wrapper:/home/batman/Desktop/ROS2/ros2_astra_ws/install/zed_components:/home/batman/Desktop/ROS2/ros2_astra_ws/install/zed_interfaces:/opt/ros/humble /usr/bin/cmake /home/batman/marc/src/yconfig -DCMAKE_INSTALL_PREFIX=/home/batman/marc/install/yconfig[0m
[2.535s] [34mcolcon.colcon_core.event_handler.log_command[0m [1;30mDEBUG[0m [32mInvoking command in '/home/batman/marc/build/yconfig': CFLAGS=-I/usr/local/cuda-12.4/include CMAKE_PREFIX_PATH=/home/batman/marc/install/marc:/home/batman/marc/install/yconfig:/home/batman/marc/install/arm_config:/home/batman/Desktop/ROS2/microros_ws/install/micro_ros_setup:/home/batman/Desktop/ROS2/microros_ws/install/micro_ros_agent:/home/batman/Desktop/ROS2/microros_ws/install/micro_ros_msgs:/home/batman/Desktop/ROS2/ros2_astra_ws/install/zed_ros2:/home/batman/Desktop/ROS2/ros2_astra_ws/install/zed_wrapper:/home/batman/Desktop/ROS2/ros2_astra_ws/install/zed_components:/home/batman/Desktop/ROS2/ros2_astra_ws/install/zed_interfaces:/opt/ros/humble /usr/bin/cmake --build /home/batman/marc/build/yconfig -- -j16 -l16[0m
[2.568s] [34mcolcon.colcon_core.event_handler.log_command[0m [1;30mDEBUG[0m [32mInvoked command in '/home/batman/marc/build/arm_config' returned '0': CFLAGS=-I/usr/local/cuda-12.4/include CMAKE_PREFIX_PATH=/home/batman/marc/install/marc:/home/batman/marc/install/yconfig:/home/batman/marc/install/arm_config:/home/batman/Desktop/ROS2/microros_ws/install/micro_ros_setup:/home/batman/Desktop/ROS2/microros_ws/install/micro_ros_agent:/home/batman/Desktop/ROS2/microros_ws/install/micro_ros_msgs:/home/batman/Desktop/ROS2/ros2_astra_ws/install/zed_ros2:/home/batman/Desktop/ROS2/ros2_astra_ws/install/zed_wrapper:/home/batman/Desktop/ROS2/ros2_astra_ws/install/zed_components:/home/batman/Desktop/ROS2/ros2_astra_ws/install/zed_interfaces:/opt/ros/humble /usr/bin/cmake --build /home/batman/marc/build/arm_config -- -j16 -l16[0m
[2.571s] [34mcolcon.colcon_core.event_handler.log_command[0m [1;30mDEBUG[0m [32mInvoking command in '/home/batman/marc/build/arm_config': CFLAGS=-I/usr/local/cuda-12.4/include CMAKE_PREFIX_PATH=/home/batman/marc/install/marc:/home/batman/marc/install/yconfig:/home/batman/marc/install/arm_config:/home/batman/Desktop/ROS2/microros_ws/install/micro_ros_setup:/home/batman/Desktop/ROS2/microros_ws/install/micro_ros_agent:/home/batman/Desktop/ROS2/microros_ws/install/micro_ros_msgs:/home/batman/Desktop/ROS2/ros2_astra_ws/install/zed_ros2:/home/batman/Desktop/ROS2/ros2_astra_ws/install/zed_wrapper:/home/batman/Desktop/ROS2/ros2_astra_ws/install/zed_components:/home/batman/Desktop/ROS2/ros2_astra_ws/install/zed_interfaces:/opt/ros/humble /usr/bin/cmake --install /home/batman/marc/build/arm_config[0m
[2.586s] [34mcolcon.colcon_core.environment[0m [1;30mLevel 1[0m create_environment_scripts_only(arm_config)
[2.587s] [34mcolcon.colcon_core.event_handler.log_command[0m [1;30mDEBUG[0m [32mInvoked command in '/home/batman/marc/build/arm_config' returned '0': CFLAGS=-I/usr/local/cuda-12.4/include CMAKE_PREFIX_PATH=/home/batman/marc/install/marc:/home/batman/marc/install/yconfig:/home/batman/marc/install/arm_config:/home/batman/Desktop/ROS2/microros_ws/install/micro_ros_setup:/home/batman/Desktop/ROS2/microros_ws/install/micro_ros_agent:/home/batman/Desktop/ROS2/microros_ws/install/micro_ros_msgs:/home/batman/Desktop/ROS2/ros2_astra_ws/install/zed_ros2:/home/batman/Desktop/ROS2/ros2_astra_ws/install/zed_wrapper:/home/batman/Desktop/ROS2/ros2_astra_ws/install/zed_components:/home/batman/Desktop/ROS2/ros2_astra_ws/install/zed_interfaces:/opt/ros/humble /usr/bin/cmake --install /home/batman/marc/build/arm_config[0m
[2.587s] [34mcolcon.colcon_core.environment[0m [1;30mLevel 1[0m checking '/home/batman/marc/install/arm_config' for CMake module files
[2.588s] [34mcolcon.colcon_core.environment[0m [1;30mLevel 1[0m checking '/home/batman/marc/install/arm_config' for CMake config files
[2.589s] [34mcolcon.colcon_core.shell[0m [1;30mLevel 1[0m create_environment_hook('arm_config', 'cmake_prefix_path')
[2.589s] [34mcolcon.colcon_core.shell[0m [1;30mINFO[0m Creating environment hook '/home/batman/marc/install/arm_config/share/arm_config/hook/cmake_prefix_path.ps1'
[2.590s] [34mcolcon.colcon_core.shell[0m [1;30mINFO[0m Creating environment descriptor '/home/batman/marc/install/arm_config/share/arm_config/hook/cmake_prefix_path.dsv'
[2.590s] [34mcolcon.colcon_core.shell[0m [1;30mINFO[0m Creating environment hook '/home/batman/marc/install/arm_config/share/arm_config/hook/cmake_prefix_path.sh'
[2.591s] [34mcolcon.colcon_core.environment[0m [1;30mLevel 1[0m checking '/home/batman/marc/install/arm_config/bin'
[2.591s] [34mcolcon.colcon_core.environment[0m [1;30mLevel 1[0m checking '/home/batman/marc/install/arm_config/lib/pkgconfig/arm_config.pc'
[2.591s] [34mcolcon.colcon_core.environment[0m [1;30mLevel 1[0m checking '/home/batman/marc/install/arm_config/lib/python3.10/site-packages'
[2.591s] [34mcolcon.colcon_core.environment[0m [1;30mLevel 1[0m checking '/home/batman/marc/install/arm_config/bin'
[2.592s] [34mcolcon.colcon_core.shell[0m [1;30mINFO[0m Creating package script '/home/batman/marc/install/arm_config/share/arm_config/package.ps1'
[2.592s] [34mcolcon.colcon_core.shell[0m [1;30mINFO[0m Creating package descriptor '/home/batman/marc/install/arm_config/share/arm_config/package.dsv'
[2.593s] [34mcolcon.colcon_core.shell[0m [1;30mINFO[0m Creating package script '/home/batman/marc/install/arm_config/share/arm_config/package.sh'
[2.593s] [34mcolcon.colcon_core.shell[0m [1;30mINFO[0m Creating package script '/home/batman/marc/install/arm_config/share/arm_config/package.bash'
[2.594s] [34mcolcon.colcon_core.shell[0m [1;30mINFO[0m Creating package script '/home/batman/marc/install/arm_config/share/arm_config/package.zsh'
[2.594s] [34mcolcon.colcon_core.environment[0m [1;30mLevel 1[0m create_file_with_runtime_dependencies(/home/batman/marc/install/arm_config/share/colcon-core/packages/arm_config)
[2.595s] [34mcolcon.colcon_core.environment[0m [1;30mLevel 1[0m create_environment_scripts_only(arm_config)
[2.595s] [34mcolcon.colcon_core.environment[0m [1;30mLevel 1[0m checking '/home/batman/marc/install/arm_config' for CMake module files
[2.595s] [34mcolcon.colcon_core.environment[0m [1;30mLevel 1[0m checking '/home/batman/marc/install/arm_config' for CMake config files
[2.596s] [34mcolcon.colcon_core.shell[0m [1;30mLevel 1[0m create_environment_hook('arm_config', 'cmake_prefix_path')
[2.596s] [34mcolcon.colcon_core.shell[0m [1;30mINFO[0m Creating environment hook '/home/batman/marc/install/arm_config/share/arm_config/hook/cmake_prefix_path.ps1'
[2.596s] [34mcolcon.colcon_core.shell[0m [1;30mINFO[0m Creating environment descriptor '/home/batman/marc/install/arm_config/share/arm_config/hook/cmake_prefix_path.dsv'
[2.597s] [34mcolcon.colcon_core.shell[0m [1;30mINFO[0m Creating environment hook '/home/batman/marc/install/arm_config/share/arm_config/hook/cmake_prefix_path.sh'
[2.597s] [34mcolcon.colcon_core.environment[0m [1;30mLevel 1[0m checking '/home/batman/marc/install/arm_config/bin'
[2.598s] [34mcolcon.colcon_core.environment[0m [1;30mLevel 1[0m checking '/home/batman/marc/install/arm_config/lib/pkgconfig/arm_config.pc'
[2.598s] [34mcolcon.colcon_core.environment[0m [1;30mLevel 1[0m checking '/home/batman/marc/install/arm_config/lib/python3.10/site-packages'
[2.598s] [34mcolcon.colcon_core.environment[0m [1;30mLevel 1[0m checking '/home/batman/marc/install/arm_config/bin'
[2.598s] [34mcolcon.colcon_core.shell[0m [1;30mINFO[0m Creating package script '/home/batman/marc/install/arm_config/share/arm_config/package.ps1'
[2.599s] [34mcolcon.colcon_core.shell[0m [1;30mINFO[0m Creating package descriptor '/home/batman/marc/install/arm_config/share/arm_config/package.dsv'
[2.600s] [34mcolcon.colcon_core.shell[0m [1;30mINFO[0m Creating package script '/home/batman/marc/install/arm_config/share/arm_config/package.sh'
[2.600s] [34mcolcon.colcon_core.shell[0m [1;30mINFO[0m Creating package script '/home/batman/marc/install/arm_config/share/arm_config/package.bash'
[2.601s] [34mcolcon.colcon_core.shell[0m [1;30mINFO[0m Creating package script '/home/batman/marc/install/arm_config/share/arm_config/package.zsh'
[2.601s] [34mcolcon.colcon_core.environment[0m [1;30mLevel 1[0m create_file_with_runtime_dependencies(/home/batman/marc/install/arm_config/share/colcon-core/packages/arm_config)
[2.605s] [34mcolcon.colcon_core.event_handler.log_command[0m [1;30mDEBUG[0m [32mInvoked command in '/home/batman/marc/build/yconfig' returned '0': CFLAGS=-I/usr/local/cuda-12.4/include CMAKE_PREFIX_PATH=/home/batman/marc/install/marc:/home/batman/marc/install/yconfig:/home/batman/marc/install/arm_config:/home/batman/Desktop/ROS2/microros_ws/install/micro_ros_setup:/home/batman/Desktop/ROS2/microros_ws/install/micro_ros_agent:/home/batman/Desktop/ROS2/microros_ws/install/micro_ros_msgs:/home/batman/Desktop/ROS2/ros2_astra_ws/install/zed_ros2:/home/batman/Desktop/ROS2/ros2_astra_ws/install/zed_wrapper:/home/batman/Desktop/ROS2/ros2_astra_ws/install/zed_components:/home/batman/Desktop/ROS2/ros2_astra_ws/install/zed_interfaces:/opt/ros/humble /usr/bin/cmake --build /home/batman/marc/build/yconfig -- -j16 -l16[0m
[2.605s] [34mcolcon.colcon_core.event_handler.log_command[0m [1;30mDEBUG[0m [32mInvoking command in '/home/batman/marc/build/yconfig': CFLAGS=-I/usr/local/cuda-12.4/include CMAKE_PREFIX_PATH=/home/batman/marc/install/marc:/home/batman/marc/install/yconfig:/home/batman/marc/install/arm_config:/home/batman/Desktop/ROS2/microros_ws/install/micro_ros_setup:/home/batman/Desktop/ROS2/microros_ws/install/micro_ros_agent:/home/batman/Desktop/ROS2/microros_ws/install/micro_ros_msgs:/home/batman/Desktop/ROS2/ros2_astra_ws/install/zed_ros2:/home/batman/Desktop/ROS2/ros2_astra_ws/install/zed_wrapper:/home/batman/Desktop/ROS2/ros2_astra_ws/install/zed_components:/home/batman/Desktop/ROS2/ros2_astra_ws/install/zed_interfaces:/opt/ros/humble /usr/bin/cmake --install /home/batman/marc/build/yconfig[0m
[2.619s] [34mcolcon.colcon_core.environment[0m [1;30mLevel 1[0m create_environment_scripts_only(yconfig)
[2.620s] [34mcolcon.colcon_core.environment[0m [1;30mLevel 1[0m checking '/home/batman/marc/install/yconfig' for CMake module files
[2.620s] [34mcolcon.colcon_core.event_handler.log_command[0m [1;30mDEBUG[0m [32mInvoked command in '/home/batman/marc/build/yconfig' returned '0': CFLAGS=-I/usr/local/cuda-12.4/include CMAKE_PREFIX_PATH=/home/batman/marc/install/marc:/home/batman/marc/install/yconfig:/home/batman/marc/install/arm_config:/home/batman/Desktop/ROS2/microros_ws/install/micro_ros_setup:/home/batman/Desktop/ROS2/microros_ws/install/micro_ros_agent:/home/batman/Desktop/ROS2/microros_ws/install/micro_ros_msgs:/home/batman/Desktop/ROS2/ros2_astra_ws/install/zed_ros2:/home/batman/Desktop/ROS2/ros2_astra_ws/install/zed_wrapper:/home/batman/Desktop/ROS2/ros2_astra_ws/install/zed_components:/home/batman/Desktop/ROS2/ros2_astra_ws/install/zed_interfaces:/opt/ros/humble /usr/bin/cmake --install /home/batman/marc/build/yconfig[0m
[2.621s] [34mcolcon.colcon_core.environment[0m [1;30mLevel 1[0m checking '/home/batman/marc/install/yconfig' for CMake config files
[2.621s] [34mcolcon.colcon_core.shell[0m [1;30mLevel 1[0m create_environment_hook('yconfig', 'cmake_prefix_path')
[2.622s] [34mcolcon.colcon_core.shell[0m [1;30mINFO[0m Creating environment hook '/home/batman/marc/install/yconfig/share/yconfig/hook/cmake_prefix_path.ps1'
[2.622s] [34mcolcon.colcon_core.shell[0m [1;30mINFO[0m Creating environment descriptor '/home/batman/marc/install/yconfig/share/yconfig/hook/cmake_prefix_path.dsv'
[2.623s] [34mcolcon.colcon_core.shell[0m [1;30mINFO[0m Creating environment hook '/home/batman/marc/install/yconfig/share/yconfig/hook/cmake_prefix_path.sh'
[2.623s] [34mcolcon.colcon_core.environment[0m [1;30mLevel 1[0m checking '/home/batman/marc/install/yconfig/bin'
[2.624s] [34mcolcon.colcon_core.environment[0m [1;30mLevel 1[0m checking '/home/batman/marc/install/yconfig/lib/pkgconfig/yconfig.pc'
[2.624s] [34mcolcon.colcon_core.environment[0m [1;30mLevel 1[0m checking '/home/batman/marc/install/yconfig/lib/python3.10/site-packages'
[2.624s] [34mcolcon.colcon_core.environment[0m [1;30mLevel 1[0m checking '/home/batman/marc/install/yconfig/bin'
[2.625s] [34mcolcon.colcon_core.shell[0m [1;30mINFO[0m Creating package script '/home/batman/marc/install/yconfig/share/yconfig/package.ps1'
[2.625s] [34mcolcon.colcon_core.shell[0m [1;30mINFO[0m Creating package descriptor '/home/batman/marc/install/yconfig/share/yconfig/package.dsv'
[2.626s] [34mcolcon.colcon_core.shell[0m [1;30mINFO[0m Creating package script '/home/batman/marc/install/yconfig/share/yconfig/package.sh'
[2.626s] [34mcolcon.colcon_core.shell[0m [1;30mINFO[0m Creating package script '/home/batman/marc/install/yconfig/share/yconfig/package.bash'
[2.626s] [34mcolcon.colcon_core.shell[0m [1;30mINFO[0m Creating package script '/home/batman/marc/install/yconfig/share/yconfig/package.zsh'
[2.627s] [34mcolcon.colcon_core.environment[0m [1;30mLevel 1[0m create_file_with_runtime_dependencies(/home/batman/marc/install/yconfig/share/colcon-core/packages/yconfig)
[2.627s] [34mcolcon.colcon_core.environment[0m [1;30mLevel 1[0m create_environment_scripts_only(yconfig)
[2.628s] [34mcolcon.colcon_core.environment[0m [1;30mLevel 1[0m checking '/home/batman/marc/install/yconfig' for CMake module files
[2.628s] [34mcolcon.colcon_core.environment[0m [1;30mLevel 1[0m checking '/home/batman/marc/install/yconfig' for CMake config files
[2.628s] [34mcolcon.colcon_core.shell[0m [1;30mLevel 1[0m create_environment_hook('yconfig', 'cmake_prefix_path')
[2.629s] [34mcolcon.colcon_core.shell[0m [1;30mINFO[0m Creating environment hook '/home/batman/marc/install/yconfig/share/yconfig/hook/cmake_prefix_path.ps1'
[2.629s] [34mcolcon.colcon_core.shell[0m [1;30mINFO[0m Creating environment descriptor '/home/batman/marc/install/yconfig/share/yconfig/hook/cmake_prefix_path.dsv'
[2.629s] [34mcolcon.colcon_core.shell[0m [1;30mINFO[0m Creating environment hook '/home/batman/marc/install/yconfig/share/yconfig/hook/cmake_prefix_path.sh'
[2.630s] [34mcolcon.colcon_core.environment[0m [1;30mLevel 1[0m checking '/home/batman/marc/install/yconfig/bin'
[2.630s] [34mcolcon.colcon_core.environment[0m [1;30mLevel 1[0m checking '/home/batman/marc/install/yconfig/lib/pkgconfig/yconfig.pc'
[2.630s] [34mcolcon.colcon_core.environment[0m [1;30mLevel 1[0m checking '/home/batman/marc/install/yconfig/lib/python3.10/site-packages'
[2.631s] [34mcolcon.colcon_core.environment[0m [1;30mLevel 1[0m checking '/home/batman/marc/install/yconfig/bin'
[2.631s] [34mcolcon.colcon_core.shell[0m [1;30mINFO[0m Creating package script '/home/batman/marc/install/yconfig/share/yconfig/package.ps1'
[2.632s] [34mcolcon.colcon_core.shell[0m [1;30mINFO[0m Creating package descriptor '/home/batman/marc/install/yconfig/share/yconfig/package.dsv'
[2.632s] [34mcolcon.colcon_core.shell[0m [1;30mINFO[0m Creating package script '/home/batman/marc/install/yconfig/share/yconfig/package.sh'
[2.633s] [34mcolcon.colcon_core.shell[0m [1;30mINFO[0m Creating package script '/home/batman/marc/install/yconfig/share/yconfig/package.bash'
[2.633s] [34mcolcon.colcon_core.shell[0m [1;30mINFO[0m Creating package script '/home/batman/marc/install/yconfig/share/yconfig/package.zsh'
[2.634s] [34mcolcon.colcon_core.environment[0m [1;30mLevel 1[0m create_file_with_runtime_dependencies(/home/batman/marc/install/yconfig/share/colcon-core/packages/yconfig)
[2.634s] [34mcolcon.colcon_parallel_executor.executor.parallel[0m [1;30mDEBUG[0m [32mclosing loop[0m
[2.634s] [34mcolcon.colcon_parallel_executor.executor.parallel[0m [1;30mDEBUG[0m [32mloop closed[0m
[2.634s] [34mcolcon.colcon_parallel_executor.executor.parallel[0m [1;30mDEBUG[0m [32mrun_until_complete finished with '0'[0m
[2.634s] [34mcolcon.colcon_core.event_reactor[0m [1;30mDEBUG[0m [32mjoining thread[0m
[2.641s] [34mcolcon.colcon_core.plugin_system[0m [1;30mINFO[0m Skipping extension 'colcon_notification.desktop_notification.terminal_notifier': Not used on non-Darwin systems
[2.641s] [34mcolcon.colcon_core.plugin_system[0m [1;30mINFO[0m Skipping extension 'colcon_notification.desktop_notification.win32': Not used on non-Windows systems
[2.641s] [34mcolcon.colcon_notification.desktop_notification[0m [1;30mINFO[0m Sending desktop notification using 'notify2'
[2.656s] [34mcolcon.colcon_core.event_reactor[0m [1;30mDEBUG[0m [32mjoined thread[0m
[2.656s] [34mcolcon.colcon_core.shell[0m [1;30mINFO[0m Creating prefix script '/home/batman/marc/install/local_setup.ps1'
[2.657s] [34mcolcon.colcon_core.shell[0m [1;30mINFO[0m Creating prefix util module '/home/batman/marc/install/_local_setup_util_ps1.py'
[2.659s] [34mcolcon.colcon_core.shell[0m [1;30mINFO[0m Creating prefix chain script '/home/batman/marc/install/setup.ps1'
[2.661s] [34mcolcon.colcon_core.shell[0m [1;30mINFO[0m Creating prefix script '/home/batman/marc/install/local_setup.sh'
[2.661s] [34mcolcon.colcon_core.shell[0m [1;30mINFO[0m Creating prefix util module '/home/batman/marc/install/_local_setup_util_sh.py'
[2.662s] [34mcolcon.colcon_core.shell[0m [1;30mINFO[0m Creating prefix chain script '/home/batman/marc/install/setup.sh'
[2.665s] [34mcolcon.colcon_core.shell[0m [1;30mINFO[0m Creating prefix script '/home/batman/marc/install/local_setup.bash'
[2.666s] [34mcolcon.colcon_core.shell[0m [1;30mINFO[0m Creating prefix chain script '/home/batman/marc/install/setup.bash'
[2.669s] [34mcolcon.colcon_core.shell[0m [1;30mINFO[0m Creating prefix script '/home/batman/marc/install/local_setup.zsh'
[2.670s] [34mcolcon.colcon_core.shell[0m [1;30mINFO[0m Creating prefix chain script '/home/batman/marc/install/setup.zsh'
