[0.063s] DEBUG:colcon:Command line arguments: ['/usr/bin/colcon', 'build', '--allow-overriding', 'marc']
[0.063s] DEBUG:colcon:Parsed command line arguments: Namespace(log_base=None, log_level=None, verb_name='build', build_base='build', install_base='install', merge_install=False, symlink_install=False, test_result_base=None, continue_on_error=False, executor='parallel', parallel_workers=16, event_handlers=None, ignore_user_meta=False, metas=['./colcon.meta'], base_paths=['.'], packages_ignore=None, packages_ignore_regex=None, paths=None, packages_up_to=None, packages_up_to_regex=None, packages_above=None, packages_above_and_dependencies=None, packages_above_depth=None, packages_select_by_dep=None, packages_skip_by_dep=None, packages_skip_up_to=None, packages_select_build_failed=False, packages_skip_build_finished=False, packages_select_test_failures=False, packages_skip_test_passed=False, packages_select=None, packages_skip=None, packages_select_regex=None, packages_skip_regex=None, packages_start=None, packages_end=None, allow_overriding=['marc'], cmake_args=None, cmake_target=None, cmake_target_skip_unavailable=False, cmake_clean_cache=False, cmake_clean_first=False, cmake_force_configure=False, ament_cmake_args=None, catkin_cmake_args=None, catkin_skip_building_tests=False, verb_parser=<colcon_defaults.argument_parser.defaults.DefaultArgumentsDecorator object at 0x73aaafa39a50>, verb_extension=<colcon_core.verb.build.BuildVerb object at 0x73aaafa39540>, main=<bound method BuildVerb.main of <colcon_core.verb.build.BuildVerb object at 0x73aaafa39540>>)
[0.085s] Level 1:colcon.colcon_core.package_discovery:discover_packages(colcon_meta) check parameters
[0.085s] Level 1:colcon.colcon_core.package_discovery:discover_packages(recursive) check parameters
[0.086s] Level 1:colcon.colcon_core.package_discovery:discover_packages(ignore) check parameters
[0.086s] Level 1:colcon.colcon_core.package_discovery:discover_packages(path) check parameters
[0.086s] Level 1:colcon.colcon_core.package_discovery:discover_packages(colcon_meta) discover
[0.086s] Level 1:colcon.colcon_core.package_discovery:discover_packages(recursive) discover
[0.086s] INFO:colcon.colcon_core.package_discovery:Crawling recursively for packages in '/home/sage/marc_ws'
[0.086s] Level 1:colcon.colcon_core.package_identification:_identify(.) by extensions ['ignore', 'ignore_ament_install']
[0.086s] Level 1:colcon.colcon_core.package_identification:_identify(.) by extension 'ignore'
[0.086s] Level 1:colcon.colcon_core.package_identification:_identify(.) by extension 'ignore_ament_install'
[0.086s] Level 1:colcon.colcon_core.package_identification:_identify(.) by extensions ['colcon_pkg']
[0.086s] Level 1:colcon.colcon_core.package_identification:_identify(.) by extension 'colcon_pkg'
[0.086s] Level 1:colcon.colcon_core.package_identification:_identify(.) by extensions ['colcon_meta']
[0.086s] Level 1:colcon.colcon_core.package_identification:_identify(.) by extension 'colcon_meta'
[0.086s] Level 1:colcon.colcon_core.package_identification:_identify(.) by extensions ['ros']
[0.086s] Level 1:colcon.colcon_core.package_identification:_identify(.) by extension 'ros'
[0.095s] Level 1:colcon.colcon_core.package_identification:_identify(.) by extensions ['cmake', 'python']
[0.095s] Level 1:colcon.colcon_core.package_identification:_identify(.) by extension 'cmake'
[0.095s] Level 1:colcon.colcon_core.package_identification:_identify(.) by extension 'python'
[0.095s] Level 1:colcon.colcon_core.package_identification:_identify(.) by extensions ['python_setup_py']
[0.095s] Level 1:colcon.colcon_core.package_identification:_identify(.) by extension 'python_setup_py'
[0.095s] Level 1:colcon.colcon_core.package_identification:_identify(build) by extensions ['ignore', 'ignore_ament_install']
[0.095s] Level 1:colcon.colcon_core.package_identification:_identify(build) by extension 'ignore'
[0.095s] Level 1:colcon.colcon_core.package_identification:_identify(build) ignored
[0.095s] Level 1:colcon.colcon_core.package_identification:_identify(install) by extensions ['ignore', 'ignore_ament_install']
[0.095s] Level 1:colcon.colcon_core.package_identification:_identify(install) by extension 'ignore'
[0.095s] Level 1:colcon.colcon_core.package_identification:_identify(install) ignored
[0.095s] Level 1:colcon.colcon_core.package_identification:_identify(log) by extensions ['ignore', 'ignore_ament_install']
[0.095s] Level 1:colcon.colcon_core.package_identification:_identify(log) by extension 'ignore'
[0.095s] Level 1:colcon.colcon_core.package_identification:_identify(log) ignored
[0.095s] Level 1:colcon.colcon_core.package_identification:_identify(src) by extensions ['ignore', 'ignore_ament_install']
[0.095s] Level 1:colcon.colcon_core.package_identification:_identify(src) by extension 'ignore'
[0.095s] Level 1:colcon.colcon_core.package_identification:_identify(src) by extension 'ignore_ament_install'
[0.095s] Level 1:colcon.colcon_core.package_identification:_identify(src) by extensions ['colcon_pkg']
[0.095s] Level 1:colcon.colcon_core.package_identification:_identify(src) by extension 'colcon_pkg'
[0.095s] Level 1:colcon.colcon_core.package_identification:_identify(src) by extensions ['colcon_meta']
[0.095s] Level 1:colcon.colcon_core.package_identification:_identify(src) by extension 'colcon_meta'
[0.095s] Level 1:colcon.colcon_core.package_identification:_identify(src) by extensions ['ros']
[0.095s] Level 1:colcon.colcon_core.package_identification:_identify(src) by extension 'ros'
[0.095s] Level 1:colcon.colcon_core.package_identification:_identify(src) by extensions ['cmake', 'python']
[0.095s] Level 1:colcon.colcon_core.package_identification:_identify(src) by extension 'cmake'
[0.095s] Level 1:colcon.colcon_core.package_identification:_identify(src) by extension 'python'
[0.095s] Level 1:colcon.colcon_core.package_identification:_identify(src) by extensions ['python_setup_py']
[0.096s] Level 1:colcon.colcon_core.package_identification:_identify(src) by extension 'python_setup_py'
[0.096s] Level 1:colcon.colcon_core.package_identification:_identify(src/arm_config) by extensions ['ignore', 'ignore_ament_install']
[0.096s] Level 1:colcon.colcon_core.package_identification:_identify(src/arm_config) by extension 'ignore'
[0.096s] Level 1:colcon.colcon_core.package_identification:_identify(src/arm_config) by extension 'ignore_ament_install'
[0.096s] Level 1:colcon.colcon_core.package_identification:_identify(src/arm_config) by extensions ['colcon_pkg']
[0.096s] Level 1:colcon.colcon_core.package_identification:_identify(src/arm_config) by extension 'colcon_pkg'
[0.096s] Level 1:colcon.colcon_core.package_identification:_identify(src/arm_config) by extensions ['colcon_meta']
[0.096s] Level 1:colcon.colcon_core.package_identification:_identify(src/arm_config) by extension 'colcon_meta'
[0.096s] Level 1:colcon.colcon_core.package_identification:_identify(src/arm_config) by extensions ['ros']
[0.096s] Level 1:colcon.colcon_core.package_identification:_identify(src/arm_config) by extension 'ros'
[0.097s] DEBUG:colcon.colcon_core.package_identification:Package 'src/arm_config' with type 'ros.ament_cmake' and name 'arm_config'
[0.097s] Level 1:colcon.colcon_core.package_identification:_identify(src/marc) by extensions ['ignore', 'ignore_ament_install']
[0.097s] Level 1:colcon.colcon_core.package_identification:_identify(src/marc) by extension 'ignore'
[0.097s] Level 1:colcon.colcon_core.package_identification:_identify(src/marc) by extension 'ignore_ament_install'
[0.097s] Level 1:colcon.colcon_core.package_identification:_identify(src/marc) by extensions ['colcon_pkg']
[0.097s] Level 1:colcon.colcon_core.package_identification:_identify(src/marc) by extension 'colcon_pkg'
[0.097s] Level 1:colcon.colcon_core.package_identification:_identify(src/marc) by extensions ['colcon_meta']
[0.097s] Level 1:colcon.colcon_core.package_identification:_identify(src/marc) by extension 'colcon_meta'
[0.097s] Level 1:colcon.colcon_core.package_identification:_identify(src/marc) by extensions ['ros']
[0.097s] Level 1:colcon.colcon_core.package_identification:_identify(src/marc) by extension 'ros'
[0.098s] DEBUG:colcon.colcon_core.package_identification:Package 'src/marc' with type 'ros.ament_cmake' and name 'marc'
[0.098s] Level 1:colcon.colcon_core.package_identification:_identify(src/pymoveit2) by extensions ['ignore', 'ignore_ament_install']
[0.098s] Level 1:colcon.colcon_core.package_identification:_identify(src/pymoveit2) by extension 'ignore'
[0.098s] Level 1:colcon.colcon_core.package_identification:_identify(src/pymoveit2) by extension 'ignore_ament_install'
[0.098s] Level 1:colcon.colcon_core.package_identification:_identify(src/pymoveit2) by extensions ['colcon_pkg']
[0.098s] Level 1:colcon.colcon_core.package_identification:_identify(src/pymoveit2) by extension 'colcon_pkg'
[0.098s] Level 1:colcon.colcon_core.package_identification:_identify(src/pymoveit2) by extensions ['colcon_meta']
[0.098s] Level 1:colcon.colcon_core.package_identification:_identify(src/pymoveit2) by extension 'colcon_meta'
[0.098s] Level 1:colcon.colcon_core.package_identification:_identify(src/pymoveit2) by extensions ['ros']
[0.098s] Level 1:colcon.colcon_core.package_identification:_identify(src/pymoveit2) by extension 'ros'
[0.098s] DEBUG:colcon.colcon_core.package_identification:Package 'src/pymoveit2' with type 'ros.ament_cmake' and name 'pymoveit2'
[0.099s] Level 1:colcon.colcon_core.package_identification:_identify(src/scripts) by extensions ['ignore', 'ignore_ament_install']
[0.099s] Level 1:colcon.colcon_core.package_identification:_identify(src/scripts) by extension 'ignore'
[0.099s] Level 1:colcon.colcon_core.package_identification:_identify(src/scripts) by extension 'ignore_ament_install'
[0.099s] Level 1:colcon.colcon_core.package_identification:_identify(src/scripts) by extensions ['colcon_pkg']
[0.099s] Level 1:colcon.colcon_core.package_identification:_identify(src/scripts) by extension 'colcon_pkg'
[0.099s] Level 1:colcon.colcon_core.package_identification:_identify(src/scripts) by extensions ['colcon_meta']
[0.099s] Level 1:colcon.colcon_core.package_identification:_identify(src/scripts) by extension 'colcon_meta'
[0.099s] Level 1:colcon.colcon_core.package_identification:_identify(src/scripts) by extensions ['ros']
[0.099s] Level 1:colcon.colcon_core.package_identification:_identify(src/scripts) by extension 'ros'
[0.099s] Level 1:colcon.colcon_core.package_identification:_identify(src/scripts) by extensions ['cmake', 'python']
[0.099s] Level 1:colcon.colcon_core.package_identification:_identify(src/scripts) by extension 'cmake'
[0.099s] Level 1:colcon.colcon_core.package_identification:_identify(src/scripts) by extension 'python'
[0.099s] Level 1:colcon.colcon_core.package_identification:_identify(src/scripts) by extensions ['python_setup_py']
[0.099s] Level 1:colcon.colcon_core.package_identification:_identify(src/scripts) by extension 'python_setup_py'
[0.099s] Level 1:colcon.colcon_core.package_identification:_identify(src/stuff) by extensions ['ignore', 'ignore_ament_install']
[0.099s] Level 1:colcon.colcon_core.package_identification:_identify(src/stuff) by extension 'ignore'
[0.099s] Level 1:colcon.colcon_core.package_identification:_identify(src/stuff) by extension 'ignore_ament_install'
[0.099s] Level 1:colcon.colcon_core.package_identification:_identify(src/stuff) by extensions ['colcon_pkg']
[0.099s] Level 1:colcon.colcon_core.package_identification:_identify(src/stuff) by extension 'colcon_pkg'
[0.099s] Level 1:colcon.colcon_core.package_identification:_identify(src/stuff) by extensions ['colcon_meta']
[0.099s] Level 1:colcon.colcon_core.package_identification:_identify(src/stuff) by extension 'colcon_meta'
[0.099s] Level 1:colcon.colcon_core.package_identification:_identify(src/stuff) by extensions ['ros']
[0.099s] Level 1:colcon.colcon_core.package_identification:_identify(src/stuff) by extension 'ros'
[0.099s] Level 1:colcon.colcon_core.package_identification:_identify(src/stuff) by extensions ['cmake', 'python']
[0.099s] Level 1:colcon.colcon_core.package_identification:_identify(src/stuff) by extension 'cmake'
[0.099s] Level 1:colcon.colcon_core.package_identification:_identify(src/stuff) by extension 'python'
[0.099s] Level 1:colcon.colcon_core.package_identification:_identify(src/stuff) by extensions ['python_setup_py']
[0.099s] Level 1:colcon.colcon_core.package_identification:_identify(src/stuff) by extension 'python_setup_py'
[0.099s] Level 1:colcon.colcon_core.package_identification:_identify(src/yconfig) by extensions ['ignore', 'ignore_ament_install']
[0.099s] Level 1:colcon.colcon_core.package_identification:_identify(src/yconfig) by extension 'ignore'
[0.099s] Level 1:colcon.colcon_core.package_identification:_identify(src/yconfig) by extension 'ignore_ament_install'
[0.099s] Level 1:colcon.colcon_core.package_identification:_identify(src/yconfig) by extensions ['colcon_pkg']
[0.099s] Level 1:colcon.colcon_core.package_identification:_identify(src/yconfig) by extension 'colcon_pkg'
[0.099s] Level 1:colcon.colcon_core.package_identification:_identify(src/yconfig) by extensions ['colcon_meta']
[0.099s] Level 1:colcon.colcon_core.package_identification:_identify(src/yconfig) by extension 'colcon_meta'
[0.099s] Level 1:colcon.colcon_core.package_identification:_identify(src/yconfig) by extensions ['ros']
[0.099s] Level 1:colcon.colcon_core.package_identification:_identify(src/yconfig) by extension 'ros'
[0.100s] DEBUG:colcon.colcon_core.package_identification:Package 'src/yconfig' with type 'ros.ament_cmake' and name 'yconfig'
[0.100s] Level 1:colcon.colcon_core.package_discovery:discover_packages(recursive) using defaults
[0.100s] Level 1:colcon.colcon_core.package_discovery:discover_packages(ignore) discover
[0.100s] Level 1:colcon.colcon_core.package_discovery:discover_packages(ignore) using defaults
[0.100s] Level 1:colcon.colcon_core.package_discovery:discover_packages(path) discover
[0.100s] Level 1:colcon.colcon_core.package_discovery:discover_packages(path) using defaults
[0.113s] Level 1:colcon.colcon_core.package_discovery:discover_packages(prefix_path) check parameters
[0.113s] Level 1:colcon.colcon_core.package_discovery:discover_packages(prefix_path) discover
[0.113s] WARNING:colcon.colcon_ros.prefix_path.ament:The path '/home/sage/marc_ws/install/arm_config' in the environment variable AMENT_PREFIX_PATH doesn't exist
[0.113s] WARNING:colcon.colcon_ros.prefix_path.ament:The path '/home/sage/marc_ws/install/your_moveit_config' in the environment variable AMENT_PREFIX_PATH doesn't exist
[0.113s] WARNING:colcon.colcon_ros.prefix_path.ament:The path '/home/sage/marc_ws/install/yconfig' in the environment variable AMENT_PREFIX_PATH doesn't exist
[0.113s] WARNING:colcon.colcon_ros.prefix_path.ament:The path '/home/sage/marc_ws/install/ur_moveit_config' in the environment variable AMENT_PREFIX_PATH doesn't exist
[0.113s] WARNING:colcon.colcon_ros.prefix_path.ament:The path '/home/sage/marc_ws/install/pymoveit2' in the environment variable AMENT_PREFIX_PATH doesn't exist
[0.113s] WARNING:colcon.colcon_ros.prefix_path.ament:The path '/home/sage/marc_ws/install/marc_config' in the environment variable AMENT_PREFIX_PATH doesn't exist
[0.113s] WARNING:colcon.colcon_ros.prefix_path.ament:The path '/home/sage/marc_ws/install/marc' in the environment variable AMENT_PREFIX_PATH doesn't exist
[0.114s] WARNING:colcon.colcon_ros.prefix_path.catkin:The path '/home/sage/marc_ws/install/arm_config' in the environment variable CMAKE_PREFIX_PATH doesn't exist
[0.114s] WARNING:colcon.colcon_ros.prefix_path.catkin:The path '/home/sage/marc_ws/install/your_moveit_config' in the environment variable CMAKE_PREFIX_PATH doesn't exist
[0.114s] WARNING:colcon.colcon_ros.prefix_path.catkin:The path '/home/sage/marc_ws/install/yconfig' in the environment variable CMAKE_PREFIX_PATH doesn't exist
[0.114s] WARNING:colcon.colcon_ros.prefix_path.catkin:The path '/home/sage/marc_ws/install/ur_moveit_config' in the environment variable CMAKE_PREFIX_PATH doesn't exist
[0.114s] WARNING:colcon.colcon_ros.prefix_path.catkin:The path '/home/sage/marc_ws/install/pymoveit2' in the environment variable CMAKE_PREFIX_PATH doesn't exist
[0.114s] WARNING:colcon.colcon_ros.prefix_path.catkin:The path '/home/sage/marc_ws/install/marc_config' in the environment variable CMAKE_PREFIX_PATH doesn't exist
[0.114s] WARNING:colcon.colcon_ros.prefix_path.catkin:The path '/home/sage/marc_ws/install/marc' in the environment variable CMAKE_PREFIX_PATH doesn't exist
[0.115s] DEBUG:colcon.colcon_installed_package_information.package_discovery:Found 0 installed packages in /home/sage/marc_ws/install
[0.115s] DEBUG:colcon.colcon_installed_package_information.package_discovery:Found 39 installed packages in /home/sage/microros_ws/install
[0.115s] DEBUG:colcon.colcon_installed_package_information.package_discovery:Found 4 installed packages in /home/sage/ros/install
[0.116s] DEBUG:colcon.colcon_installed_package_information.package_discovery:Found 485 installed packages in /opt/ros/humble
[0.118s] Level 1:colcon.colcon_core.package_discovery:discover_packages(prefix_path) using defaults
[0.155s] Level 5:colcon.colcon_core.verb:set package 'marc' build argument 'cmake_args' from command line to 'None'
[0.155s] Level 5:colcon.colcon_core.verb:set package 'marc' build argument 'cmake_target' from command line to 'None'
[0.156s] Level 5:colcon.colcon_core.verb:set package 'marc' build argument 'cmake_target_skip_unavailable' from command line to 'False'
[0.156s] Level 5:colcon.colcon_core.verb:set package 'marc' build argument 'cmake_clean_cache' from command line to 'False'
[0.156s] Level 5:colcon.colcon_core.verb:set package 'marc' build argument 'cmake_clean_first' from command line to 'False'
[0.156s] Level 5:colcon.colcon_core.verb:set package 'marc' build argument 'cmake_force_configure' from command line to 'False'
[0.156s] Level 5:colcon.colcon_core.verb:set package 'marc' build argument 'ament_cmake_args' from command line to 'None'
[0.156s] Level 5:colcon.colcon_core.verb:set package 'marc' build argument 'catkin_cmake_args' from command line to 'None'
[0.156s] Level 5:colcon.colcon_core.verb:set package 'marc' build argument 'catkin_skip_building_tests' from command line to 'False'
[0.156s] DEBUG:colcon.colcon_core.verb:Building package 'marc' with the following arguments: {'ament_cmake_args': None, 'build_base': '/home/sage/marc_ws/build/marc', 'catkin_cmake_args': None, 'catkin_skip_building_tests': False, 'cmake_args': None, 'cmake_clean_cache': False, 'cmake_clean_first': False, 'cmake_force_configure': False, 'cmake_target': None, 'cmake_target_skip_unavailable': False, 'install_base': '/home/sage/marc_ws/install/marc', 'merge_install': False, 'path': '/home/sage/marc_ws/src/marc', 'symlink_install': False, 'test_result_base': None}
[0.156s] Level 5:colcon.colcon_core.verb:set package 'pymoveit2' build argument 'cmake_args' from command line to 'None'
[0.156s] Level 5:colcon.colcon_core.verb:set package 'pymoveit2' build argument 'cmake_target' from command line to 'None'
[0.156s] Level 5:colcon.colcon_core.verb:set package 'pymoveit2' build argument 'cmake_target_skip_unavailable' from command line to 'False'
[0.156s] Level 5:colcon.colcon_core.verb:set package 'pymoveit2' build argument 'cmake_clean_cache' from command line to 'False'
[0.156s] Level 5:colcon.colcon_core.verb:set package 'pymoveit2' build argument 'cmake_clean_first' from command line to 'False'
[0.156s] Level 5:colcon.colcon_core.verb:set package 'pymoveit2' build argument 'cmake_force_configure' from command line to 'False'
[0.156s] Level 5:colcon.colcon_core.verb:set package 'pymoveit2' build argument 'ament_cmake_args' from command line to 'None'
[0.156s] Level 5:colcon.colcon_core.verb:set package 'pymoveit2' build argument 'catkin_cmake_args' from command line to 'None'
[0.156s] Level 5:colcon.colcon_core.verb:set package 'pymoveit2' build argument 'catkin_skip_building_tests' from command line to 'False'
[0.156s] DEBUG:colcon.colcon_core.verb:Building package 'pymoveit2' with the following arguments: {'ament_cmake_args': None, 'build_base': '/home/sage/marc_ws/build/pymoveit2', 'catkin_cmake_args': None, 'catkin_skip_building_tests': False, 'cmake_args': None, 'cmake_clean_cache': False, 'cmake_clean_first': False, 'cmake_force_configure': False, 'cmake_target': None, 'cmake_target_skip_unavailable': False, 'install_base': '/home/sage/marc_ws/install/pymoveit2', 'merge_install': False, 'path': '/home/sage/marc_ws/src/pymoveit2', 'symlink_install': False, 'test_result_base': None}
[0.156s] Level 5:colcon.colcon_core.verb:set package 'arm_config' build argument 'cmake_args' from command line to 'None'
[0.156s] Level 5:colcon.colcon_core.verb:set package 'arm_config' build argument 'cmake_target' from command line to 'None'
[0.156s] Level 5:colcon.colcon_core.verb:set package 'arm_config' build argument 'cmake_target_skip_unavailable' from command line to 'False'
[0.156s] Level 5:colcon.colcon_core.verb:set package 'arm_config' build argument 'cmake_clean_cache' from command line to 'False'
[0.156s] Level 5:colcon.colcon_core.verb:set package 'arm_config' build argument 'cmake_clean_first' from command line to 'False'
[0.156s] Level 5:colcon.colcon_core.verb:set package 'arm_config' build argument 'cmake_force_configure' from command line to 'False'
[0.156s] Level 5:colcon.colcon_core.verb:set package 'arm_config' build argument 'ament_cmake_args' from command line to 'None'
[0.156s] Level 5:colcon.colcon_core.verb:set package 'arm_config' build argument 'catkin_cmake_args' from command line to 'None'
[0.156s] Level 5:colcon.colcon_core.verb:set package 'arm_config' build argument 'catkin_skip_building_tests' from command line to 'False'
[0.156s] DEBUG:colcon.colcon_core.verb:Building package 'arm_config' with the following arguments: {'ament_cmake_args': None, 'build_base': '/home/sage/marc_ws/build/arm_config', 'catkin_cmake_args': None, 'catkin_skip_building_tests': False, 'cmake_args': None, 'cmake_clean_cache': False, 'cmake_clean_first': False, 'cmake_force_configure': False, 'cmake_target': None, 'cmake_target_skip_unavailable': False, 'install_base': '/home/sage/marc_ws/install/arm_config', 'merge_install': False, 'path': '/home/sage/marc_ws/src/arm_config', 'symlink_install': False, 'test_result_base': None}
[0.156s] Level 5:colcon.colcon_core.verb:set package 'yconfig' build argument 'cmake_args' from command line to 'None'
[0.156s] Level 5:colcon.colcon_core.verb:set package 'yconfig' build argument 'cmake_target' from command line to 'None'
[0.156s] Level 5:colcon.colcon_core.verb:set package 'yconfig' build argument 'cmake_target_skip_unavailable' from command line to 'False'
[0.156s] Level 5:colcon.colcon_core.verb:set package 'yconfig' build argument 'cmake_clean_cache' from command line to 'False'
[0.156s] Level 5:colcon.colcon_core.verb:set package 'yconfig' build argument 'cmake_clean_first' from command line to 'False'
[0.156s] Level 5:colcon.colcon_core.verb:set package 'yconfig' build argument 'cmake_force_configure' from command line to 'False'
[0.156s] Level 5:colcon.colcon_core.verb:set package 'yconfig' build argument 'ament_cmake_args' from command line to 'None'
[0.156s] Level 5:colcon.colcon_core.verb:set package 'yconfig' build argument 'catkin_cmake_args' from command line to 'None'
[0.156s] Level 5:colcon.colcon_core.verb:set package 'yconfig' build argument 'catkin_skip_building_tests' from command line to 'False'
[0.156s] DEBUG:colcon.colcon_core.verb:Building package 'yconfig' with the following arguments: {'ament_cmake_args': None, 'build_base': '/home/sage/marc_ws/build/yconfig', 'catkin_cmake_args': None, 'catkin_skip_building_tests': False, 'cmake_args': None, 'cmake_clean_cache': False, 'cmake_clean_first': False, 'cmake_force_configure': False, 'cmake_target': None, 'cmake_target_skip_unavailable': False, 'install_base': '/home/sage/marc_ws/install/yconfig', 'merge_install': False, 'path': '/home/sage/marc_ws/src/yconfig', 'symlink_install': False, 'test_result_base': None}
[0.157s] INFO:colcon.colcon_core.executor:Executing jobs using 'parallel' executor
[0.157s] DEBUG:colcon.colcon_parallel_executor.executor.parallel:run_until_complete
[0.157s] INFO:colcon.colcon_ros.task.ament_cmake.build:Building ROS package in '/home/sage/marc_ws/src/marc' with build type 'ament_cmake'
[0.158s] INFO:colcon.colcon_cmake.task.cmake.build:Building CMake package in '/home/sage/marc_ws/src/marc'
[0.159s] INFO:colcon.colcon_core.plugin_system:Skipping extension 'colcon_core.shell.bat': Not used on non-Windows systems
[0.159s] INFO:colcon.colcon_core.shell:Skip shell extension 'powershell' for command environment: Not usable outside of PowerShell
[0.159s] DEBUG:colcon.colcon_core.shell:Skip shell extension 'dsv' for command environment
[0.163s] INFO:colcon.colcon_ros.task.ament_cmake.build:Building ROS package in '/home/sage/marc_ws/src/pymoveit2' with build type 'ament_cmake'
[0.163s] INFO:colcon.colcon_cmake.task.cmake.build:Building CMake package in '/home/sage/marc_ws/src/pymoveit2'
[0.163s] INFO:colcon.colcon_core.shell:Skip shell extension 'powershell' for command environment: Not usable outside of PowerShell
[0.163s] DEBUG:colcon.colcon_core.shell:Skip shell extension 'dsv' for command environment
[0.169s] DEBUG:colcon.colcon_core.event_handler.log_command:Invoking command in '/home/sage/marc_ws/build/marc': CMAKE_PREFIX_PATH=${CMAKE_PREFIX_PATH}:/home/sage/microros_ws/install/sensor_msgs_py:/home/sage/ros/install/my_robo:/home/sage/ros/install/cartographer_launch:/home/sage/ros/install/assign:/opt/ros/humble /usr/bin/cmake /home/sage/marc_ws/src/marc -DCMAKE_INSTALL_PREFIX=/home/sage/marc_ws/install/marc
[0.171s] DEBUG:colcon.colcon_core.event_handler.log_command:Invoking command in '/home/sage/marc_ws/build/pymoveit2': CMAKE_PREFIX_PATH=${CMAKE_PREFIX_PATH}:/home/sage/microros_ws/install/sensor_msgs_py:/home/sage/ros/install/my_robo:/home/sage/ros/install/cartographer_launch:/home/sage/ros/install/assign:/opt/ros/humble /usr/bin/cmake /home/sage/marc_ws/src/pymoveit2 -DCMAKE_INSTALL_PREFIX=/home/sage/marc_ws/install/pymoveit2
[0.899s] DEBUG:colcon.colcon_core.event_handler.log_command:Invoked command in '/home/sage/marc_ws/build/marc' returned '0': CMAKE_PREFIX_PATH=${CMAKE_PREFIX_PATH}:/home/sage/microros_ws/install/sensor_msgs_py:/home/sage/ros/install/my_robo:/home/sage/ros/install/cartographer_launch:/home/sage/ros/install/assign:/opt/ros/humble /usr/bin/cmake /home/sage/marc_ws/src/marc -DCMAKE_INSTALL_PREFIX=/home/sage/marc_ws/install/marc
[0.899s] DEBUG:colcon.colcon_core.event_handler.log_command:Invoking command in '/home/sage/marc_ws/build/marc': CMAKE_PREFIX_PATH=${CMAKE_PREFIX_PATH}:/home/sage/microros_ws/install/sensor_msgs_py:/home/sage/ros/install/my_robo:/home/sage/ros/install/cartographer_launch:/home/sage/ros/install/assign:/opt/ros/humble /usr/bin/cmake --build /home/sage/marc_ws/build/marc -- -j16 -l16
[0.939s] DEBUG:colcon.colcon_core.event_handler.log_command:Invoked command in '/home/sage/marc_ws/build/marc' returned '0': CMAKE_PREFIX_PATH=${CMAKE_PREFIX_PATH}:/home/sage/microros_ws/install/sensor_msgs_py:/home/sage/ros/install/my_robo:/home/sage/ros/install/cartographer_launch:/home/sage/ros/install/assign:/opt/ros/humble /usr/bin/cmake --build /home/sage/marc_ws/build/marc -- -j16 -l16
[0.953s] DEBUG:colcon.colcon_core.event_handler.log_command:Invoked command in '/home/sage/marc_ws/build/pymoveit2' returned '0': CMAKE_PREFIX_PATH=${CMAKE_PREFIX_PATH}:/home/sage/microros_ws/install/sensor_msgs_py:/home/sage/ros/install/my_robo:/home/sage/ros/install/cartographer_launch:/home/sage/ros/install/assign:/opt/ros/humble /usr/bin/cmake /home/sage/marc_ws/src/pymoveit2 -DCMAKE_INSTALL_PREFIX=/home/sage/marc_ws/install/pymoveit2
[0.953s] DEBUG:colcon.colcon_core.event_handler.log_command:Invoking command in '/home/sage/marc_ws/build/pymoveit2': CMAKE_PREFIX_PATH=${CMAKE_PREFIX_PATH}:/home/sage/microros_ws/install/sensor_msgs_py:/home/sage/ros/install/my_robo:/home/sage/ros/install/cartographer_launch:/home/sage/ros/install/assign:/opt/ros/humble /usr/bin/cmake --build /home/sage/marc_ws/build/pymoveit2 -- -j16 -l16
[0.976s] DEBUG:colcon.colcon_core.event_handler.log_command:Invoking command in '/home/sage/marc_ws/build/marc': CMAKE_PREFIX_PATH=${CMAKE_PREFIX_PATH}:/home/sage/microros_ws/install/sensor_msgs_py:/home/sage/ros/install/my_robo:/home/sage/ros/install/cartographer_launch:/home/sage/ros/install/assign:/opt/ros/humble /usr/bin/cmake --install /home/sage/marc_ws/build/marc
[0.985s] Level 1:colcon.colcon_core.environment:create_environment_scripts_only(marc)
[0.986s] DEBUG:colcon.colcon_core.event_handler.log_command:Invoked command in '/home/sage/marc_ws/build/marc' returned '0': CMAKE_PREFIX_PATH=${CMAKE_PREFIX_PATH}:/home/sage/microros_ws/install/sensor_msgs_py:/home/sage/ros/install/my_robo:/home/sage/ros/install/cartographer_launch:/home/sage/ros/install/assign:/opt/ros/humble /usr/bin/cmake --install /home/sage/marc_ws/build/marc
[0.987s] Level 1:colcon.colcon_core.environment:checking '/home/sage/marc_ws/install/marc' for CMake module files
[0.988s] Level 1:colcon.colcon_core.environment:checking '/home/sage/marc_ws/install/marc' for CMake config files
[0.988s] Level 1:colcon.colcon_core.shell:create_environment_hook('marc', 'cmake_prefix_path')
[0.988s] INFO:colcon.colcon_core.shell:Creating environment hook '/home/sage/marc_ws/install/marc/share/marc/hook/cmake_prefix_path.ps1'
[0.988s] INFO:colcon.colcon_core.shell:Creating environment descriptor '/home/sage/marc_ws/install/marc/share/marc/hook/cmake_prefix_path.dsv'
[0.988s] INFO:colcon.colcon_core.shell:Creating environment hook '/home/sage/marc_ws/install/marc/share/marc/hook/cmake_prefix_path.sh'
[0.989s] Level 1:colcon.colcon_core.environment:checking '/home/sage/marc_ws/install/marc/bin'
[0.989s] Level 1:colcon.colcon_core.environment:checking '/home/sage/marc_ws/install/marc/lib/pkgconfig/marc.pc'
[0.990s] Level 1:colcon.colcon_core.environment:checking '/home/sage/marc_ws/install/marc/lib/python3.10/site-packages'
[0.990s] Level 1:colcon.colcon_core.environment:checking '/home/sage/marc_ws/install/marc/bin'
[0.990s] INFO:colcon.colcon_core.shell:Creating package script '/home/sage/marc_ws/install/marc/share/marc/package.ps1'
[0.990s] INFO:colcon.colcon_core.shell:Creating package descriptor '/home/sage/marc_ws/install/marc/share/marc/package.dsv'
[0.991s] INFO:colcon.colcon_core.shell:Creating package script '/home/sage/marc_ws/install/marc/share/marc/package.sh'
[0.991s] INFO:colcon.colcon_core.shell:Creating package script '/home/sage/marc_ws/install/marc/share/marc/package.bash'
[0.991s] INFO:colcon.colcon_core.shell:Creating package script '/home/sage/marc_ws/install/marc/share/marc/package.zsh'
[0.991s] Level 1:colcon.colcon_core.environment:create_file_with_runtime_dependencies(/home/sage/marc_ws/install/marc/share/colcon-core/packages/marc)
[1.017s] Level 1:colcon.colcon_core.environment:create_environment_scripts_only(marc)
[1.017s] Level 1:colcon.colcon_core.environment:checking '/home/sage/marc_ws/install/marc' for CMake module files
[1.017s] Level 1:colcon.colcon_core.environment:checking '/home/sage/marc_ws/install/marc' for CMake config files
[1.017s] Level 1:colcon.colcon_core.shell:create_environment_hook('marc', 'cmake_prefix_path')
[1.018s] INFO:colcon.colcon_core.shell:Creating environment hook '/home/sage/marc_ws/install/marc/share/marc/hook/cmake_prefix_path.ps1'
[1.018s] INFO:colcon.colcon_core.shell:Creating environment descriptor '/home/sage/marc_ws/install/marc/share/marc/hook/cmake_prefix_path.dsv'
[1.018s] INFO:colcon.colcon_core.shell:Creating environment hook '/home/sage/marc_ws/install/marc/share/marc/hook/cmake_prefix_path.sh'
[1.018s] Level 1:colcon.colcon_core.environment:checking '/home/sage/marc_ws/install/marc/bin'
[1.018s] Level 1:colcon.colcon_core.environment:checking '/home/sage/marc_ws/install/marc/lib/pkgconfig/marc.pc'
[1.018s] Level 1:colcon.colcon_core.environment:checking '/home/sage/marc_ws/install/marc/lib/python3.10/site-packages'
[1.019s] Level 1:colcon.colcon_core.environment:checking '/home/sage/marc_ws/install/marc/bin'
[1.019s] INFO:colcon.colcon_core.shell:Creating package script '/home/sage/marc_ws/install/marc/share/marc/package.ps1'
[1.019s] INFO:colcon.colcon_core.shell:Creating package descriptor '/home/sage/marc_ws/install/marc/share/marc/package.dsv'
[1.019s] INFO:colcon.colcon_core.shell:Creating package script '/home/sage/marc_ws/install/marc/share/marc/package.sh'
[1.019s] INFO:colcon.colcon_core.shell:Creating package script '/home/sage/marc_ws/install/marc/share/marc/package.bash'
[1.019s] INFO:colcon.colcon_core.shell:Creating package script '/home/sage/marc_ws/install/marc/share/marc/package.zsh'
[1.020s] Level 1:colcon.colcon_core.environment:create_file_with_runtime_dependencies(/home/sage/marc_ws/install/marc/share/colcon-core/packages/marc)
[1.020s] INFO:colcon.colcon_ros.task.ament_cmake.build:Building ROS package in '/home/sage/marc_ws/src/arm_config' with build type 'ament_cmake'
[1.020s] INFO:colcon.colcon_cmake.task.cmake.build:Building CMake package in '/home/sage/marc_ws/src/arm_config'
[1.020s] INFO:colcon.colcon_core.shell:Skip shell extension 'powershell' for command environment: Not usable outside of PowerShell
[1.020s] DEBUG:colcon.colcon_core.shell:Skip shell extension 'dsv' for command environment
[1.024s] INFO:colcon.colcon_ros.task.ament_cmake.build:Building ROS package in '/home/sage/marc_ws/src/yconfig' with build type 'ament_cmake'
[1.024s] INFO:colcon.colcon_cmake.task.cmake.build:Building CMake package in '/home/sage/marc_ws/src/yconfig'
[1.024s] INFO:colcon.colcon_core.shell:Skip shell extension 'powershell' for command environment: Not usable outside of PowerShell
[1.024s] DEBUG:colcon.colcon_core.shell:Skip shell extension 'dsv' for command environment
[1.029s] DEBUG:colcon.colcon_core.event_handler.log_command:Invoking command in '/home/sage/marc_ws/build/arm_config': CMAKE_PREFIX_PATH=/home/sage/marc_ws/install/marc:/home/sage/marc_ws/install/arm_config:/home/sage/marc_ws/install/your_moveit_config:/home/sage/marc_ws/install/yconfig:/home/sage/marc_ws/install/ur_moveit_config:/home/sage/marc_ws/install/pymoveit2:/home/sage/marc_ws/install/marc_config:/home/sage/microros_ws/install/micro_ros_demos_rclc:/home/sage/microros_ws/install/common_interfaces:/home/sage/microros_ws/install/visualization_msgs:/home/sage/microros_ws/install/test_msgs:/home/sage/microros_ws/install/example_interfaces:/home/sage/microros_ws/install/action_msgs:/home/sage/microros_ws/install/unique_identifier_msgs:/home/sage/microros_ws/install/trajectory_msgs:/home/sage/microros_ws/install/stereo_msgs:/home/sage/microros_ws/install/std_srvs:/home/sage/microros_ws/install/shape_msgs:/home/sage/microros_ws/install/sensor_msgs:/home/sage/microros_ws/install/nav_msgs:/home/sage/microros_ws/install/diagnostic_msgs:/home/sage/microros_ws/install/geometry_msgs:/home/sage/microros_ws/install/actionlib_msgs:/home/sage/microros_ws/install/std_msgs:/home/sage/microros_ws/install/statistics_msgs:/home/sage/microros_ws/install/rosidl_typesupport_microxrcedds_test_msg:/home/sage/microros_ws/install/rosidl_typesupport_microxrcedds_cpp_tests:/home/sage/microros_ws/install/rmw_microxrcedds:/home/sage/microros_ws/install/rosidl_typesupport_microxrcedds_cpp:/home/sage/microros_ws/install/rosidl_typesupport_microxrcedds_c_tests:/home/sage/microros_ws/install/rosidl_typesupport_microxrcedds_c:/home/sage/microros_ws/install/rosgraph_msgs:/home/sage/microros_ws/install/rclc_parameter:/home/sage/microros_ws/install/rclc:/home/sage/microros_ws/install/composition_interfaces:/home/sage/microros_ws/install/rcl_interfaces:/home/sage/microros_ws/install/microxrcedds_client:/home/sage/microros_ws/install/microcdr:/home/sage/microros_ws/install/micro_ros_utilities:/home/sage/microros_ws/install/micro_ros_setup:/home/sage/microros_ws/install/micro_ros_agent:/home/sage/microros_ws/install/micro_ros_msgs:/home/sage/microros_ws/install/lifecycle_msgs:/home/sage/microros_ws/install/complex_msgs:/home/sage/microros_ws/install/builtin_interfaces:/home/sage/ros/install/launcher_bringup:/home/sage/microros_ws/install/sensor_msgs_py:/home/sage/ros/install/my_robo:/home/sage/ros/install/cartographer_launch:/home/sage/ros/install/assign:/opt/ros/humble /usr/bin/cmake /home/sage/marc_ws/src/arm_config -DCMAKE_INSTALL_PREFIX=/home/sage/marc_ws/install/arm_config
[1.031s] DEBUG:colcon.colcon_core.event_handler.log_command:Invoking command in '/home/sage/marc_ws/build/yconfig': CMAKE_PREFIX_PATH=/home/sage/marc_ws/install/marc:/home/sage/marc_ws/install/arm_config:/home/sage/marc_ws/install/your_moveit_config:/home/sage/marc_ws/install/yconfig:/home/sage/marc_ws/install/ur_moveit_config:/home/sage/marc_ws/install/pymoveit2:/home/sage/marc_ws/install/marc_config:/home/sage/microros_ws/install/micro_ros_demos_rclc:/home/sage/microros_ws/install/common_interfaces:/home/sage/microros_ws/install/visualization_msgs:/home/sage/microros_ws/install/test_msgs:/home/sage/microros_ws/install/example_interfaces:/home/sage/microros_ws/install/action_msgs:/home/sage/microros_ws/install/unique_identifier_msgs:/home/sage/microros_ws/install/trajectory_msgs:/home/sage/microros_ws/install/stereo_msgs:/home/sage/microros_ws/install/std_srvs:/home/sage/microros_ws/install/shape_msgs:/home/sage/microros_ws/install/sensor_msgs:/home/sage/microros_ws/install/nav_msgs:/home/sage/microros_ws/install/diagnostic_msgs:/home/sage/microros_ws/install/geometry_msgs:/home/sage/microros_ws/install/actionlib_msgs:/home/sage/microros_ws/install/std_msgs:/home/sage/microros_ws/install/statistics_msgs:/home/sage/microros_ws/install/rosidl_typesupport_microxrcedds_test_msg:/home/sage/microros_ws/install/rosidl_typesupport_microxrcedds_cpp_tests:/home/sage/microros_ws/install/rmw_microxrcedds:/home/sage/microros_ws/install/rosidl_typesupport_microxrcedds_cpp:/home/sage/microros_ws/install/rosidl_typesupport_microxrcedds_c_tests:/home/sage/microros_ws/install/rosidl_typesupport_microxrcedds_c:/home/sage/microros_ws/install/rosgraph_msgs:/home/sage/microros_ws/install/rclc_parameter:/home/sage/microros_ws/install/rclc:/home/sage/microros_ws/install/composition_interfaces:/home/sage/microros_ws/install/rcl_interfaces:/home/sage/microros_ws/install/microxrcedds_client:/home/sage/microros_ws/install/microcdr:/home/sage/microros_ws/install/micro_ros_utilities:/home/sage/microros_ws/install/micro_ros_setup:/home/sage/microros_ws/install/micro_ros_agent:/home/sage/microros_ws/install/micro_ros_msgs:/home/sage/microros_ws/install/lifecycle_msgs:/home/sage/microros_ws/install/complex_msgs:/home/sage/microros_ws/install/builtin_interfaces:/home/sage/ros/install/launcher_bringup:/home/sage/microros_ws/install/sensor_msgs_py:/home/sage/ros/install/my_robo:/home/sage/ros/install/cartographer_launch:/home/sage/ros/install/assign:/opt/ros/humble /usr/bin/cmake /home/sage/marc_ws/src/yconfig -DCMAKE_INSTALL_PREFIX=/home/sage/marc_ws/install/yconfig
[1.217s] DEBUG:colcon.colcon_core.event_handler.log_command:Invoked command in '/home/sage/marc_ws/build/pymoveit2' returned '0': CMAKE_PREFIX_PATH=${CMAKE_PREFIX_PATH}:/home/sage/microros_ws/install/sensor_msgs_py:/home/sage/ros/install/my_robo:/home/sage/ros/install/cartographer_launch:/home/sage/ros/install/assign:/opt/ros/humble /usr/bin/cmake --build /home/sage/marc_ws/build/pymoveit2 -- -j16 -l16
[1.247s] DEBUG:colcon.colcon_core.event_handler.log_command:Invoking command in '/home/sage/marc_ws/build/pymoveit2': CMAKE_PREFIX_PATH=${CMAKE_PREFIX_PATH}:/home/sage/microros_ws/install/sensor_msgs_py:/home/sage/ros/install/my_robo:/home/sage/ros/install/cartographer_launch:/home/sage/ros/install/assign:/opt/ros/humble /usr/bin/cmake --install /home/sage/marc_ws/build/pymoveit2
[1.301s] Level 1:colcon.colcon_core.environment:create_environment_scripts_only(pymoveit2)
[1.301s] DEBUG:colcon.colcon_core.event_handler.log_command:Invoked command in '/home/sage/marc_ws/build/pymoveit2' returned '0': CMAKE_PREFIX_PATH=${CMAKE_PREFIX_PATH}:/home/sage/microros_ws/install/sensor_msgs_py:/home/sage/ros/install/my_robo:/home/sage/ros/install/cartographer_launch:/home/sage/ros/install/assign:/opt/ros/humble /usr/bin/cmake --install /home/sage/marc_ws/build/pymoveit2
[1.301s] Level 1:colcon.colcon_core.environment:checking '/home/sage/marc_ws/install/pymoveit2' for CMake module files
[1.301s] Level 1:colcon.colcon_core.environment:checking '/home/sage/marc_ws/install/pymoveit2' for CMake config files
[1.302s] Level 1:colcon.colcon_core.shell:create_environment_hook('pymoveit2', 'cmake_prefix_path')
[1.302s] INFO:colcon.colcon_core.shell:Creating environment hook '/home/sage/marc_ws/install/pymoveit2/share/pymoveit2/hook/cmake_prefix_path.ps1'
[1.302s] INFO:colcon.colcon_core.shell:Creating environment descriptor '/home/sage/marc_ws/install/pymoveit2/share/pymoveit2/hook/cmake_prefix_path.dsv'
[1.302s] INFO:colcon.colcon_core.shell:Creating environment hook '/home/sage/marc_ws/install/pymoveit2/share/pymoveit2/hook/cmake_prefix_path.sh'
[1.302s] Level 1:colcon.colcon_core.environment:checking '/home/sage/marc_ws/install/pymoveit2/lib'
[1.303s] Level 1:colcon.colcon_core.environment:checking '/home/sage/marc_ws/install/pymoveit2/bin'
[1.303s] Level 1:colcon.colcon_core.environment:checking '/home/sage/marc_ws/install/pymoveit2/lib/pkgconfig/pymoveit2.pc'
[1.303s] Level 1:colcon.colcon_core.environment:checking '/home/sage/marc_ws/install/pymoveit2/lib/python3.10/site-packages'
[1.303s] Level 1:colcon.colcon_core.environment:checking '/home/sage/marc_ws/install/pymoveit2/bin'
[1.303s] INFO:colcon.colcon_core.shell:Creating package script '/home/sage/marc_ws/install/pymoveit2/share/pymoveit2/package.ps1'
[1.303s] INFO:colcon.colcon_core.shell:Creating package descriptor '/home/sage/marc_ws/install/pymoveit2/share/pymoveit2/package.dsv'
[1.304s] INFO:colcon.colcon_core.shell:Creating package script '/home/sage/marc_ws/install/pymoveit2/share/pymoveit2/package.sh'
[1.304s] INFO:colcon.colcon_core.shell:Creating package script '/home/sage/marc_ws/install/pymoveit2/share/pymoveit2/package.bash'
[1.304s] INFO:colcon.colcon_core.shell:Creating package script '/home/sage/marc_ws/install/pymoveit2/share/pymoveit2/package.zsh'
[1.304s] Level 1:colcon.colcon_core.environment:create_file_with_runtime_dependencies(/home/sage/marc_ws/install/pymoveit2/share/colcon-core/packages/pymoveit2)
[1.330s] Level 1:colcon.colcon_core.environment:create_environment_scripts_only(pymoveit2)
[1.330s] Level 1:colcon.colcon_core.environment:checking '/home/sage/marc_ws/install/pymoveit2' for CMake module files
[1.331s] Level 1:colcon.colcon_core.environment:checking '/home/sage/marc_ws/install/pymoveit2' for CMake config files
[1.331s] Level 1:colcon.colcon_core.shell:create_environment_hook('pymoveit2', 'cmake_prefix_path')
[1.331s] INFO:colcon.colcon_core.shell:Creating environment hook '/home/sage/marc_ws/install/pymoveit2/share/pymoveit2/hook/cmake_prefix_path.ps1'
[1.331s] INFO:colcon.colcon_core.shell:Creating environment descriptor '/home/sage/marc_ws/install/pymoveit2/share/pymoveit2/hook/cmake_prefix_path.dsv'
[1.331s] INFO:colcon.colcon_core.shell:Creating environment hook '/home/sage/marc_ws/install/pymoveit2/share/pymoveit2/hook/cmake_prefix_path.sh'
[1.332s] Level 1:colcon.colcon_core.environment:checking '/home/sage/marc_ws/install/pymoveit2/lib'
[1.332s] Level 1:colcon.colcon_core.environment:checking '/home/sage/marc_ws/install/pymoveit2/bin'
[1.332s] Level 1:colcon.colcon_core.environment:checking '/home/sage/marc_ws/install/pymoveit2/lib/pkgconfig/pymoveit2.pc'
[1.332s] Level 1:colcon.colcon_core.environment:checking '/home/sage/marc_ws/install/pymoveit2/lib/python3.10/site-packages'
[1.332s] Level 1:colcon.colcon_core.environment:checking '/home/sage/marc_ws/install/pymoveit2/bin'
[1.332s] INFO:colcon.colcon_core.shell:Creating package script '/home/sage/marc_ws/install/pymoveit2/share/pymoveit2/package.ps1'
[1.332s] INFO:colcon.colcon_core.shell:Creating package descriptor '/home/sage/marc_ws/install/pymoveit2/share/pymoveit2/package.dsv'
[1.333s] INFO:colcon.colcon_core.shell:Creating package script '/home/sage/marc_ws/install/pymoveit2/share/pymoveit2/package.sh'
[1.333s] INFO:colcon.colcon_core.shell:Creating package script '/home/sage/marc_ws/install/pymoveit2/share/pymoveit2/package.bash'
[1.333s] INFO:colcon.colcon_core.shell:Creating package script '/home/sage/marc_ws/install/pymoveit2/share/pymoveit2/package.zsh'
[1.333s] Level 1:colcon.colcon_core.environment:create_file_with_runtime_dependencies(/home/sage/marc_ws/install/pymoveit2/share/colcon-core/packages/pymoveit2)
[1.707s] DEBUG:colcon.colcon_core.event_handler.log_command:Invoked command in '/home/sage/marc_ws/build/arm_config' returned '0': CMAKE_PREFIX_PATH=/home/sage/marc_ws/install/marc:/home/sage/marc_ws/install/arm_config:/home/sage/marc_ws/install/your_moveit_config:/home/sage/marc_ws/install/yconfig:/home/sage/marc_ws/install/ur_moveit_config:/home/sage/marc_ws/install/pymoveit2:/home/sage/marc_ws/install/marc_config:/home/sage/microros_ws/install/micro_ros_demos_rclc:/home/sage/microros_ws/install/common_interfaces:/home/sage/microros_ws/install/visualization_msgs:/home/sage/microros_ws/install/test_msgs:/home/sage/microros_ws/install/example_interfaces:/home/sage/microros_ws/install/action_msgs:/home/sage/microros_ws/install/unique_identifier_msgs:/home/sage/microros_ws/install/trajectory_msgs:/home/sage/microros_ws/install/stereo_msgs:/home/sage/microros_ws/install/std_srvs:/home/sage/microros_ws/install/shape_msgs:/home/sage/microros_ws/install/sensor_msgs:/home/sage/microros_ws/install/nav_msgs:/home/sage/microros_ws/install/diagnostic_msgs:/home/sage/microros_ws/install/geometry_msgs:/home/sage/microros_ws/install/actionlib_msgs:/home/sage/microros_ws/install/std_msgs:/home/sage/microros_ws/install/statistics_msgs:/home/sage/microros_ws/install/rosidl_typesupport_microxrcedds_test_msg:/home/sage/microros_ws/install/rosidl_typesupport_microxrcedds_cpp_tests:/home/sage/microros_ws/install/rmw_microxrcedds:/home/sage/microros_ws/install/rosidl_typesupport_microxrcedds_cpp:/home/sage/microros_ws/install/rosidl_typesupport_microxrcedds_c_tests:/home/sage/microros_ws/install/rosidl_typesupport_microxrcedds_c:/home/sage/microros_ws/install/rosgraph_msgs:/home/sage/microros_ws/install/rclc_parameter:/home/sage/microros_ws/install/rclc:/home/sage/microros_ws/install/composition_interfaces:/home/sage/microros_ws/install/rcl_interfaces:/home/sage/microros_ws/install/microxrcedds_client:/home/sage/microros_ws/install/microcdr:/home/sage/microros_ws/install/micro_ros_utilities:/home/sage/microros_ws/install/micro_ros_setup:/home/sage/microros_ws/install/micro_ros_agent:/home/sage/microros_ws/install/micro_ros_msgs:/home/sage/microros_ws/install/lifecycle_msgs:/home/sage/microros_ws/install/complex_msgs:/home/sage/microros_ws/install/builtin_interfaces:/home/sage/ros/install/launcher_bringup:/home/sage/microros_ws/install/sensor_msgs_py:/home/sage/ros/install/my_robo:/home/sage/ros/install/cartographer_launch:/home/sage/ros/install/assign:/opt/ros/humble /usr/bin/cmake /home/sage/marc_ws/src/arm_config -DCMAKE_INSTALL_PREFIX=/home/sage/marc_ws/install/arm_config
[1.707s] DEBUG:colcon.colcon_core.event_handler.log_command:Invoking command in '/home/sage/marc_ws/build/arm_config': CMAKE_PREFIX_PATH=/home/sage/marc_ws/install/marc:/home/sage/marc_ws/install/arm_config:/home/sage/marc_ws/install/your_moveit_config:/home/sage/marc_ws/install/yconfig:/home/sage/marc_ws/install/ur_moveit_config:/home/sage/marc_ws/install/pymoveit2:/home/sage/marc_ws/install/marc_config:/home/sage/microros_ws/install/micro_ros_demos_rclc:/home/sage/microros_ws/install/common_interfaces:/home/sage/microros_ws/install/visualization_msgs:/home/sage/microros_ws/install/test_msgs:/home/sage/microros_ws/install/example_interfaces:/home/sage/microros_ws/install/action_msgs:/home/sage/microros_ws/install/unique_identifier_msgs:/home/sage/microros_ws/install/trajectory_msgs:/home/sage/microros_ws/install/stereo_msgs:/home/sage/microros_ws/install/std_srvs:/home/sage/microros_ws/install/shape_msgs:/home/sage/microros_ws/install/sensor_msgs:/home/sage/microros_ws/install/nav_msgs:/home/sage/microros_ws/install/diagnostic_msgs:/home/sage/microros_ws/install/geometry_msgs:/home/sage/microros_ws/install/actionlib_msgs:/home/sage/microros_ws/install/std_msgs:/home/sage/microros_ws/install/statistics_msgs:/home/sage/microros_ws/install/rosidl_typesupport_microxrcedds_test_msg:/home/sage/microros_ws/install/rosidl_typesupport_microxrcedds_cpp_tests:/home/sage/microros_ws/install/rmw_microxrcedds:/home/sage/microros_ws/install/rosidl_typesupport_microxrcedds_cpp:/home/sage/microros_ws/install/rosidl_typesupport_microxrcedds_c_tests:/home/sage/microros_ws/install/rosidl_typesupport_microxrcedds_c:/home/sage/microros_ws/install/rosgraph_msgs:/home/sage/microros_ws/install/rclc_parameter:/home/sage/microros_ws/install/rclc:/home/sage/microros_ws/install/composition_interfaces:/home/sage/microros_ws/install/rcl_interfaces:/home/sage/microros_ws/install/microxrcedds_client:/home/sage/microros_ws/install/microcdr:/home/sage/microros_ws/install/micro_ros_utilities:/home/sage/microros_ws/install/micro_ros_setup:/home/sage/microros_ws/install/micro_ros_agent:/home/sage/microros_ws/install/micro_ros_msgs:/home/sage/microros_ws/install/lifecycle_msgs:/home/sage/microros_ws/install/complex_msgs:/home/sage/microros_ws/install/builtin_interfaces:/home/sage/ros/install/launcher_bringup:/home/sage/microros_ws/install/sensor_msgs_py:/home/sage/ros/install/my_robo:/home/sage/ros/install/cartographer_launch:/home/sage/ros/install/assign:/opt/ros/humble /usr/bin/cmake --build /home/sage/marc_ws/build/arm_config -- -j16 -l16
[1.716s] DEBUG:colcon.colcon_core.event_handler.log_command:Invoked command in '/home/sage/marc_ws/build/yconfig' returned '0': CMAKE_PREFIX_PATH=/home/sage/marc_ws/install/marc:/home/sage/marc_ws/install/arm_config:/home/sage/marc_ws/install/your_moveit_config:/home/sage/marc_ws/install/yconfig:/home/sage/marc_ws/install/ur_moveit_config:/home/sage/marc_ws/install/pymoveit2:/home/sage/marc_ws/install/marc_config:/home/sage/microros_ws/install/micro_ros_demos_rclc:/home/sage/microros_ws/install/common_interfaces:/home/sage/microros_ws/install/visualization_msgs:/home/sage/microros_ws/install/test_msgs:/home/sage/microros_ws/install/example_interfaces:/home/sage/microros_ws/install/action_msgs:/home/sage/microros_ws/install/unique_identifier_msgs:/home/sage/microros_ws/install/trajectory_msgs:/home/sage/microros_ws/install/stereo_msgs:/home/sage/microros_ws/install/std_srvs:/home/sage/microros_ws/install/shape_msgs:/home/sage/microros_ws/install/sensor_msgs:/home/sage/microros_ws/install/nav_msgs:/home/sage/microros_ws/install/diagnostic_msgs:/home/sage/microros_ws/install/geometry_msgs:/home/sage/microros_ws/install/actionlib_msgs:/home/sage/microros_ws/install/std_msgs:/home/sage/microros_ws/install/statistics_msgs:/home/sage/microros_ws/install/rosidl_typesupport_microxrcedds_test_msg:/home/sage/microros_ws/install/rosidl_typesupport_microxrcedds_cpp_tests:/home/sage/microros_ws/install/rmw_microxrcedds:/home/sage/microros_ws/install/rosidl_typesupport_microxrcedds_cpp:/home/sage/microros_ws/install/rosidl_typesupport_microxrcedds_c_tests:/home/sage/microros_ws/install/rosidl_typesupport_microxrcedds_c:/home/sage/microros_ws/install/rosgraph_msgs:/home/sage/microros_ws/install/rclc_parameter:/home/sage/microros_ws/install/rclc:/home/sage/microros_ws/install/composition_interfaces:/home/sage/microros_ws/install/rcl_interfaces:/home/sage/microros_ws/install/microxrcedds_client:/home/sage/microros_ws/install/microcdr:/home/sage/microros_ws/install/micro_ros_utilities:/home/sage/microros_ws/install/micro_ros_setup:/home/sage/microros_ws/install/micro_ros_agent:/home/sage/microros_ws/install/micro_ros_msgs:/home/sage/microros_ws/install/lifecycle_msgs:/home/sage/microros_ws/install/complex_msgs:/home/sage/microros_ws/install/builtin_interfaces:/home/sage/ros/install/launcher_bringup:/home/sage/microros_ws/install/sensor_msgs_py:/home/sage/ros/install/my_robo:/home/sage/ros/install/cartographer_launch:/home/sage/ros/install/assign:/opt/ros/humble /usr/bin/cmake /home/sage/marc_ws/src/yconfig -DCMAKE_INSTALL_PREFIX=/home/sage/marc_ws/install/yconfig
[1.717s] DEBUG:colcon.colcon_core.event_handler.log_command:Invoking command in '/home/sage/marc_ws/build/yconfig': CMAKE_PREFIX_PATH=/home/sage/marc_ws/install/marc:/home/sage/marc_ws/install/arm_config:/home/sage/marc_ws/install/your_moveit_config:/home/sage/marc_ws/install/yconfig:/home/sage/marc_ws/install/ur_moveit_config:/home/sage/marc_ws/install/pymoveit2:/home/sage/marc_ws/install/marc_config:/home/sage/microros_ws/install/micro_ros_demos_rclc:/home/sage/microros_ws/install/common_interfaces:/home/sage/microros_ws/install/visualization_msgs:/home/sage/microros_ws/install/test_msgs:/home/sage/microros_ws/install/example_interfaces:/home/sage/microros_ws/install/action_msgs:/home/sage/microros_ws/install/unique_identifier_msgs:/home/sage/microros_ws/install/trajectory_msgs:/home/sage/microros_ws/install/stereo_msgs:/home/sage/microros_ws/install/std_srvs:/home/sage/microros_ws/install/shape_msgs:/home/sage/microros_ws/install/sensor_msgs:/home/sage/microros_ws/install/nav_msgs:/home/sage/microros_ws/install/diagnostic_msgs:/home/sage/microros_ws/install/geometry_msgs:/home/sage/microros_ws/install/actionlib_msgs:/home/sage/microros_ws/install/std_msgs:/home/sage/microros_ws/install/statistics_msgs:/home/sage/microros_ws/install/rosidl_typesupport_microxrcedds_test_msg:/home/sage/microros_ws/install/rosidl_typesupport_microxrcedds_cpp_tests:/home/sage/microros_ws/install/rmw_microxrcedds:/home/sage/microros_ws/install/rosidl_typesupport_microxrcedds_cpp:/home/sage/microros_ws/install/rosidl_typesupport_microxrcedds_c_tests:/home/sage/microros_ws/install/rosidl_typesupport_microxrcedds_c:/home/sage/microros_ws/install/rosgraph_msgs:/home/sage/microros_ws/install/rclc_parameter:/home/sage/microros_ws/install/rclc:/home/sage/microros_ws/install/composition_interfaces:/home/sage/microros_ws/install/rcl_interfaces:/home/sage/microros_ws/install/microxrcedds_client:/home/sage/microros_ws/install/microcdr:/home/sage/microros_ws/install/micro_ros_utilities:/home/sage/microros_ws/install/micro_ros_setup:/home/sage/microros_ws/install/micro_ros_agent:/home/sage/microros_ws/install/micro_ros_msgs:/home/sage/microros_ws/install/lifecycle_msgs:/home/sage/microros_ws/install/complex_msgs:/home/sage/microros_ws/install/builtin_interfaces:/home/sage/ros/install/launcher_bringup:/home/sage/microros_ws/install/sensor_msgs_py:/home/sage/ros/install/my_robo:/home/sage/ros/install/cartographer_launch:/home/sage/ros/install/assign:/opt/ros/humble /usr/bin/cmake --build /home/sage/marc_ws/build/yconfig -- -j16 -l16
[1.750s] DEBUG:colcon.colcon_core.event_handler.log_command:Invoked command in '/home/sage/marc_ws/build/yconfig' returned '0': CMAKE_PREFIX_PATH=/home/sage/marc_ws/install/marc:/home/sage/marc_ws/install/arm_config:/home/sage/marc_ws/install/your_moveit_config:/home/sage/marc_ws/install/yconfig:/home/sage/marc_ws/install/ur_moveit_config:/home/sage/marc_ws/install/pymoveit2:/home/sage/marc_ws/install/marc_config:/home/sage/microros_ws/install/micro_ros_demos_rclc:/home/sage/microros_ws/install/common_interfaces:/home/sage/microros_ws/install/visualization_msgs:/home/sage/microros_ws/install/test_msgs:/home/sage/microros_ws/install/example_interfaces:/home/sage/microros_ws/install/action_msgs:/home/sage/microros_ws/install/unique_identifier_msgs:/home/sage/microros_ws/install/trajectory_msgs:/home/sage/microros_ws/install/stereo_msgs:/home/sage/microros_ws/install/std_srvs:/home/sage/microros_ws/install/shape_msgs:/home/sage/microros_ws/install/sensor_msgs:/home/sage/microros_ws/install/nav_msgs:/home/sage/microros_ws/install/diagnostic_msgs:/home/sage/microros_ws/install/geometry_msgs:/home/sage/microros_ws/install/actionlib_msgs:/home/sage/microros_ws/install/std_msgs:/home/sage/microros_ws/install/statistics_msgs:/home/sage/microros_ws/install/rosidl_typesupport_microxrcedds_test_msg:/home/sage/microros_ws/install/rosidl_typesupport_microxrcedds_cpp_tests:/home/sage/microros_ws/install/rmw_microxrcedds:/home/sage/microros_ws/install/rosidl_typesupport_microxrcedds_cpp:/home/sage/microros_ws/install/rosidl_typesupport_microxrcedds_c_tests:/home/sage/microros_ws/install/rosidl_typesupport_microxrcedds_c:/home/sage/microros_ws/install/rosgraph_msgs:/home/sage/microros_ws/install/rclc_parameter:/home/sage/microros_ws/install/rclc:/home/sage/microros_ws/install/composition_interfaces:/home/sage/microros_ws/install/rcl_interfaces:/home/sage/microros_ws/install/microxrcedds_client:/home/sage/microros_ws/install/microcdr:/home/sage/microros_ws/install/micro_ros_utilities:/home/sage/microros_ws/install/micro_ros_setup:/home/sage/microros_ws/install/micro_ros_agent:/home/sage/microros_ws/install/micro_ros_msgs:/home/sage/microros_ws/install/lifecycle_msgs:/home/sage/microros_ws/install/complex_msgs:/home/sage/microros_ws/install/builtin_interfaces:/home/sage/ros/install/launcher_bringup:/home/sage/microros_ws/install/sensor_msgs_py:/home/sage/ros/install/my_robo:/home/sage/ros/install/cartographer_launch:/home/sage/ros/install/assign:/opt/ros/humble /usr/bin/cmake --build /home/sage/marc_ws/build/yconfig -- -j16 -l16
[1.778s] DEBUG:colcon.colcon_core.event_handler.log_command:Invoking command in '/home/sage/marc_ws/build/yconfig': CMAKE_PREFIX_PATH=/home/sage/marc_ws/install/marc:/home/sage/marc_ws/install/arm_config:/home/sage/marc_ws/install/your_moveit_config:/home/sage/marc_ws/install/yconfig:/home/sage/marc_ws/install/ur_moveit_config:/home/sage/marc_ws/install/pymoveit2:/home/sage/marc_ws/install/marc_config:/home/sage/microros_ws/install/micro_ros_demos_rclc:/home/sage/microros_ws/install/common_interfaces:/home/sage/microros_ws/install/visualization_msgs:/home/sage/microros_ws/install/test_msgs:/home/sage/microros_ws/install/example_interfaces:/home/sage/microros_ws/install/action_msgs:/home/sage/microros_ws/install/unique_identifier_msgs:/home/sage/microros_ws/install/trajectory_msgs:/home/sage/microros_ws/install/stereo_msgs:/home/sage/microros_ws/install/std_srvs:/home/sage/microros_ws/install/shape_msgs:/home/sage/microros_ws/install/sensor_msgs:/home/sage/microros_ws/install/nav_msgs:/home/sage/microros_ws/install/diagnostic_msgs:/home/sage/microros_ws/install/geometry_msgs:/home/sage/microros_ws/install/actionlib_msgs:/home/sage/microros_ws/install/std_msgs:/home/sage/microros_ws/install/statistics_msgs:/home/sage/microros_ws/install/rosidl_typesupport_microxrcedds_test_msg:/home/sage/microros_ws/install/rosidl_typesupport_microxrcedds_cpp_tests:/home/sage/microros_ws/install/rmw_microxrcedds:/home/sage/microros_ws/install/rosidl_typesupport_microxrcedds_cpp:/home/sage/microros_ws/install/rosidl_typesupport_microxrcedds_c_tests:/home/sage/microros_ws/install/rosidl_typesupport_microxrcedds_c:/home/sage/microros_ws/install/rosgraph_msgs:/home/sage/microros_ws/install/rclc_parameter:/home/sage/microros_ws/install/rclc:/home/sage/microros_ws/install/composition_interfaces:/home/sage/microros_ws/install/rcl_interfaces:/home/sage/microros_ws/install/microxrcedds_client:/home/sage/microros_ws/install/microcdr:/home/sage/microros_ws/install/micro_ros_utilities:/home/sage/microros_ws/install/micro_ros_setup:/home/sage/microros_ws/install/micro_ros_agent:/home/sage/microros_ws/install/micro_ros_msgs:/home/sage/microros_ws/install/lifecycle_msgs:/home/sage/microros_ws/install/complex_msgs:/home/sage/microros_ws/install/builtin_interfaces:/home/sage/ros/install/launcher_bringup:/home/sage/microros_ws/install/sensor_msgs_py:/home/sage/ros/install/my_robo:/home/sage/ros/install/cartographer_launch:/home/sage/ros/install/assign:/opt/ros/humble /usr/bin/cmake --install /home/sage/marc_ws/build/yconfig
[1.787s] Level 1:colcon.colcon_core.environment:create_environment_scripts_only(yconfig)
[1.787s] Level 1:colcon.colcon_core.environment:checking '/home/sage/marc_ws/install/yconfig' for CMake module files
[1.788s] DEBUG:colcon.colcon_core.event_handler.log_command:Invoked command in '/home/sage/marc_ws/build/yconfig' returned '0': CMAKE_PREFIX_PATH=/home/sage/marc_ws/install/marc:/home/sage/marc_ws/install/arm_config:/home/sage/marc_ws/install/your_moveit_config:/home/sage/marc_ws/install/yconfig:/home/sage/marc_ws/install/ur_moveit_config:/home/sage/marc_ws/install/pymoveit2:/home/sage/marc_ws/install/marc_config:/home/sage/microros_ws/install/micro_ros_demos_rclc:/home/sage/microros_ws/install/common_interfaces:/home/sage/microros_ws/install/visualization_msgs:/home/sage/microros_ws/install/test_msgs:/home/sage/microros_ws/install/example_interfaces:/home/sage/microros_ws/install/action_msgs:/home/sage/microros_ws/install/unique_identifier_msgs:/home/sage/microros_ws/install/trajectory_msgs:/home/sage/microros_ws/install/stereo_msgs:/home/sage/microros_ws/install/std_srvs:/home/sage/microros_ws/install/shape_msgs:/home/sage/microros_ws/install/sensor_msgs:/home/sage/microros_ws/install/nav_msgs:/home/sage/microros_ws/install/diagnostic_msgs:/home/sage/microros_ws/install/geometry_msgs:/home/sage/microros_ws/install/actionlib_msgs:/home/sage/microros_ws/install/std_msgs:/home/sage/microros_ws/install/statistics_msgs:/home/sage/microros_ws/install/rosidl_typesupport_microxrcedds_test_msg:/home/sage/microros_ws/install/rosidl_typesupport_microxrcedds_cpp_tests:/home/sage/microros_ws/install/rmw_microxrcedds:/home/sage/microros_ws/install/rosidl_typesupport_microxrcedds_cpp:/home/sage/microros_ws/install/rosidl_typesupport_microxrcedds_c_tests:/home/sage/microros_ws/install/rosidl_typesupport_microxrcedds_c:/home/sage/microros_ws/install/rosgraph_msgs:/home/sage/microros_ws/install/rclc_parameter:/home/sage/microros_ws/install/rclc:/home/sage/microros_ws/install/composition_interfaces:/home/sage/microros_ws/install/rcl_interfaces:/home/sage/microros_ws/install/microxrcedds_client:/home/sage/microros_ws/install/microcdr:/home/sage/microros_ws/install/micro_ros_utilities:/home/sage/microros_ws/install/micro_ros_setup:/home/sage/microros_ws/install/micro_ros_agent:/home/sage/microros_ws/install/micro_ros_msgs:/home/sage/microros_ws/install/lifecycle_msgs:/home/sage/microros_ws/install/complex_msgs:/home/sage/microros_ws/install/builtin_interfaces:/home/sage/ros/install/launcher_bringup:/home/sage/microros_ws/install/sensor_msgs_py:/home/sage/ros/install/my_robo:/home/sage/ros/install/cartographer_launch:/home/sage/ros/install/assign:/opt/ros/humble /usr/bin/cmake --install /home/sage/marc_ws/build/yconfig
[1.788s] Level 1:colcon.colcon_core.environment:checking '/home/sage/marc_ws/install/yconfig' for CMake config files
[1.788s] Level 1:colcon.colcon_core.shell:create_environment_hook('yconfig', 'cmake_prefix_path')
[1.789s] INFO:colcon.colcon_core.shell:Creating environment hook '/home/sage/marc_ws/install/yconfig/share/yconfig/hook/cmake_prefix_path.ps1'
[1.789s] INFO:colcon.colcon_core.shell:Creating environment descriptor '/home/sage/marc_ws/install/yconfig/share/yconfig/hook/cmake_prefix_path.dsv'
[1.789s] INFO:colcon.colcon_core.shell:Creating environment hook '/home/sage/marc_ws/install/yconfig/share/yconfig/hook/cmake_prefix_path.sh'
[1.790s] Level 1:colcon.colcon_core.environment:checking '/home/sage/marc_ws/install/yconfig/bin'
[1.790s] Level 1:colcon.colcon_core.environment:checking '/home/sage/marc_ws/install/yconfig/lib/pkgconfig/yconfig.pc'
[1.790s] Level 1:colcon.colcon_core.environment:checking '/home/sage/marc_ws/install/yconfig/lib/python3.10/site-packages'
[1.791s] Level 1:colcon.colcon_core.environment:checking '/home/sage/marc_ws/install/yconfig/bin'
[1.791s] INFO:colcon.colcon_core.shell:Creating package script '/home/sage/marc_ws/install/yconfig/share/yconfig/package.ps1'
[1.791s] INFO:colcon.colcon_core.shell:Creating package descriptor '/home/sage/marc_ws/install/yconfig/share/yconfig/package.dsv'
[1.792s] INFO:colcon.colcon_core.shell:Creating package script '/home/sage/marc_ws/install/yconfig/share/yconfig/package.sh'
[1.792s] INFO:colcon.colcon_core.shell:Creating package script '/home/sage/marc_ws/install/yconfig/share/yconfig/package.bash'
[1.792s] INFO:colcon.colcon_core.shell:Creating package script '/home/sage/marc_ws/install/yconfig/share/yconfig/package.zsh'
[1.792s] Level 1:colcon.colcon_core.environment:create_file_with_runtime_dependencies(/home/sage/marc_ws/install/yconfig/share/colcon-core/packages/yconfig)
[1.822s] Level 1:colcon.colcon_core.environment:create_environment_scripts_only(yconfig)
[1.823s] Level 1:colcon.colcon_core.environment:checking '/home/sage/marc_ws/install/yconfig' for CMake module files
[1.823s] Level 1:colcon.colcon_core.environment:checking '/home/sage/marc_ws/install/yconfig' for CMake config files
[1.823s] Level 1:colcon.colcon_core.shell:create_environment_hook('yconfig', 'cmake_prefix_path')
[1.823s] INFO:colcon.colcon_core.shell:Creating environment hook '/home/sage/marc_ws/install/yconfig/share/yconfig/hook/cmake_prefix_path.ps1'
[1.824s] INFO:colcon.colcon_core.shell:Creating environment descriptor '/home/sage/marc_ws/install/yconfig/share/yconfig/hook/cmake_prefix_path.dsv'
[1.824s] INFO:colcon.colcon_core.shell:Creating environment hook '/home/sage/marc_ws/install/yconfig/share/yconfig/hook/cmake_prefix_path.sh'
[1.825s] Level 1:colcon.colcon_core.environment:checking '/home/sage/marc_ws/install/yconfig/bin'
[1.825s] Level 1:colcon.colcon_core.environment:checking '/home/sage/marc_ws/install/yconfig/lib/pkgconfig/yconfig.pc'
[1.825s] Level 1:colcon.colcon_core.environment:checking '/home/sage/marc_ws/install/yconfig/lib/python3.10/site-packages'
[1.825s] Level 1:colcon.colcon_core.environment:checking '/home/sage/marc_ws/install/yconfig/bin'
[1.825s] INFO:colcon.colcon_core.shell:Creating package script '/home/sage/marc_ws/install/yconfig/share/yconfig/package.ps1'
[1.826s] INFO:colcon.colcon_core.shell:Creating package descriptor '/home/sage/marc_ws/install/yconfig/share/yconfig/package.dsv'
[1.826s] INFO:colcon.colcon_core.shell:Creating package script '/home/sage/marc_ws/install/yconfig/share/yconfig/package.sh'
[1.826s] INFO:colcon.colcon_core.shell:Creating package script '/home/sage/marc_ws/install/yconfig/share/yconfig/package.bash'
[1.827s] INFO:colcon.colcon_core.shell:Creating package script '/home/sage/marc_ws/install/yconfig/share/yconfig/package.zsh'
[1.827s] Level 1:colcon.colcon_core.environment:create_file_with_runtime_dependencies(/home/sage/marc_ws/install/yconfig/share/colcon-core/packages/yconfig)
[1.925s] DEBUG:colcon.colcon_core.event_handler.log_command:Invoked command in '/home/sage/marc_ws/build/arm_config' returned '0': CMAKE_PREFIX_PATH=/home/sage/marc_ws/install/marc:/home/sage/marc_ws/install/arm_config:/home/sage/marc_ws/install/your_moveit_config:/home/sage/marc_ws/install/yconfig:/home/sage/marc_ws/install/ur_moveit_config:/home/sage/marc_ws/install/pymoveit2:/home/sage/marc_ws/install/marc_config:/home/sage/microros_ws/install/micro_ros_demos_rclc:/home/sage/microros_ws/install/common_interfaces:/home/sage/microros_ws/install/visualization_msgs:/home/sage/microros_ws/install/test_msgs:/home/sage/microros_ws/install/example_interfaces:/home/sage/microros_ws/install/action_msgs:/home/sage/microros_ws/install/unique_identifier_msgs:/home/sage/microros_ws/install/trajectory_msgs:/home/sage/microros_ws/install/stereo_msgs:/home/sage/microros_ws/install/std_srvs:/home/sage/microros_ws/install/shape_msgs:/home/sage/microros_ws/install/sensor_msgs:/home/sage/microros_ws/install/nav_msgs:/home/sage/microros_ws/install/diagnostic_msgs:/home/sage/microros_ws/install/geometry_msgs:/home/sage/microros_ws/install/actionlib_msgs:/home/sage/microros_ws/install/std_msgs:/home/sage/microros_ws/install/statistics_msgs:/home/sage/microros_ws/install/rosidl_typesupport_microxrcedds_test_msg:/home/sage/microros_ws/install/rosidl_typesupport_microxrcedds_cpp_tests:/home/sage/microros_ws/install/rmw_microxrcedds:/home/sage/microros_ws/install/rosidl_typesupport_microxrcedds_cpp:/home/sage/microros_ws/install/rosidl_typesupport_microxrcedds_c_tests:/home/sage/microros_ws/install/rosidl_typesupport_microxrcedds_c:/home/sage/microros_ws/install/rosgraph_msgs:/home/sage/microros_ws/install/rclc_parameter:/home/sage/microros_ws/install/rclc:/home/sage/microros_ws/install/composition_interfaces:/home/sage/microros_ws/install/rcl_interfaces:/home/sage/microros_ws/install/microxrcedds_client:/home/sage/microros_ws/install/microcdr:/home/sage/microros_ws/install/micro_ros_utilities:/home/sage/microros_ws/install/micro_ros_setup:/home/sage/microros_ws/install/micro_ros_agent:/home/sage/microros_ws/install/micro_ros_msgs:/home/sage/microros_ws/install/lifecycle_msgs:/home/sage/microros_ws/install/complex_msgs:/home/sage/microros_ws/install/builtin_interfaces:/home/sage/ros/install/launcher_bringup:/home/sage/microros_ws/install/sensor_msgs_py:/home/sage/ros/install/my_robo:/home/sage/ros/install/cartographer_launch:/home/sage/ros/install/assign:/opt/ros/humble /usr/bin/cmake --build /home/sage/marc_ws/build/arm_config -- -j16 -l16
[1.953s] DEBUG:colcon.colcon_core.event_handler.log_command:Invoking command in '/home/sage/marc_ws/build/arm_config': CMAKE_PREFIX_PATH=/home/sage/marc_ws/install/marc:/home/sage/marc_ws/install/arm_config:/home/sage/marc_ws/install/your_moveit_config:/home/sage/marc_ws/install/yconfig:/home/sage/marc_ws/install/ur_moveit_config:/home/sage/marc_ws/install/pymoveit2:/home/sage/marc_ws/install/marc_config:/home/sage/microros_ws/install/micro_ros_demos_rclc:/home/sage/microros_ws/install/common_interfaces:/home/sage/microros_ws/install/visualization_msgs:/home/sage/microros_ws/install/test_msgs:/home/sage/microros_ws/install/example_interfaces:/home/sage/microros_ws/install/action_msgs:/home/sage/microros_ws/install/unique_identifier_msgs:/home/sage/microros_ws/install/trajectory_msgs:/home/sage/microros_ws/install/stereo_msgs:/home/sage/microros_ws/install/std_srvs:/home/sage/microros_ws/install/shape_msgs:/home/sage/microros_ws/install/sensor_msgs:/home/sage/microros_ws/install/nav_msgs:/home/sage/microros_ws/install/diagnostic_msgs:/home/sage/microros_ws/install/geometry_msgs:/home/sage/microros_ws/install/actionlib_msgs:/home/sage/microros_ws/install/std_msgs:/home/sage/microros_ws/install/statistics_msgs:/home/sage/microros_ws/install/rosidl_typesupport_microxrcedds_test_msg:/home/sage/microros_ws/install/rosidl_typesupport_microxrcedds_cpp_tests:/home/sage/microros_ws/install/rmw_microxrcedds:/home/sage/microros_ws/install/rosidl_typesupport_microxrcedds_cpp:/home/sage/microros_ws/install/rosidl_typesupport_microxrcedds_c_tests:/home/sage/microros_ws/install/rosidl_typesupport_microxrcedds_c:/home/sage/microros_ws/install/rosgraph_msgs:/home/sage/microros_ws/install/rclc_parameter:/home/sage/microros_ws/install/rclc:/home/sage/microros_ws/install/composition_interfaces:/home/sage/microros_ws/install/rcl_interfaces:/home/sage/microros_ws/install/microxrcedds_client:/home/sage/microros_ws/install/microcdr:/home/sage/microros_ws/install/micro_ros_utilities:/home/sage/microros_ws/install/micro_ros_setup:/home/sage/microros_ws/install/micro_ros_agent:/home/sage/microros_ws/install/micro_ros_msgs:/home/sage/microros_ws/install/lifecycle_msgs:/home/sage/microros_ws/install/complex_msgs:/home/sage/microros_ws/install/builtin_interfaces:/home/sage/ros/install/launcher_bringup:/home/sage/microros_ws/install/sensor_msgs_py:/home/sage/ros/install/my_robo:/home/sage/ros/install/cartographer_launch:/home/sage/ros/install/assign:/opt/ros/humble /usr/bin/cmake --install /home/sage/marc_ws/build/arm_config
[1.964s] Level 1:colcon.colcon_core.environment:create_environment_scripts_only(arm_config)
[1.964s] DEBUG:colcon.colcon_core.event_handler.log_command:Invoked command in '/home/sage/marc_ws/build/arm_config' returned '0': CMAKE_PREFIX_PATH=/home/sage/marc_ws/install/marc:/home/sage/marc_ws/install/arm_config:/home/sage/marc_ws/install/your_moveit_config:/home/sage/marc_ws/install/yconfig:/home/sage/marc_ws/install/ur_moveit_config:/home/sage/marc_ws/install/pymoveit2:/home/sage/marc_ws/install/marc_config:/home/sage/microros_ws/install/micro_ros_demos_rclc:/home/sage/microros_ws/install/common_interfaces:/home/sage/microros_ws/install/visualization_msgs:/home/sage/microros_ws/install/test_msgs:/home/sage/microros_ws/install/example_interfaces:/home/sage/microros_ws/install/action_msgs:/home/sage/microros_ws/install/unique_identifier_msgs:/home/sage/microros_ws/install/trajectory_msgs:/home/sage/microros_ws/install/stereo_msgs:/home/sage/microros_ws/install/std_srvs:/home/sage/microros_ws/install/shape_msgs:/home/sage/microros_ws/install/sensor_msgs:/home/sage/microros_ws/install/nav_msgs:/home/sage/microros_ws/install/diagnostic_msgs:/home/sage/microros_ws/install/geometry_msgs:/home/sage/microros_ws/install/actionlib_msgs:/home/sage/microros_ws/install/std_msgs:/home/sage/microros_ws/install/statistics_msgs:/home/sage/microros_ws/install/rosidl_typesupport_microxrcedds_test_msg:/home/sage/microros_ws/install/rosidl_typesupport_microxrcedds_cpp_tests:/home/sage/microros_ws/install/rmw_microxrcedds:/home/sage/microros_ws/install/rosidl_typesupport_microxrcedds_cpp:/home/sage/microros_ws/install/rosidl_typesupport_microxrcedds_c_tests:/home/sage/microros_ws/install/rosidl_typesupport_microxrcedds_c:/home/sage/microros_ws/install/rosgraph_msgs:/home/sage/microros_ws/install/rclc_parameter:/home/sage/microros_ws/install/rclc:/home/sage/microros_ws/install/composition_interfaces:/home/sage/microros_ws/install/rcl_interfaces:/home/sage/microros_ws/install/microxrcedds_client:/home/sage/microros_ws/install/microcdr:/home/sage/microros_ws/install/micro_ros_utilities:/home/sage/microros_ws/install/micro_ros_setup:/home/sage/microros_ws/install/micro_ros_agent:/home/sage/microros_ws/install/micro_ros_msgs:/home/sage/microros_ws/install/lifecycle_msgs:/home/sage/microros_ws/install/complex_msgs:/home/sage/microros_ws/install/builtin_interfaces:/home/sage/ros/install/launcher_bringup:/home/sage/microros_ws/install/sensor_msgs_py:/home/sage/ros/install/my_robo:/home/sage/ros/install/cartographer_launch:/home/sage/ros/install/assign:/opt/ros/humble /usr/bin/cmake --install /home/sage/marc_ws/build/arm_config
[1.964s] Level 1:colcon.colcon_core.environment:checking '/home/sage/marc_ws/install/arm_config' for CMake module files
[1.965s] Level 1:colcon.colcon_core.environment:checking '/home/sage/marc_ws/install/arm_config' for CMake config files
[1.965s] Level 1:colcon.colcon_core.shell:create_environment_hook('arm_config', 'cmake_prefix_path')
[1.965s] INFO:colcon.colcon_core.shell:Creating environment hook '/home/sage/marc_ws/install/arm_config/share/arm_config/hook/cmake_prefix_path.ps1'
[1.965s] INFO:colcon.colcon_core.shell:Creating environment descriptor '/home/sage/marc_ws/install/arm_config/share/arm_config/hook/cmake_prefix_path.dsv'
[1.965s] INFO:colcon.colcon_core.shell:Creating environment hook '/home/sage/marc_ws/install/arm_config/share/arm_config/hook/cmake_prefix_path.sh'
[1.966s] Level 1:colcon.colcon_core.environment:checking '/home/sage/marc_ws/install/arm_config/bin'
[1.966s] Level 1:colcon.colcon_core.environment:checking '/home/sage/marc_ws/install/arm_config/lib/pkgconfig/arm_config.pc'
[1.966s] Level 1:colcon.colcon_core.environment:checking '/home/sage/marc_ws/install/arm_config/lib/python3.10/site-packages'
[1.966s] Level 1:colcon.colcon_core.environment:checking '/home/sage/marc_ws/install/arm_config/bin'
[1.966s] INFO:colcon.colcon_core.shell:Creating package script '/home/sage/marc_ws/install/arm_config/share/arm_config/package.ps1'
[1.966s] INFO:colcon.colcon_core.shell:Creating package descriptor '/home/sage/marc_ws/install/arm_config/share/arm_config/package.dsv'
[1.966s] INFO:colcon.colcon_core.shell:Creating package script '/home/sage/marc_ws/install/arm_config/share/arm_config/package.sh'
[1.966s] INFO:colcon.colcon_core.shell:Creating package script '/home/sage/marc_ws/install/arm_config/share/arm_config/package.bash'
[1.967s] INFO:colcon.colcon_core.shell:Creating package script '/home/sage/marc_ws/install/arm_config/share/arm_config/package.zsh'
[1.967s] Level 1:colcon.colcon_core.environment:create_file_with_runtime_dependencies(/home/sage/marc_ws/install/arm_config/share/colcon-core/packages/arm_config)
[1.997s] Level 1:colcon.colcon_core.environment:create_environment_scripts_only(arm_config)
[1.997s] Level 1:colcon.colcon_core.environment:checking '/home/sage/marc_ws/install/arm_config' for CMake module files
[1.998s] Level 1:colcon.colcon_core.environment:checking '/home/sage/marc_ws/install/arm_config' for CMake config files
[1.998s] Level 1:colcon.colcon_core.shell:create_environment_hook('arm_config', 'cmake_prefix_path')
[1.998s] INFO:colcon.colcon_core.shell:Creating environment hook '/home/sage/marc_ws/install/arm_config/share/arm_config/hook/cmake_prefix_path.ps1'
[1.998s] INFO:colcon.colcon_core.shell:Creating environment descriptor '/home/sage/marc_ws/install/arm_config/share/arm_config/hook/cmake_prefix_path.dsv'
[1.998s] INFO:colcon.colcon_core.shell:Creating environment hook '/home/sage/marc_ws/install/arm_config/share/arm_config/hook/cmake_prefix_path.sh'
[1.999s] Level 1:colcon.colcon_core.environment:checking '/home/sage/marc_ws/install/arm_config/bin'
[1.999s] Level 1:colcon.colcon_core.environment:checking '/home/sage/marc_ws/install/arm_config/lib/pkgconfig/arm_config.pc'
[1.999s] Level 1:colcon.colcon_core.environment:checking '/home/sage/marc_ws/install/arm_config/lib/python3.10/site-packages'
[1.999s] Level 1:colcon.colcon_core.environment:checking '/home/sage/marc_ws/install/arm_config/bin'
[1.999s] INFO:colcon.colcon_core.shell:Creating package script '/home/sage/marc_ws/install/arm_config/share/arm_config/package.ps1'
[1.999s] INFO:colcon.colcon_core.shell:Creating package descriptor '/home/sage/marc_ws/install/arm_config/share/arm_config/package.dsv'
[2.000s] INFO:colcon.colcon_core.shell:Creating package script '/home/sage/marc_ws/install/arm_config/share/arm_config/package.sh'
[2.000s] INFO:colcon.colcon_core.shell:Creating package script '/home/sage/marc_ws/install/arm_config/share/arm_config/package.bash'
[2.000s] INFO:colcon.colcon_core.shell:Creating package script '/home/sage/marc_ws/install/arm_config/share/arm_config/package.zsh'
[2.000s] Level 1:colcon.colcon_core.environment:create_file_with_runtime_dependencies(/home/sage/marc_ws/install/arm_config/share/colcon-core/packages/arm_config)
[2.000s] DEBUG:colcon.colcon_parallel_executor.executor.parallel:closing loop
[2.000s] DEBUG:colcon.colcon_parallel_executor.executor.parallel:loop closed
[2.000s] DEBUG:colcon.colcon_parallel_executor.executor.parallel:run_until_complete finished with '0'
[2.000s] DEBUG:colcon.colcon_core.event_reactor:joining thread
[2.005s] INFO:colcon.colcon_core.plugin_system:Skipping extension 'colcon_notification.desktop_notification.terminal_notifier': Not used on non-Darwin systems
[2.005s] INFO:colcon.colcon_core.plugin_system:Skipping extension 'colcon_notification.desktop_notification.win32': Not used on non-Windows systems
[2.005s] INFO:colcon.colcon_notification.desktop_notification:Sending desktop notification using 'notify2'
[2.013s] DEBUG:colcon.colcon_core.event_reactor:joined thread
[2.013s] INFO:colcon.colcon_core.shell:Creating prefix script '/home/sage/marc_ws/install/local_setup.ps1'
[2.014s] INFO:colcon.colcon_core.shell:Creating prefix util module '/home/sage/marc_ws/install/_local_setup_util_ps1.py'
[2.014s] INFO:colcon.colcon_core.shell:Creating prefix chain script '/home/sage/marc_ws/install/setup.ps1'
[2.016s] INFO:colcon.colcon_core.shell:Creating prefix script '/home/sage/marc_ws/install/local_setup.sh'
[2.016s] INFO:colcon.colcon_core.shell:Creating prefix util module '/home/sage/marc_ws/install/_local_setup_util_sh.py'
[2.016s] INFO:colcon.colcon_core.shell:Creating prefix chain script '/home/sage/marc_ws/install/setup.sh'
[2.017s] INFO:colcon.colcon_core.shell:Creating prefix script '/home/sage/marc_ws/install/local_setup.bash'
[2.017s] INFO:colcon.colcon_core.shell:Creating prefix chain script '/home/sage/marc_ws/install/setup.bash'
[2.019s] INFO:colcon.colcon_core.shell:Creating prefix script '/home/sage/marc_ws/install/local_setup.zsh'
[2.019s] INFO:colcon.colcon_core.shell:Creating prefix chain script '/home/sage/marc_ws/install/setup.zsh'
