-- Install configuration: ""
-- Up-to-date: /home/sage/marc_ws/install/marc/share/marc/urdf
-- Up-to-date: /home/sage/marc_ws/install/marc/share/marc/urdf/marc.urdf
-- Up-to-date: /home/sage/marc_ws/install/marc/share/marc/urdf/marc.csv
-- Up-to-date: /home/sage/marc_ws/install/marc/share/marc/meshes
-- Up-to-date: /home/sage/marc_ws/install/marc/share/marc/meshes/wrist_link.STL
-- Up-to-date: /home/sage/marc_ws/install/marc/share/marc/meshes/upper_arm_link.STL
-- Up-to-date: /home/sage/marc_ws/install/marc/share/marc/meshes/base_link.STL
-- Up-to-date: /home/sage/marc_ws/install/marc/share/marc/meshes/elbow_link.STL
-- Up-to-date: /home/sage/marc_ws/install/marc/share/marc/meshes/ee_link.STL
-- Up-to-date: /home/sage/marc_ws/install/marc/share/marc/meshes/shoulder_link.STL
-- Up-to-date: /home/sage/marc_ws/install/marc/share/marc/launch
-- Up-to-date: /home/sage/marc_ws/install/marc/share/marc/launch/display.launch
-- Up-to-date: /home/sage/marc_ws/install/marc/share/marc/launch/gazebo.launch
-- Up-to-date: /home/sage/marc_ws/install/marc/lib/marc/detector_click.py
-- Up-to-date: /home/sage/marc_ws/install/marc/share/ament_index/resource_index/package_run_dependencies/marc
-- Up-to-date: /home/sage/marc_ws/install/marc/share/ament_index/resource_index/parent_prefix_path/marc
-- Up-to-date: /home/sage/marc_ws/install/marc/share/marc/environment/ament_prefix_path.sh
-- Up-to-date: /home/sage/marc_ws/install/marc/share/marc/environment/ament_prefix_path.dsv
-- Up-to-date: /home/sage/marc_ws/install/marc/share/marc/environment/path.sh
-- Up-to-date: /home/sage/marc_ws/install/marc/share/marc/environment/path.dsv
-- Up-to-date: /home/sage/marc_ws/install/marc/share/marc/local_setup.bash
-- Up-to-date: /home/sage/marc_ws/install/marc/share/marc/local_setup.sh
-- Up-to-date: /home/sage/marc_ws/install/marc/share/marc/local_setup.zsh
-- Up-to-date: /home/sage/marc_ws/install/marc/share/marc/local_setup.dsv
-- Up-to-date: /home/sage/marc_ws/install/marc/share/marc/package.dsv
-- Up-to-date: /home/sage/marc_ws/install/marc/share/ament_index/resource_index/packages/marc
-- Up-to-date: /home/sage/marc_ws/install/marc/share/marc/cmake/marcConfig.cmake
-- Up-to-date: /home/sage/marc_ws/install/marc/share/marc/cmake/marcConfig-version.cmake
-- Up-to-date: /home/sage/marc_ws/install/marc/share/marc/package.xml
