[0.007s] Invoking command in '/home/batman/marc/build/marc': CFLAGS=-I/usr/local/cuda-12.4/include CMAKE_PREFIX_PATH=${CMAKE_PREFIX_PATH}:/opt/ros/humble /usr/bin/cmake --build /home/batman/marc/build/marc -- -j16 -l16
[0.054s] Invoked command in '/home/batman/marc/build/marc' returned '0': CFLAGS=-I/usr/local/cuda-12.4/include CMAKE_PREFIX_PATH=${CMAKE_PREFIX_PATH}:/opt/ros/humble /usr/bin/cmake --build /home/batman/marc/build/marc -- -j16 -l16
[0.066s] Invoking command in '/home/batman/marc/build/marc': CFLAGS=-I/usr/local/cuda-12.4/include CMAKE_PREFIX_PATH=${CMAKE_PREFIX_PATH}:/opt/ros/humble /usr/bin/cmake --install /home/batman/marc/build/marc
[0.074s] -- Install configuration: ""
[0.075s] -- Up-to-date: /home/batman/marc/install/marc/share/marc/urdf
[0.075s] -- Up-to-date: /home/batman/marc/install/marc/share/marc/urdf/marc.csv
[0.075s] -- Up-to-date: /home/batman/marc/install/marc/share/marc/urdf/marc.urdf
[0.075s] -- Up-to-date: /home/batman/marc/install/marc/share/marc/meshes
[0.075s] -- Up-to-date: /home/batman/marc/install/marc/share/marc/meshes/shoulder_link.STL
[0.075s] -- Up-to-date: /home/batman/marc/install/marc/share/marc/meshes/base_link.STL
[0.075s] -- Up-to-date: /home/batman/marc/install/marc/share/marc/meshes/ee_link.STL
[0.075s] -- Up-to-date: /home/batman/marc/install/marc/share/marc/meshes/upper_arm_link.STL
[0.075s] -- Up-to-date: /home/batman/marc/install/marc/share/marc/meshes/elbow_link.STL
[0.075s] -- Up-to-date: /home/batman/marc/install/marc/share/marc/meshes/wrist_link.STL
[0.075s] -- Up-to-date: /home/batman/marc/install/marc/share/marc/launch
[0.075s] -- Up-to-date: /home/batman/marc/install/marc/share/marc/launch/display.launch
[0.075s] -- Up-to-date: /home/batman/marc/install/marc/share/marc/launch/gazebo.launch
[0.075s] -- Up-to-date: /home/batman/marc/install/marc/lib/marc/detector_click.py
[0.075s] -- Up-to-date: /home/batman/marc/install/marc/share/ament_index/resource_index/package_run_dependencies/marc
[0.075s] -- Up-to-date: /home/batman/marc/install/marc/share/ament_index/resource_index/parent_prefix_path/marc
[0.076s] -- Up-to-date: /home/batman/marc/install/marc/share/marc/environment/ament_prefix_path.sh
[0.076s] -- Up-to-date: /home/batman/marc/install/marc/share/marc/environment/ament_prefix_path.dsv
[0.076s] -- Up-to-date: /home/batman/marc/install/marc/share/marc/environment/path.sh
[0.076s] -- Up-to-date: /home/batman/marc/install/marc/share/marc/environment/path.dsv
[0.076s] -- Up-to-date: /home/batman/marc/install/marc/share/marc/local_setup.bash
[0.076s] -- Up-to-date: /home/batman/marc/install/marc/share/marc/local_setup.sh
[0.076s] -- Up-to-date: /home/batman/marc/install/marc/share/marc/local_setup.zsh
[0.076s] -- Up-to-date: /home/batman/marc/install/marc/share/marc/local_setup.dsv
[0.076s] -- Up-to-date: /home/batman/marc/install/marc/share/marc/package.dsv
[0.076s] -- Up-to-date: /home/batman/marc/install/marc/share/ament_index/resource_index/packages/marc
[0.076s] -- Up-to-date: /home/batman/marc/install/marc/share/marc/cmake/marcConfig.cmake
[0.076s] -- Up-to-date: /home/batman/marc/install/marc/share/marc/cmake/marcConfig-version.cmake
[0.076s] -- Up-to-date: /home/batman/marc/install/marc/share/marc/package.xml
[0.078s] Invoked command in '/home/batman/marc/build/marc' returned '0': CFLAGS=-I/usr/local/cuda-12.4/include CMAKE_PREFIX_PATH=${CMAKE_PREFIX_PATH}:/opt/ros/humble /usr/bin/cmake --install /home/batman/marc/build/marc
